#
# There is insufficient memory for the Java Runtime Environment to continue.
# Native memory allocation (malloc) failed to allocate 1824432 bytes. Error detail: Chunk::new
# Possible reasons:
#   The system is out of physical RAM or swap space
#   This process is running with CompressedOops enabled, and the Java Heap may be blocking the growth of the native heap
# Possible solutions:
#   Reduce memory load on the system
#   Increase physical memory or swap space
#   Check if swap backing store is full
#   Decrease Java heap size (-Xmx/-Xms)
#   Decrease number of Java threads
#   Decrease Java thread stack sizes (-Xss)
#   Set larger code cache with -XX:ReservedCodeCacheSize=
#   JVM is running with Unscaled Compressed Oops mode in which the Java heap is
#     placed in the first 4GB address space. The Java Heap base address is the
#     maximum limit for the native heap growth. Please use -XX:HeapBaseMinAddress
#     to set the Java Heap base and to place the Java Heap above 4GB virtual address.
# This output file may be truncated or incomplete.
#
#  Out of Memory Error (arena.cpp:168), pid=14328, tid=24088
#
# JRE version: OpenJDK Runtime Environment Temurin-21.0.9+10 (21.0.9+10) (build 21.0.9+10-LTS)
# Java VM: OpenJDK 64-Bit Server VM Temurin-21.0.9+10 (21.0.9+10-LTS, mixed mode, sharing, tiered, compressed oops, compressed class ptrs, parallel gc, windows-amd64)
# No core dump will be written. Minidumps are not enabled by default on client versions of Windows
#

---------------  S U M M A R Y ------------

Command Line: --add-modules=ALL-SYSTEM --add-opens=java.base/java.util=ALL-UNNAMED --add-opens=java.base/java.lang=ALL-UNNAMED --add-opens=java.base/sun.nio.fs=ALL-UNNAMED -Declipse.application=org.eclipse.jdt.ls.core.id1 -Dosgi.bundles.defaultStartLevel=4 -Declipse.product=org.eclipse.jdt.ls.core.product -Djava.import.generatesMetadataFilesAtProjectRoot=false -DDetectVMInstallationsJob.disabled=true -Dfile.encoding=utf8 -XX:+UseParallelGC -XX:GCTimeRatio=4 -XX:AdaptiveSizePolicyWeight=90 -Dsun.zip.disableMemoryMapping=true -Xmx2G -Xms100m -Xlog:disable -javaagent:c:\Users\ajay2\.antigravity\extensions\redhat.java-1.52.0-win32-x64\lombok\lombok-1.18.39-4050.jar -XX:+HeapDumpOnOutOfMemoryError -XX:HeapDumpPath=c:\Users\ajay2\AppData\Roaming\Antigravity\User\workspaceStorage\4be7e5e65e2b3b0b3c1b3c934486c54e\redhat.java -Daether.dependencyCollector.impl=bf c:\Users\ajay2\.antigravity\extensions\redhat.java-1.52.0-win32-x64\server\plugins\org.eclipse.equinox.launcher_1.7.100.v20251111-0406.jar -configuration c:\Users\ajay2\AppData\Roaming\Antigravity\User\globalStorage\redhat.java\1.52.0\config_win -data c:\Users\ajay2\AppData\Roaming\Antigravity\User\workspaceStorage\4be7e5e65e2b3b0b3c1b3c934486c54e\redhat.java\jdt_ws --pipe=\\.\pipe\lsp-3cd0098194c526a4745f321e01538d64-sock

Host: AMD Ryzen 5 7535HS with Radeon Graphics        , 12 cores, 7G,  Windows 11 , 64 bit Build 26100 (10.0.26100.7705)
Time: Fri Feb 13 15:28:50 2026 India Standard Time elapsed time: 7.792709 seconds (0d 0h 0m 7s)

---------------  T H R E A D  ---------------

Current thread (0x00000212e84b25a0):  JavaThread "C2 CompilerThread1" daemon [_thread_in_native, id=24088, stack(0x0000008340600000,0x0000008340700000) (1024K)]


Current CompileTask:
C2:7792 5224       4       java.lang.invoke.MethodType::makeImpl (109 bytes)

Stack: [0x0000008340600000,0x0000008340700000]
Native frames: (J=compiled Java code, j=interpreted, Vv=VM code, C=native code)
V  [jvm.dll+0x6d6e29]
V  [jvm.dll+0x8b4b76]
V  [jvm.dll+0x8b712e]
V  [jvm.dll+0x8b7813]
V  [jvm.dll+0x283d86]
V  [jvm.dll+0xc66ed]
V  [jvm.dll+0xc6c31]
V  [jvm.dll+0x3be53b]
V  [jvm.dll+0x38ab92]
V  [jvm.dll+0x389fda]
V  [jvm.dll+0x24bfa0]
V  [jvm.dll+0x24b580]
V  [jvm.dll+0x1cb13e]
V  [jvm.dll+0x25b29d]
V  [jvm.dll+0x25982a]
V  [jvm.dll+0x3f7ea6]
V  [jvm.dll+0x85e9ad]
V  [jvm.dll+0x6d565d]
C  [ucrtbase.dll+0x37b0]
C  [KERNEL32.DLL+0x2e8d7]
C  [ntdll.dll+0x8c40c]


---------------  P R O C E S S  ---------------

Threads class SMR info:
_java_thread_list=0x00000212e8519d20, length=42, elements={
0x000002128941bb10, 0x00000212893cd710, 0x00000212893ce870, 0x00000212894c5680,
0x00000212894c81e0, 0x00000212894ca190, 0x00000212894d0860, 0x00000212894d9e10,
0x00000212e2133f90, 0x00000212e2329c70, 0x00000212e235c480, 0x00000212e3380590,
0x00000212e344a590, 0x00000212e363ddf0, 0x00000212e363f030, 0x00000212e8489ad0,
0x00000212e8121ba0, 0x00000212e84c9980, 0x00000212e838ce20, 0x00000212e8d135f0,
0x00000212e8d12f60, 0x00000212e8d10800, 0x00000212e8d11520, 0x00000212e8d12240,
0x00000212e8d10e90, 0x00000212e8d10170, 0x00000212e8d128d0, 0x00000212e8d11bb0,
0x00000212ea46e160, 0x00000212ea46f510, 0x00000212ea46cdb0, 0x00000212ea4708c0,
0x00000212ea46ee80, 0x00000212ea46fba0, 0x00000212ea46dad0, 0x00000212ea470230,
0x00000212ea46d440, 0x00000212ea471c70, 0x00000212e84b25a0, 0x00000212ea470f50,
0x00000212ea4715e0, 0x00000212ea46e7f0
}

Java Threads: ( => current thread )
  0x000002128941bb10 JavaThread "main"                              [_thread_blocked, id=28444, stack(0x000000833d200000,0x000000833d300000) (1024K)]
  0x00000212893cd710 JavaThread "Reference Handler"          daemon [_thread_blocked, id=14876, stack(0x000000833d600000,0x000000833d700000) (1024K)]
  0x00000212893ce870 JavaThread "Finalizer"                  daemon [_thread_blocked, id=26816, stack(0x000000833d700000,0x000000833d800000) (1024K)]
  0x00000212894c5680 JavaThread "Signal Dispatcher"          daemon [_thread_blocked, id=11232, stack(0x000000833d800000,0x000000833d900000) (1024K)]
  0x00000212894c81e0 JavaThread "Attach Listener"            daemon [_thread_blocked, id=28968, stack(0x000000833d900000,0x000000833da00000) (1024K)]
  0x00000212894ca190 JavaThread "Service Thread"             daemon [_thread_blocked, id=14256, stack(0x000000833da00000,0x000000833db00000) (1024K)]
  0x00000212894d0860 JavaThread "Monitor Deflation Thread"   daemon [_thread_blocked, id=7448, stack(0x000000833db00000,0x000000833dc00000) (1024K)]
  0x00000212894d9e10 JavaThread "C2 CompilerThread0"         daemon [_thread_in_native, id=28636, stack(0x000000833dc00000,0x000000833dd00000) (1024K)]
  0x00000212e2133f90 JavaThread "C1 CompilerThread0"         daemon [_thread_blocked, id=28812, stack(0x000000833dd00000,0x000000833de00000) (1024K)]
  0x00000212e2329c70 JavaThread "Common-Cleaner"             daemon [_thread_blocked, id=29132, stack(0x000000833de00000,0x000000833df00000) (1024K)]
  0x00000212e235c480 JavaThread "Notification Thread"        daemon [_thread_blocked, id=19524, stack(0x000000833df00000,0x000000833e000000) (1024K)]
  0x00000212e3380590 JavaThread "Active Thread: Equinox Container: 928f0ef6-91c6-4145-a04e-b2633c5e1e22"        [_thread_blocked, id=28704, stack(0x000000833e600000,0x000000833e700000) (1024K)]
  0x00000212e344a590 JavaThread "Refresh Thread: Equinox Container: 928f0ef6-91c6-4145-a04e-b2633c5e1e22" daemon [_thread_blocked, id=29208, stack(0x000000833e800000,0x000000833e900000) (1024K)]
  0x00000212e363ddf0 JavaThread "Framework Event Dispatcher: Equinox Container: 928f0ef6-91c6-4145-a04e-b2633c5e1e22" daemon [_thread_blocked, id=11448, stack(0x000000833e900000,0x000000833ea00000) (1024K)]
  0x00000212e363f030 JavaThread "Start Level: Equinox Container: 928f0ef6-91c6-4145-a04e-b2633c5e1e22" daemon [_thread_blocked, id=26048, stack(0x000000833ea00000,0x000000833eb00000) (1024K)]
  0x00000212e8489ad0 JavaThread "Bundle File Closer"         daemon [_thread_blocked, id=5508, stack(0x000000833ed00000,0x000000833ee00000) (1024K)]
  0x00000212e8121ba0 JavaThread "SCR Component Actor"        daemon [_thread_blocked, id=7128, stack(0x000000833ee00000,0x000000833ef00000) (1024K)]
  0x00000212e84c9980 JavaThread "Worker-JM"                         [_thread_blocked, id=31584, stack(0x000000833ef00000,0x000000833f000000) (1024K)]
  0x00000212e838ce20 JavaThread "JNA Cleaner"                daemon [_thread_blocked, id=19228, stack(0x000000833f000000,0x000000833f100000) (1024K)]
  0x00000212e8d135f0 JavaThread "Worker-0: Initialize After Load"        [_thread_blocked, id=16320, stack(0x000000833f100000,0x000000833f200000) (1024K)]
  0x00000212e8d12f60 JavaThread "Worker-1"                          [_thread_blocked, id=5568, stack(0x000000833f200000,0x000000833f300000) (1024K)]
  0x00000212e8d10800 JavaThread "Java indexing"              daemon [_thread_blocked, id=11580, stack(0x000000833f300000,0x000000833f400000) (1024K)]
  0x00000212e8d11520 JavaThread "Worker-2: Repository registry initialization"        [_thread_blocked, id=27716, stack(0x000000833f600000,0x000000833f700000) (1024K)]
  0x00000212e8d12240 JavaThread "Worker-3: Updating Maven Dependencies"        [_thread_in_vm, id=23084, stack(0x000000833f700000,0x000000833f800000) (1024K)]
  0x00000212e8d10e90 JavaThread "Thread-1"                   daemon [_thread_in_native, id=1776, stack(0x000000833f800000,0x000000833f900000) (1024K)]
  0x00000212e8d10170 JavaThread "Thread-2"                   daemon [_thread_in_native, id=23400, stack(0x000000833f900000,0x000000833fa00000) (1024K)]
  0x00000212e8d128d0 JavaThread "Thread-3"                   daemon [_thread_in_native, id=27292, stack(0x000000833fa00000,0x000000833fb00000) (1024K)]
  0x00000212e8d11bb0 JavaThread "Thread-4"                   daemon [_thread_in_native, id=20700, stack(0x000000833fb00000,0x000000833fc00000) (1024K)]
  0x00000212ea46e160 JavaThread "Thread-5"                   daemon [_thread_in_native, id=11644, stack(0x000000833fc00000,0x000000833fd00000) (1024K)]
  0x00000212ea46f510 JavaThread "Thread-6"                   daemon [_thread_in_native, id=30800, stack(0x000000833fd00000,0x000000833fe00000) (1024K)]
  0x00000212ea46cdb0 JavaThread "Thread-7"                   daemon [_thread_in_native, id=27852, stack(0x000000833fe00000,0x000000833ff00000) (1024K)]
  0x00000212ea4708c0 JavaThread "Thread-8"                   daemon [_thread_in_native, id=17680, stack(0x000000833ff00000,0x0000008340000000) (1024K)]
  0x00000212ea46ee80 JavaThread "Thread-9"                   daemon [_thread_in_native, id=2080, stack(0x0000008340000000,0x0000008340100000) (1024K)]
  0x00000212ea46fba0 JavaThread "Thread-10"                  daemon [_thread_in_native, id=24516, stack(0x0000008340100000,0x0000008340200000) (1024K)]
  0x00000212ea46dad0 JavaThread "Thread-11"                  daemon [_thread_in_native, id=12368, stack(0x0000008340200000,0x0000008340300000) (1024K)]
  0x00000212ea470230 JavaThread "Thread-12"                  daemon [_thread_in_native, id=16788, stack(0x0000008340300000,0x0000008340400000) (1024K)]
  0x00000212ea46d440 JavaThread "Thread-13"                  daemon [_thread_in_native, id=29904, stack(0x0000008340400000,0x0000008340500000) (1024K)]
  0x00000212ea471c70 JavaThread "pool-2-thread-1"                   [_thread_blocked, id=30336, stack(0x0000008340500000,0x0000008340600000) (1024K)]
=>0x00000212e84b25a0 JavaThread "C2 CompilerThread1"         daemon [_thread_in_native, id=24088, stack(0x0000008340600000,0x0000008340700000) (1024K)]
  0x00000212ea470f50 JavaThread "WorkspaceEventsHandler"            [_thread_blocked, id=29160, stack(0x0000008340700000,0x0000008340800000) (1024K)]
  0x00000212ea4715e0 JavaThread "pool-1-thread-1"                   [_thread_blocked, id=3972, stack(0x0000008340800000,0x0000008340900000) (1024K)]
  0x00000212ea46e7f0 JavaThread "Worker-4"                          [_thread_blocked, id=22696, stack(0x0000008340900000,0x0000008340a00000) (1024K)]
Total: 42

Other Threads:
  0x00000212894bea10 VMThread "VM Thread"                           [id=29676, stack(0x000000833d500000,0x000000833d600000) (1024K)]
  0x00000212892aca00 WatcherThread "VM Periodic Task Thread"        [id=23724, stack(0x000000833d400000,0x000000833d500000) (1024K)]
  0x000002128943b100 WorkerThread "GC Thread#0"                     [id=18124, stack(0x000000833d300000,0x000000833d400000) (1024K)]
  0x00000212e333b410 WorkerThread "GC Thread#1"                     [id=29852, stack(0x000000833e000000,0x000000833e100000) (1024K)]
  0x00000212e340df50 WorkerThread "GC Thread#2"                     [id=26420, stack(0x000000833e100000,0x000000833e200000) (1024K)]
  0x00000212e30c28a0 WorkerThread "GC Thread#3"                     [id=12964, stack(0x000000833e200000,0x000000833e300000) (1024K)]
  0x00000212e30c7150 WorkerThread "GC Thread#4"                     [id=31424, stack(0x000000833e300000,0x000000833e400000) (1024K)]
  0x00000212e31bbcc0 WorkerThread "GC Thread#5"                     [id=26320, stack(0x000000833e400000,0x000000833e500000) (1024K)]
  0x00000212e31bcc80 WorkerThread "GC Thread#6"                     [id=14068, stack(0x000000833e500000,0x000000833e600000) (1024K)]
  0x00000212e3645ac0 WorkerThread "GC Thread#7"                     [id=5448, stack(0x000000833e700000,0x000000833e800000) (1024K)]
  0x00000212e388e5d0 WorkerThread "GC Thread#8"                     [id=14408, stack(0x000000833eb00000,0x000000833ec00000) (1024K)]
  0x00000212e388e970 WorkerThread "GC Thread#9"                     [id=31544, stack(0x000000833ec00000,0x000000833ed00000) (1024K)]
Total: 12

Threads with active compile tasks:
C2 CompilerThread0  7834 4498       4       com.google.gson.internal.bind.TypeAdapters$15::read (6 bytes)
C1 CompilerThread0  7834 5331       3       java.util.regex.Pattern::compile (537 bytes)
C2 CompilerThread1  7834 5224       4       java.lang.invoke.MethodType::makeImpl (109 bytes)
Total: 3

VM state: not at safepoint (normal execution)

VM Mutex/Monitor currently owned by a thread: None

Heap address: 0x0000000080000000, size: 2048 MB, Compressed Oops mode: 32-bit

CDS archive(s) mapped at: [0x00000212a0000000-0x00000212a0ba0000-0x00000212a0ba0000), size 12189696, SharedBaseAddress: 0x00000212a0000000, ArchiveRelocationMode: 1.
Compressed class space mapped at: 0x00000212a1000000-0x00000212e1000000, reserved size: 1073741824
Narrow klass base: 0x00000212a0000000, Narrow klass shift: 0, Narrow klass range: 0x100000000

GC Precious Log:
 CardTable entry size: 512
 CPUs: 12 total, 12 available
 Memory: 7498M
 Large Page Support: Disabled
 NUMA Support: Disabled
 Compressed Oops: Enabled (32-bit)
 Alignments: Space 512K, Generation 512K, Heap 2M
 Heap Min Capacity: 100M
 Heap Initial Capacity: 100M
 Heap Max Capacity: 2G
 Pre-touch: Disabled
 Parallel Workers: 10

Heap:
 PSYoungGen      total 23040K, used 21259K [0x00000000d5580000, 0x00000000d7100000, 0x0000000100000000)
  eden space 22016K, 96% used [0x00000000d5580000,0x00000000d6a42f80,0x00000000d6b00000)
  from space 1024K, 0% used [0x00000000d7000000,0x00000000d7000000,0x00000000d7100000)
  to   space 1024K, 0% used [0x00000000d6f00000,0x00000000d6f00000,0x00000000d7000000)
 ParOldGen       total 68608K, used 22905K [0x0000000080000000, 0x0000000084300000, 0x00000000d5580000)
  object space 68608K, 33% used [0x0000000080000000,0x000000008165e4a0,0x0000000084300000)
 Metaspace       used 36698K, committed 37760K, reserved 1114112K
  class space    used 3784K, committed 4224K, reserved 1048576K

Card table byte_map: [0x0000021288dc0000,0x00000212891d0000] _byte_map_base: 0x00000212889c0000

Marking Bits: (ParMarkBitMap*) 0x00007ffecf762460
 Begin Bits: [0x000002129b8d0000, 0x000002129d8d0000)
 End Bits:   [0x000002129d8d0000, 0x000002129f8d0000)

Polling page: 0x0000021287000000

Metaspace:

Usage:
  Non-class:     32.15 MB used.
      Class:      3.70 MB used.
       Both:     35.84 MB used.

Virtual space:
  Non-class space:       64.00 MB reserved,      32.75 MB ( 51%) committed,  1 nodes.
      Class space:        1.00 GB reserved,       4.12 MB ( <1%) committed,  1 nodes.
             Both:        1.06 GB reserved,      36.88 MB (  3%) committed. 

Chunk freelists:
   Non-Class:  14.33 MB
       Class:  11.83 MB
        Both:  26.14 MB

MaxMetaspaceSize: unlimited
CompressedClassSpaceSize: 1.00 GB
Initial GC threshold: 21.00 MB
Current GC threshold: 58.38 MB
CDS: on
 - commit_granule_bytes: 65536.
 - commit_granule_words: 8192.
 - virtual_space_node_default_size: 8388608.
 - enlarge_chunks_in_place: 1.
 - use_allocation_guard: 0.


Internal statistics:

num_allocs_failed_limit: 6.
num_arena_births: 748.
num_arena_deaths: 14.
num_vsnodes_births: 2.
num_vsnodes_deaths: 0.
num_space_committed: 590.
num_space_uncommitted: 0.
num_chunks_returned_to_freelist: 20.
num_chunks_taken_from_freelist: 2311.
num_chunk_merges: 9.
num_chunk_splits: 1448.
num_chunks_enlarged: 872.
num_inconsistent_stats: 0.

CodeHeap 'non-profiled nmethods': size=120000Kb used=1953Kb max_used=2075Kb free=118047Kb
 bounds [0x00000212940f0000, 0x0000021294360000, 0x000002129b620000]
CodeHeap 'profiled nmethods': size=120000Kb used=9326Kb max_used=10244Kb free=110673Kb
 bounds [0x000002128c620000, 0x000002128d030000, 0x0000021293b50000]
CodeHeap 'non-nmethods': size=5760Kb used=1362Kb max_used=1401Kb free=4397Kb
 bounds [0x0000021293b50000, 0x0000021293dc0000, 0x00000212940f0000]
CodeCache: size=245760Kb, used=12641Kb, max_used=13720Kb, free=233117Kb
 total_blobs=5409, nmethods=4751, adapters=564, full_count=0
Compilation: enabled, stopped_count=0, restarted_count=0

Compilation events (20 events):
Event: 6.751 Thread 0x00000212894d9e10 4079       4       lombok.launch.PackageShader::readValue (21 bytes)
Event: 6.751 Thread 0x00000212894d9e10 nmethod 4079 0x0000021294187610 code [0x00000212941877a0, 0x0000021294187880]
Event: 6.751 Thread 0x00000212894d9e10 4094       4       org.lombokweb.asm.ClassReader::readShort (27 bytes)
Event: 6.752 Thread 0x00000212894d9e10 nmethod 4094 0x0000021294187290 code [0x0000021294187420, 0x0000021294187530]
Event: 6.752 Thread 0x00000212894d9e10 4659       4       java.util.ImmutableCollections$ListN::size (6 bytes)
Event: 6.752 Thread 0x00000212894d9e10 nmethod 4659 0x0000021294186f90 code [0x0000021294187120, 0x00000212941871c0]
Event: 6.752 Thread 0x00000212894d9e10 4496       4       com.google.gson.stream.JsonReader::peek (144 bytes)
Event: 6.752 Thread 0x00000212e2133f90 5314       1       org.eclipse.core.internal.dtree.AbstractDataTree::isImmutable (5 bytes)
Event: 6.752 Thread 0x00000212e2133f90 nmethod 5314 0x0000021294186c90 code [0x0000021294186e20, 0x0000021294186ef0]
Event: 6.753 Thread 0x00000212894d9e10 nmethod 4496 0x0000021294165e10 code [0x0000021294165fa0, 0x00000212941660a0]
Event: 6.753 Thread 0x00000212894d9e10 5241       4       java.time.temporal.ValueRange::isValidValue (24 bytes)
Event: 6.753 Thread 0x00000212894d9e10 nmethod 5241 0x0000021294165b10 code [0x0000021294165ca0, 0x0000021294165d88]
Event: 6.753 Thread 0x00000212894d9e10 4497       4       com.google.gson.internal.bind.TypeAdapterRuntimeTypeWrapper::read (9 bytes)
Event: 6.762 Thread 0x00000212e2133f90 5316       3       org.eclipse.osgi.internal.debug.Debug::loaderWithClass (40 bytes)
Event: 6.763 Thread 0x00000212e2133f90 nmethod 5316 0x000002128c88ff10 code [0x000002128c890120, 0x000002128c8906f0]
Event: 6.779 Thread 0x00000212e2133f90 5317       3       java.util.regex.Pattern::DOT (6 bytes)
Event: 6.779 Thread 0x00000212e2133f90 nmethod 5317 0x000002128cac4d90 code [0x000002128cac4f40, 0x000002128cac51b8]
Event: 6.864 Thread 0x00000212e2133f90 5318       3       java.util.regex.Pattern$$Lambda/0x00000212a10681f8::is (5 bytes)
Event: 7.790 Thread 0x00000212e2133f90 nmethod 5318 0x000002128c88fa10 code [0x000002128c88fbc0, 0x000002128c88fe18]
Event: 7.790 Thread 0x00000212e2133f90 5322       3       java.util.regex.Pattern::newSlice (181 bytes)

GC Heap History (20 events):
Event: 5.537 GC heap before
{Heap before GC invocations=7 (full 0):
 PSYoungGen      total 31232K, used 30828K [0x00000000d5580000, 0x00000000d7b80000, 0x0000000100000000)
  eden space 24576K, 98% used [0x00000000d5580000,0x00000000d6d1fe60,0x00000000d6d80000)
  from space 6656K, 99% used [0x00000000d7480000,0x00000000d7afb328,0x00000000d7b00000)
  to   space 7168K, 0% used [0x00000000d6d80000,0x00000000d6d80000,0x00000000d7480000)
 ParOldGen       total 68608K, used 8806K [0x0000000080000000, 0x0000000084300000, 0x00000000d5580000)
  object space 68608K, 12% used [0x0000000080000000,0x0000000080899810,0x0000000084300000)
 Metaspace       used 20677K, committed 21504K, reserved 1114112K
  class space    used 2189K, committed 2560K, reserved 1048576K
}
Event: 5.541 GC heap after
{Heap after GC invocations=7 (full 0):
 PSYoungGen      total 31232K, used 6168K [0x00000000d5580000, 0x00000000d7a80000, 0x0000000100000000)
  eden space 24576K, 0% used [0x00000000d5580000,0x00000000d5580000,0x00000000d6d80000)
  from space 6656K, 92% used [0x00000000d6d80000,0x00000000d73863c0,0x00000000d7400000)
  to   space 6656K, 0% used [0x00000000d7400000,0x00000000d7400000,0x00000000d7a80000)
 ParOldGen       total 68608K, used 10393K [0x0000000080000000, 0x0000000084300000, 0x00000000d5580000)
  object space 68608K, 15% used [0x0000000080000000,0x0000000080a26788,0x0000000084300000)
 Metaspace       used 20677K, committed 21504K, reserved 1114112K
  class space    used 2189K, committed 2560K, reserved 1048576K
}
Event: 5.541 GC heap before
{Heap before GC invocations=8 (full 1):
 PSYoungGen      total 31232K, used 6168K [0x00000000d5580000, 0x00000000d7a80000, 0x0000000100000000)
  eden space 24576K, 0% used [0x00000000d5580000,0x00000000d5580000,0x00000000d6d80000)
  from space 6656K, 92% used [0x00000000d6d80000,0x00000000d73863c0,0x00000000d7400000)
  to   space 6656K, 0% used [0x00000000d7400000,0x00000000d7400000,0x00000000d7a80000)
 ParOldGen       total 68608K, used 10393K [0x0000000080000000, 0x0000000084300000, 0x00000000d5580000)
  object space 68608K, 15% used [0x0000000080000000,0x0000000080a26788,0x0000000084300000)
 Metaspace       used 20677K, committed 21504K, reserved 1114112K
  class space    used 2189K, committed 2560K, reserved 1048576K
}
Event: 5.566 GC heap after
{Heap after GC invocations=8 (full 1):
 PSYoungGen      total 31232K, used 0K [0x00000000d5580000, 0x00000000d7a80000, 0x0000000100000000)
  eden space 24576K, 0% used [0x00000000d5580000,0x00000000d5580000,0x00000000d6d80000)
  from space 6656K, 0% used [0x00000000d6d80000,0x00000000d6d80000,0x00000000d7400000)
  to   space 6656K, 0% used [0x00000000d7400000,0x00000000d7400000,0x00000000d7a80000)
 ParOldGen       total 68608K, used 15812K [0x0000000080000000, 0x0000000084300000, 0x00000000d5580000)
  object space 68608K, 23% used [0x0000000080000000,0x0000000080f71078,0x0000000084300000)
 Metaspace       used 20664K, committed 21504K, reserved 1114112K
  class space    used 2185K, committed 2560K, reserved 1048576K
}
Event: 5.705 GC heap before
{Heap before GC invocations=9 (full 1):
 PSYoungGen      total 31232K, used 24519K [0x00000000d5580000, 0x00000000d7a80000, 0x0000000100000000)
  eden space 24576K, 99% used [0x00000000d5580000,0x00000000d6d71f70,0x00000000d6d80000)
  from space 6656K, 0% used [0x00000000d6d80000,0x00000000d6d80000,0x00000000d7400000)
  to   space 6656K, 0% used [0x00000000d7400000,0x00000000d7400000,0x00000000d7a80000)
 ParOldGen       total 68608K, used 15812K [0x0000000080000000, 0x0000000084300000, 0x00000000d5580000)
  object space 68608K, 23% used [0x0000000080000000,0x0000000080f71078,0x0000000084300000)
 Metaspace       used 23011K, committed 23872K, reserved 1114112K
  class space    used 2344K, committed 2688K, reserved 1048576K
}
Event: 5.706 GC heap after
{Heap after GC invocations=9 (full 1):
 PSYoungGen      total 25600K, used 1180K [0x00000000d5580000, 0x00000000d7580000, 0x0000000100000000)
  eden space 24064K, 0% used [0x00000000d5580000,0x00000000d5580000,0x00000000d6d00000)
  from space 1536K, 76% used [0x00000000d7400000,0x00000000d7527360,0x00000000d7580000)
  to   space 3072K, 0% used [0x00000000d6f80000,0x00000000d6f80000,0x00000000d7280000)
 ParOldGen       total 68608K, used 15812K [0x0000000080000000, 0x0000000084300000, 0x00000000d5580000)
  object space 68608K, 23% used [0x0000000080000000,0x0000000080f71078,0x0000000084300000)
 Metaspace       used 23011K, committed 23872K, reserved 1114112K
  class space    used 2344K, committed 2688K, reserved 1048576K
}
Event: 5.889 GC heap before
{Heap before GC invocations=10 (full 1):
 PSYoungGen      total 25600K, used 25244K [0x00000000d5580000, 0x00000000d7580000, 0x0000000100000000)
  eden space 24064K, 100% used [0x00000000d5580000,0x00000000d6d00000,0x00000000d6d00000)
  from space 1536K, 76% used [0x00000000d7400000,0x00000000d7527360,0x00000000d7580000)
  to   space 3072K, 0% used [0x00000000d6f80000,0x00000000d6f80000,0x00000000d7280000)
 ParOldGen       total 68608K, used 15812K [0x0000000080000000, 0x0000000084300000, 0x00000000d5580000)
  object space 68608K, 23% used [0x0000000080000000,0x0000000080f71078,0x0000000084300000)
 Metaspace       used 26405K, committed 27264K, reserved 1114112K
  class space    used 2604K, committed 2944K, reserved 1048576K
}
Event: 5.891 GC heap after
{Heap after GC invocations=10 (full 1):
 PSYoungGen      total 26624K, used 2932K [0x00000000d5580000, 0x00000000d7480000, 0x0000000100000000)
  eden space 23552K, 0% used [0x00000000d5580000,0x00000000d5580000,0x00000000d6c80000)
  from space 3072K, 95% used [0x00000000d6f80000,0x00000000d725d0f0,0x00000000d7280000)
  to   space 2048K, 0% used [0x00000000d7280000,0x00000000d7280000,0x00000000d7480000)
 ParOldGen       total 68608K, used 15820K [0x0000000080000000, 0x0000000084300000, 0x00000000d5580000)
  object space 68608K, 23% used [0x0000000080000000,0x0000000080f73078,0x0000000084300000)
 Metaspace       used 26405K, committed 27264K, reserved 1114112K
  class space    used 2604K, committed 2944K, reserved 1048576K
}
Event: 6.071 GC heap before
{Heap before GC invocations=11 (full 1):
 PSYoungGen      total 26624K, used 26484K [0x00000000d5580000, 0x00000000d7480000, 0x0000000100000000)
  eden space 23552K, 100% used [0x00000000d5580000,0x00000000d6c80000,0x00000000d6c80000)
  from space 3072K, 95% used [0x00000000d6f80000,0x00000000d725d0f0,0x00000000d7280000)
  to   space 2048K, 0% used [0x00000000d7280000,0x00000000d7280000,0x00000000d7480000)
 ParOldGen       total 68608K, used 15820K [0x0000000080000000, 0x0000000084300000, 0x00000000d5580000)
  object space 68608K, 23% used [0x0000000080000000,0x0000000080f73078,0x0000000084300000)
 Metaspace       used 27859K, committed 28736K, reserved 1114112K
  class space    used 2715K, committed 3072K, reserved 1048576K
}
Event: 6.073 GC heap after
{Heap after GC invocations=11 (full 1):
 PSYoungGen      total 25088K, used 1700K [0x00000000d5580000, 0x00000000d7480000, 0x0000000100000000)
  eden space 23040K, 0% used [0x00000000d5580000,0x00000000d5580000,0x00000000d6c00000)
  from space 2048K, 83% used [0x00000000d7280000,0x00000000d74292d0,0x00000000d7480000)
  to   space 2560K, 0% used [0x00000000d6f80000,0x00000000d6f80000,0x00000000d7200000)
 ParOldGen       total 68608K, used 18292K [0x0000000080000000, 0x0000000084300000, 0x00000000d5580000)
  object space 68608K, 26% used [0x0000000080000000,0x00000000811dd1a8,0x0000000084300000)
 Metaspace       used 27859K, committed 28736K, reserved 1114112K
  class space    used 2715K, committed 3072K, reserved 1048576K
}
Event: 6.292 GC heap before
{Heap before GC invocations=12 (full 1):
 PSYoungGen      total 25088K, used 24740K [0x00000000d5580000, 0x00000000d7480000, 0x0000000100000000)
  eden space 23040K, 100% used [0x00000000d5580000,0x00000000d6c00000,0x00000000d6c00000)
  from space 2048K, 83% used [0x00000000d7280000,0x00000000d74292d0,0x00000000d7480000)
  to   space 2560K, 0% used [0x00000000d6f80000,0x00000000d6f80000,0x00000000d7200000)
 ParOldGen       total 68608K, used 18292K [0x0000000080000000, 0x0000000084300000, 0x00000000d5580000)
  object space 68608K, 26% used [0x0000000080000000,0x00000000811dd1a8,0x0000000084300000)
 Metaspace       used 30805K, committed 31808K, reserved 1114112K
  class space    used 3039K, committed 3456K, reserved 1048576K
}
Event: 6.294 GC heap after
{Heap after GC invocations=12 (full 1):
 PSYoungGen      total 24576K, used 1918K [0x00000000d5580000, 0x00000000d7300000, 0x0000000100000000)
  eden space 22528K, 0% used [0x00000000d5580000,0x00000000d5580000,0x00000000d6b80000)
  from space 2048K, 93% used [0x00000000d6f80000,0x00000000d715fab8,0x00000000d7180000)
  to   space 1536K, 0% used [0x00000000d7180000,0x00000000d7180000,0x00000000d7300000)
 ParOldGen       total 68608K, used 19834K [0x0000000080000000, 0x0000000084300000, 0x00000000d5580000)
  object space 68608K, 28% used [0x0000000080000000,0x000000008135ea18,0x0000000084300000)
 Metaspace       used 30805K, committed 31808K, reserved 1114112K
  class space    used 3039K, committed 3456K, reserved 1048576K
}
Event: 6.379 GC heap before
{Heap before GC invocations=13 (full 1):
 PSYoungGen      total 24576K, used 24416K [0x00000000d5580000, 0x00000000d7300000, 0x0000000100000000)
  eden space 22528K, 99% used [0x00000000d5580000,0x00000000d6b786a8,0x00000000d6b80000)
  from space 2048K, 93% used [0x00000000d6f80000,0x00000000d715fab8,0x00000000d7180000)
  to   space 1536K, 0% used [0x00000000d7180000,0x00000000d7180000,0x00000000d7300000)
 ParOldGen       total 68608K, used 19834K [0x0000000080000000, 0x0000000084300000, 0x00000000d5580000)
  object space 68608K, 28% used [0x0000000080000000,0x000000008135ea18,0x0000000084300000)
 Metaspace       used 32682K, committed 33728K, reserved 1114112K
  class space    used 3281K, committed 3712K, reserved 1048576K
}
Event: 6.381 GC heap after
{Heap after GC invocations=13 (full 1):
 PSYoungGen      total 23552K, used 1504K [0x00000000d5580000, 0x00000000d7300000, 0x0000000100000000)
  eden space 22016K, 0% used [0x00000000d5580000,0x00000000d5580000,0x00000000d6b00000)
  from space 1536K, 97% used [0x00000000d7180000,0x00000000d72f8030,0x00000000d7300000)
  to   space 3584K, 0% used [0x00000000d6c00000,0x00000000d6c00000,0x00000000d6f80000)
 ParOldGen       total 68608K, used 21289K [0x0000000080000000, 0x0000000084300000, 0x00000000d5580000)
  object space 68608K, 31% used [0x0000000080000000,0x00000000814ca4a0,0x0000000084300000)
 Metaspace       used 32682K, committed 33728K, reserved 1114112K
  class space    used 3281K, committed 3712K, reserved 1048576K
}
Event: 6.478 GC heap before
{Heap before GC invocations=14 (full 1):
 PSYoungGen      total 23552K, used 23520K [0x00000000d5580000, 0x00000000d7300000, 0x0000000100000000)
  eden space 22016K, 100% used [0x00000000d5580000,0x00000000d6b00000,0x00000000d6b00000)
  from space 1536K, 97% used [0x00000000d7180000,0x00000000d72f8030,0x00000000d7300000)
  to   space 3584K, 0% used [0x00000000d6c00000,0x00000000d6c00000,0x00000000d6f80000)
 ParOldGen       total 68608K, used 21289K [0x0000000080000000, 0x0000000084300000, 0x00000000d5580000)
  object space 68608K, 31% used [0x0000000080000000,0x00000000814ca4a0,0x0000000084300000)
 Metaspace       used 34082K, committed 35200K, reserved 1114112K
  class space    used 3450K, committed 3968K, reserved 1048576K
}
Event: 6.480 GC heap after
{Heap after GC invocations=14 (full 1):
 PSYoungGen      total 25600K, used 1392K [0x00000000d5580000, 0x00000000d7200000, 0x0000000100000000)
  eden space 22016K, 0% used [0x00000000d5580000,0x00000000d5580000,0x00000000d6b00000)
  from space 3584K, 38% used [0x00000000d6c00000,0x00000000d6d5c080,0x00000000d6f80000)
  to   space 2048K, 0% used [0x00000000d7000000,0x00000000d7000000,0x00000000d7200000)
 ParOldGen       total 68608K, used 22673K [0x0000000080000000, 0x0000000084300000, 0x00000000d5580000)
  object space 68608K, 33% used [0x0000000080000000,0x00000000816244c0,0x0000000084300000)
 Metaspace       used 34082K, committed 35200K, reserved 1114112K
  class space    used 3450K, committed 3968K, reserved 1048576K
}
Event: 6.560 GC heap before
{Heap before GC invocations=15 (full 1):
 PSYoungGen      total 25600K, used 11379K [0x00000000d5580000, 0x00000000d7200000, 0x0000000100000000)
  eden space 22016K, 45% used [0x00000000d5580000,0x00000000d5f40bb8,0x00000000d6b00000)
  from space 3584K, 38% used [0x00000000d6c00000,0x00000000d6d5c080,0x00000000d6f80000)
  to   space 2048K, 0% used [0x00000000d7000000,0x00000000d7000000,0x00000000d7200000)
 ParOldGen       total 68608K, used 22673K [0x0000000080000000, 0x0000000084300000, 0x00000000d5580000)
  object space 68608K, 33% used [0x0000000080000000,0x00000000816244c0,0x0000000084300000)
 Metaspace       used 34718K, committed 35840K, reserved 1114112K
  class space    used 3533K, committed 4032K, reserved 1048576K
}
Event: 6.561 GC heap after
{Heap after GC invocations=15 (full 1):
 PSYoungGen      total 23040K, used 544K [0x00000000d5580000, 0x00000000d7100000, 0x0000000100000000)
  eden space 22016K, 0% used [0x00000000d5580000,0x00000000d5580000,0x00000000d6b00000)
  from space 1024K, 53% used [0x00000000d7000000,0x00000000d7088000,0x00000000d7100000)
  to   space 1024K, 0% used [0x00000000d6f00000,0x00000000d6f00000,0x00000000d7000000)
 ParOldGen       total 68608K, used 23503K [0x0000000080000000, 0x0000000084300000, 0x00000000d5580000)
  object space 68608K, 34% used [0x0000000080000000,0x00000000816f3e80,0x0000000084300000)
 Metaspace       used 34718K, committed 35840K, reserved 1114112K
  class space    used 3533K, committed 4032K, reserved 1048576K
}
Event: 6.561 GC heap before
{Heap before GC invocations=16 (full 2):
 PSYoungGen      total 23040K, used 544K [0x00000000d5580000, 0x00000000d7100000, 0x0000000100000000)
  eden space 22016K, 0% used [0x00000000d5580000,0x00000000d5580000,0x00000000d6b00000)
  from space 1024K, 53% used [0x00000000d7000000,0x00000000d7088000,0x00000000d7100000)
  to   space 1024K, 0% used [0x00000000d6f00000,0x00000000d6f00000,0x00000000d7000000)
 ParOldGen       total 68608K, used 23503K [0x0000000080000000, 0x0000000084300000, 0x00000000d5580000)
  object space 68608K, 34% used [0x0000000080000000,0x00000000816f3e80,0x0000000084300000)
 Metaspace       used 34718K, committed 35840K, reserved 1114112K
  class space    used 3533K, committed 4032K, reserved 1048576K
}
Event: 6.586 GC heap after
{Heap after GC invocations=16 (full 2):
 PSYoungGen      total 23040K, used 0K [0x00000000d5580000, 0x00000000d7100000, 0x0000000100000000)
  eden space 22016K, 0% used [0x00000000d5580000,0x00000000d5580000,0x00000000d6b00000)
  from space 1024K, 0% used [0x00000000d7000000,0x00000000d7000000,0x00000000d7100000)
  to   space 1024K, 0% used [0x00000000d6f00000,0x00000000d6f00000,0x00000000d7000000)
 ParOldGen       total 68608K, used 22905K [0x0000000080000000, 0x0000000084300000, 0x00000000d5580000)
  object space 68608K, 33% used [0x0000000080000000,0x000000008165e4a0,0x0000000084300000)
 Metaspace       used 34718K, committed 35840K, reserved 1114112K
  class space    used 3533K, committed 4032K, reserved 1048576K
}

Dll operation events (10 events):
Event: 0.012 Loaded shared library c:\Users\ajay2\.antigravity\extensions\redhat.java-1.52.0-win32-x64\jre\21.0.9-win32-x86_64\bin\java.dll
Event: 0.103 Loaded shared library c:\Users\ajay2\.antigravity\extensions\redhat.java-1.52.0-win32-x64\jre\21.0.9-win32-x86_64\bin\zip.dll
Event: 0.130 Loaded shared library C:\Users\ajay2\.antigravity\extensions\redhat.java-1.52.0-win32-x64\jre\21.0.9-win32-x86_64\bin\instrument.dll
Event: 0.140 Loaded shared library C:\Users\ajay2\.antigravity\extensions\redhat.java-1.52.0-win32-x64\jre\21.0.9-win32-x86_64\bin\net.dll
Event: 0.146 Loaded shared library C:\Users\ajay2\.antigravity\extensions\redhat.java-1.52.0-win32-x64\jre\21.0.9-win32-x86_64\bin\nio.dll
Event: 0.152 Loaded shared library C:\Users\ajay2\.antigravity\extensions\redhat.java-1.52.0-win32-x64\jre\21.0.9-win32-x86_64\bin\zip.dll
Event: 0.179 Loaded shared library C:\Users\ajay2\.antigravity\extensions\redhat.java-1.52.0-win32-x64\jre\21.0.9-win32-x86_64\bin\jimage.dll
Event: 0.267 Loaded shared library c:\Users\ajay2\.antigravity\extensions\redhat.java-1.52.0-win32-x64\jre\21.0.9-win32-x86_64\bin\verify.dll
Event: 2.291 Loaded shared library C:\Users\ajay2\AppData\Roaming\Antigravity\User\globalStorage\redhat.java\1.52.0\config_win\org.eclipse.equinox.launcher\org.eclipse.equinox.launcher.win32.win32.x86_64_1.2.1500.v20260121-1430\eclipse_11919.dll
Event: 4.974 Loaded shared library C:\Users\ajay2\AppData\Local\Temp\jna-92836401\jna17529071276211640498.dll

Deoptimization events (20 events):
Event: 6.633 Thread 0x000002128941bb10 Uncommon trap: trap_request=0xffffff45 fr.pc=0x0000021294232a24 relative=0x00000000000000e4
Event: 6.633 Thread 0x000002128941bb10 Uncommon trap: reason=unstable_if action=reinterpret pc=0x0000021294232a24 method=java.lang.CharacterDataLatin1.digit(II)I @ 7 c2
Event: 6.633 Thread 0x000002128941bb10 DEOPT PACKING pc=0x0000021294232a24 sp=0x000000833d2fe290
Event: 6.633 Thread 0x000002128941bb10 DEOPT UNPACKING pc=0x0000021293ba3aa2 sp=0x000000833d2fe150 mode 2
Event: 6.633 Thread 0x000002128941bb10 Uncommon trap: trap_request=0xffffff45 fr.pc=0x0000021294129ec8 relative=0x00000000000000a8
Event: 6.633 Thread 0x000002128941bb10 Uncommon trap: reason=unstable_if action=reinterpret pc=0x0000021294129ec8 method=java.lang.CharacterDataLatin1.digit(II)I @ 7 c2
Event: 6.633 Thread 0x000002128941bb10 DEOPT PACKING pc=0x0000021294129ec8 sp=0x000000833d2fe1f0
Event: 6.633 Thread 0x000002128941bb10 DEOPT UNPACKING pc=0x0000021293ba3aa2 sp=0x000000833d2fe170 mode 2
Event: 6.636 Thread 0x000002128941bb10 Uncommon trap: trap_request=0xffffff45 fr.pc=0x000002129428e558 relative=0x0000000000000718
Event: 6.636 Thread 0x000002128941bb10 Uncommon trap: reason=unstable_if action=reinterpret pc=0x000002129428e558 method=java.util.regex.Pattern$BmpCharPropertyGreedy.match(Ljava/util/regex/Matcher;ILjava/lang/CharSequence;)Z @ 12 c2
Event: 6.636 Thread 0x000002128941bb10 DEOPT PACKING pc=0x000002129428e558 sp=0x000000833d2fdbf0
Event: 6.636 Thread 0x000002128941bb10 DEOPT UNPACKING pc=0x0000021293ba3aa2 sp=0x000000833d2fdab8 mode 2
Event: 6.638 Thread 0x00000212ea4715e0 Uncommon trap: trap_request=0xffffff45 fr.pc=0x00000212942f5254 relative=0x00000000000013f4
Event: 6.638 Thread 0x00000212ea4715e0 Uncommon trap: reason=unstable_if action=reinterpret pc=0x00000212942f5254 method=com.google.gson.stream.JsonReader.nextQuotedValue(C)Ljava/lang/String; @ 121 c2
Event: 6.638 Thread 0x00000212ea4715e0 DEOPT PACKING pc=0x00000212942f5254 sp=0x00000083408fe630
Event: 6.638 Thread 0x00000212ea4715e0 DEOPT UNPACKING pc=0x0000021293ba3aa2 sp=0x00000083408fe628 mode 2
Event: 6.698 Thread 0x00000212ea4715e0 Uncommon trap: trap_request=0xffffff45 fr.pc=0x00000212942f1af0 relative=0x0000000000000b70
Event: 6.698 Thread 0x00000212ea4715e0 Uncommon trap: reason=unstable_if action=reinterpret pc=0x00000212942f1af0 method=org.eclipse.osgi.internal.loader.BundleLoader.getPackageName(Ljava/lang/String;)Ljava/lang/String; @ 12 c2
Event: 6.698 Thread 0x00000212ea4715e0 DEOPT PACKING pc=0x00000212942f1af0 sp=0x00000083408fdcd0
Event: 6.698 Thread 0x00000212ea4715e0 DEOPT UNPACKING pc=0x0000021293ba3aa2 sp=0x00000083408fdc40 mode 2

Classes loaded (20 events):
Event: 6.634 Loading class sun/util/locale/provider/CalendarNameProviderImpl done
Event: 6.634 Loading class sun/util/cldr/CLDRCalendarNameProviderImpl done
Event: 6.635 Loading class sun/util/locale/provider/BaseLocaleDataMetaInfo
Event: 6.635 Loading class sun/util/locale/provider/BaseLocaleDataMetaInfo done
Event: 6.636 Loading class sun/util/locale/provider/CalendarNameProviderImpl$LengthBasedComparator
Event: 6.636 Loading class sun/util/locale/provider/CalendarNameProviderImpl$LengthBasedComparator done
Event: 6.640 Loading class java/io/PrintWriter$1
Event: 6.640 Loading class jdk/internal/access/JavaIOPrintWriterAccess
Event: 6.640 Loading class jdk/internal/access/JavaIOPrintWriterAccess done
Event: 6.640 Loading class java/io/PrintWriter$1 done
Event: 6.641 Loading class java/time/format/DateTimeParseContext
Event: 6.642 Loading class java/time/format/DateTimeParseContext done
Event: 6.642 Loading class java/time/format/Parsed
Event: 6.643 Loading class sun/reflect/generics/repository/FieldRepository
Event: 6.643 Loading class sun/reflect/generics/repository/FieldRepository done
Event: 6.647 Loading class java/time/format/Parsed done
Event: 6.647 Loading class java/time/Month
Event: 6.648 Loading class java/time/Month done
Event: 6.649 Loading class java/time/Year
Event: 6.649 Loading class java/time/Year done

Classes unloaded (7 events):
Event: 5.545 Thread 0x00000212894bea10 Unloading class 0x00000212a11a8c00 'java/lang/invoke/LambdaForm$MH+0x00000212a11a8c00'
Event: 5.545 Thread 0x00000212894bea10 Unloading class 0x00000212a11a8800 'java/lang/invoke/LambdaForm$MH+0x00000212a11a8800'
Event: 5.545 Thread 0x00000212894bea10 Unloading class 0x00000212a11a8400 'java/lang/invoke/LambdaForm$MH+0x00000212a11a8400'
Event: 5.545 Thread 0x00000212894bea10 Unloading class 0x00000212a11a8000 'java/lang/invoke/LambdaForm$MH+0x00000212a11a8000'
Event: 5.545 Thread 0x00000212894bea10 Unloading class 0x00000212a11a7c00 'java/lang/invoke/LambdaForm$BMH+0x00000212a11a7c00'
Event: 5.545 Thread 0x00000212894bea10 Unloading class 0x00000212a11a7800 'java/lang/invoke/LambdaForm$DMH+0x00000212a11a7800'
Event: 5.545 Thread 0x00000212894bea10 Unloading class 0x00000212a11a6400 'java/lang/invoke/LambdaForm$DMH+0x00000212a11a6400'

Classes redefined (0 events):
No events

Internal exceptions (20 events):
Event: 6.321 Thread 0x000002128941bb10 Exception <a 'java/lang/NoSuchMethodError'{0x00000000d62b2830}: 'java.lang.Object java.lang.invoke.DirectMethodHandle$Holder.invokeStaticInit(java.lang.Object, long, java.lang.Object)'> (0x00000000d62b2830) 
thrown [s\src\hotspot\share\interpreter\linkResolver.cpp, line 773]
Event: 6.321 Thread 0x000002128941bb10 Exception <a 'java/lang/NoSuchMethodError'{0x00000000d62b7ef0}: 'java.lang.Object java.lang.invoke.DirectMethodHandle$Holder.newInvokeSpecial(java.lang.Object, long)'> (0x00000000d62b7ef0) 
thrown [s\src\hotspot\share\interpreter\linkResolver.cpp, line 773]
Event: 6.344 Thread 0x00000212e8d135f0 Exception <a 'java/io/FileNotFoundException'{0x00000000d67c9308}> (0x00000000d67c9308) 
thrown [s\src\hotspot\share\prims\jni.cpp, line 520]
Event: 6.406 Thread 0x00000212e8d12240 Exception <a 'java/lang/NoSuchMethodError'{0x00000000d5ba2930}: 'java.lang.Object java.lang.invoke.DirectMethodHandle$Holder.invokeStaticInit(java.lang.Object, java.lang.Object, java.lang.Object, java.lang.Object, java.lang.Object, java.lang.Object, java.lang.Object)'> (0x00000000d5ba2930) 
thrown [s\src\hotspot\share\interpreter\linkResolver.cpp, line 773]
Event: 6.407 Thread 0x00000212e8d12240 Exception <a 'java/lang/NoSuchMethodError'{0x00000000d5bb2f48}: 'java.lang.Object java.lang.invoke.Invokers$Holder.invoke_MT(java.lang.Object, java.lang.Object, java.lang.Object, java.lang.Object, java.lang.Object, java.lang.Object, java.lang.Object, java.lang.Object, java.lang.Object)'> (0x00000000d5bb2f48) 
thrown [s\src\hotspot\share\interpreter\linkResolver.cpp, line 773]
Event: 6.411 Thread 0x00000212e8d12240 Exception <a 'java/lang/NoSuchMethodError'{0x00000000d5cac1a8}: 'int java.lang.invoke.DirectMethodHandle$Holder.invokeVirtual(java.lang.Object, java.lang.Object, java.lang.Object)'> (0x00000000d5cac1a8) 
thrown [s\src\hotspot\share\interpreter\linkResolver.cpp, line 773]
Event: 6.411 Thread 0x00000212e8d12240 Exception <a 'java/lang/NoSuchMethodError'{0x00000000d5cd0760}: 'int java.lang.invoke.DirectMethodHandle$Holder.invokeStaticInit(java.lang.Object, int, int)'> (0x00000000d5cd0760) 
thrown [s\src\hotspot\share\interpreter\linkResolver.cpp, line 773]
Event: 6.412 Thread 0x00000212e8d12240 Exception <a 'java/lang/NoSuchMethodError'{0x00000000d5cec5d0}: 'int java.lang.invoke.DirectMethodHandle$Holder.invokeStaticInit(java.lang.Object, long, long)'> (0x00000000d5cec5d0) 
thrown [s\src\hotspot\share\interpreter\linkResolver.cpp, line 773]
Event: 6.412 Thread 0x00000212e8d12240 Exception <a 'java/lang/NoSuchMethodError'{0x00000000d5cf3068}: 'int java.lang.invoke.DirectMethodHandle$Holder.invokeStaticInit(java.lang.Object, float, float)'> (0x00000000d5cf3068) 
thrown [s\src\hotspot\share\interpreter\linkResolver.cpp, line 773]
Event: 6.413 Thread 0x00000212e8d12240 Exception <a 'java/lang/NoSuchMethodError'{0x00000000d5d06af0}: 'int java.lang.invoke.DirectMethodHandle$Holder.invokeStaticInit(java.lang.Object, double, double)'> (0x00000000d5d06af0) 
thrown [s\src\hotspot\share\interpreter\linkResolver.cpp, line 773]
Event: 6.413 Thread 0x00000212e8d12240 Exception <a 'java/lang/NoSuchMethodError'{0x00000000d5d28f48}: 'int java.lang.invoke.DirectMethodHandle$Holder.invokeStatic(java.lang.Object, long)'> (0x00000000d5d28f48) 
thrown [s\src\hotspot\share\interpreter\linkResolver.cpp, line 773]
Event: 6.416 Thread 0x00000212e8d12240 Exception <a 'java/lang/NoSuchMethodError'{0x00000000d5dc8fe8}: 'int java.lang.invoke.Invokers$Holder.linkToTargetMethod(java.lang.Object, java.lang.Object)'> (0x00000000d5dc8fe8) 
thrown [s\src\hotspot\share\interpreter\linkResolver.cpp, line 773]
Event: 6.453 Thread 0x00000212e8d12240 Exception <a 'java/lang/NoSuchMethodError'{0x00000000d66533e8}: 'java.lang.Object java.lang.invoke.DirectMethodHandle$Holder.invokeSpecialIFC(java.lang.Object, java.lang.Object, java.lang.Object, java.lang.Object)'> (0x00000000d66533e8) 
thrown [s\src\hotspot\share\interpreter\linkResolver.cpp, line 773]
Event: 6.554 Thread 0x00000212e8d11520 Exception <a 'java/lang/NoSuchMethodError'{0x00000000d5e59e98}: 'int java.lang.invoke.DirectMethodHandle$Holder.invokeSpecial(java.lang.Object, java.lang.Object, java.lang.Object, java.lang.Object)'> (0x00000000d5e59e98) 
thrown [s\src\hotspot\share\interpreter\linkResolver.cpp, line 773]
Event: 6.555 Thread 0x00000212e8d11520 Exception <a 'java/lang/NoSuchMethodError'{0x00000000d5e86720}: 'java.lang.Object java.lang.invoke.DirectMethodHandle$Holder.invokeStatic(java.lang.Object, int, java.lang.Object, java.lang.Object)'> (0x00000000d5e86720) 
thrown [s\src\hotspot\share\interpreter\linkResolver.cpp, line 773]
Event: 6.555 Thread 0x00000212e8d11520 Exception <a 'java/lang/NoSuchMethodError'{0x00000000d5e89f20}: 'java.lang.Object java.lang.invoke.DelegatingMethodHandle$Holder.delegate(java.lang.Object, int, java.lang.Object, java.lang.Object)'> (0x00000000d5e89f20) 
thrown [s\src\hotspot\share\interpreter\linkResolver.cpp, line 773]
Event: 6.556 Thread 0x00000212e8d11520 Exception <a 'java/lang/NoSuchMethodError'{0x00000000d5ebc190}: 'int java.lang.invoke.Invokers$Holder.linkToTargetMethod(java.lang.Object, java.lang.Object, java.lang.Object)'> (0x00000000d5ebc190) 
thrown [s\src\hotspot\share\interpreter\linkResolver.cpp, line 773]
Event: 6.556 Thread 0x000002128941bb10 Exception <a 'java/lang/NoSuchMethodError'{0x00000000d5ee9370}: 'void java.lang.invoke.DirectMethodHandle$Holder.invokeSpecial(java.lang.Object, java.lang.Object, java.lang.Object, java.lang.Object, java.lang.Object, java.lang.Object)'> (0x00000000d5ee9370) 
thrown [s\src\hotspot\share\interpreter\linkResolver.cpp, line 773]
Event: 6.557 Thread 0x000002128941bb10 Exception <a 'java/lang/IncompatibleClassChangeError'{0x00000000d5ef1850}: Found class java.lang.Object, but interface was expected> (0x00000000d5ef1850) 
thrown [s\src\hotspot\share\interpreter\linkResolver.cpp, line 840]
Event: 6.557 Thread 0x000002128941bb10 Exception <a 'java/lang/IncompatibleClassChangeError'{0x00000000d5ef3710}: Found class java.lang.Object, but interface was expected> (0x00000000d5ef3710) 
thrown [s\src\hotspot\share\interpreter\linkResolver.cpp, line 840]

ZGC Phase Switch (0 events):
No events

VM Operations (20 events):
Event: 6.071 Executing VM operation: ParallelGCFailedAllocation (Allocation Failure)
Event: 6.073 Executing VM operation: ParallelGCFailedAllocation (Allocation Failure) done
Event: 6.078 Executing VM operation: HandshakeAllThreads (Deoptimize)
Event: 6.078 Executing VM operation: HandshakeAllThreads (Deoptimize) done
Event: 6.140 Executing VM operation: HandshakeAllThreads (Deoptimize)
Event: 6.140 Executing VM operation: HandshakeAllThreads (Deoptimize) done
Event: 6.160 Executing VM operation: HandshakeAllThreads (Deoptimize)
Event: 6.160 Executing VM operation: HandshakeAllThreads (Deoptimize) done
Event: 6.292 Executing VM operation: ParallelGCFailedAllocation (Allocation Failure)
Event: 6.294 Executing VM operation: ParallelGCFailedAllocation (Allocation Failure) done
Event: 6.379 Executing VM operation: ParallelGCFailedAllocation (Allocation Failure)
Event: 6.381 Executing VM operation: ParallelGCFailedAllocation (Allocation Failure) done
Event: 6.420 Executing VM operation: HandshakeAllThreads (Deoptimize)
Event: 6.420 Executing VM operation: HandshakeAllThreads (Deoptimize) done
Event: 6.478 Executing VM operation: ParallelGCFailedAllocation (Allocation Failure)
Event: 6.480 Executing VM operation: ParallelGCFailedAllocation (Allocation Failure) done
Event: 6.560 Executing VM operation: CollectForMetadataAllocation (Metadata GC Threshold)
Event: 6.586 Executing VM operation: CollectForMetadataAllocation (Metadata GC Threshold) done
Event: 7.587 Executing VM operation: Cleanup
Event: 7.587 Executing VM operation: Cleanup done

Memory protections (0 events):
No events

Nmethod flushes (20 events):
Event: 6.575 Thread 0x00000212894bea10 flushing  nmethod 0x000002128cbf0e10
Event: 6.575 Thread 0x00000212894bea10 flushing  nmethod 0x000002128cbf9190
Event: 6.575 Thread 0x00000212894bea10 flushing  nmethod 0x000002128cc07190
Event: 6.575 Thread 0x00000212894bea10 flushing  nmethod 0x000002128cc07810
Event: 6.575 Thread 0x00000212894bea10 flushing  nmethod 0x000002128cc4f390
Event: 6.575 Thread 0x00000212894bea10 flushing  nmethod 0x000002128cc4ff90
Event: 6.575 Thread 0x00000212894bea10 flushing  nmethod 0x000002128cc9e690
Event: 6.575 Thread 0x00000212894bea10 flushing  nmethod 0x000002128cc9ea90
Event: 6.575 Thread 0x00000212894bea10 flushing  nmethod 0x000002128cc9f390
Event: 6.575 Thread 0x00000212894bea10 flushing  nmethod 0x000002128cca0590
Event: 6.575 Thread 0x00000212894bea10 flushing  nmethod 0x000002128cca0d90
Event: 6.575 Thread 0x00000212894bea10 flushing  nmethod 0x000002128cca1e90
Event: 6.575 Thread 0x00000212894bea10 flushing  nmethod 0x000002128cca2790
Event: 6.575 Thread 0x00000212894bea10 flushing  nmethod 0x000002128cca3c10
Event: 6.575 Thread 0x00000212894bea10 flushing  nmethod 0x000002128cca5810
Event: 6.575 Thread 0x00000212894bea10 flushing  nmethod 0x000002128cca6a90
Event: 6.575 Thread 0x00000212894bea10 flushing  nmethod 0x000002128cca7290
Event: 6.575 Thread 0x00000212894bea10 flushing  nmethod 0x000002128ccf3f90
Event: 6.575 Thread 0x00000212894bea10 flushing  nmethod 0x000002128ccf4290
Event: 6.575 Thread 0x00000212894bea10 flushing  nmethod 0x000002128cd36b90

Events (20 events):
Event: 6.263 Thread 0x00000212e8d12f60 Thread added: 0x00000212e8d11520
Event: 6.310 Thread 0x00000212e8d11520 Thread added: 0x00000212e8d12240
Event: 6.328 Thread 0x000002128941bb10 Thread added: 0x00000212e8d10e90
Event: 6.329 Thread 0x000002128941bb10 Thread added: 0x00000212e8d10170
Event: 6.329 Thread 0x000002128941bb10 Thread added: 0x00000212e8d128d0
Event: 6.329 Thread 0x000002128941bb10 Thread added: 0x00000212e8d11bb0
Event: 6.329 Thread 0x000002128941bb10 Thread added: 0x00000212ea46e160
Event: 6.329 Thread 0x000002128941bb10 Thread added: 0x00000212ea46f510
Event: 6.329 Thread 0x000002128941bb10 Thread added: 0x00000212ea46cdb0
Event: 6.329 Thread 0x000002128941bb10 Thread added: 0x00000212ea4708c0
Event: 6.329 Thread 0x000002128941bb10 Thread added: 0x00000212ea46ee80
Event: 6.330 Thread 0x000002128941bb10 Thread added: 0x00000212ea46fba0
Event: 6.330 Thread 0x000002128941bb10 Thread added: 0x00000212ea46dad0
Event: 6.330 Thread 0x000002128941bb10 Thread added: 0x00000212ea470230
Event: 6.330 Thread 0x000002128941bb10 Thread added: 0x00000212ea46d440
Event: 6.367 Thread 0x000002128941bb10 Thread added: 0x00000212ea471c70
Event: 6.588 Thread 0x00000212e2133f90 Thread added: 0x00000212e84b25a0
Event: 6.619 Thread 0x000002128941bb10 Thread added: 0x00000212ea470f50
Event: 6.619 Thread 0x000002128941bb10 Thread added: 0x00000212ea4715e0
Event: 6.752 Thread 0x00000212e8d12f60 Thread added: 0x00000212ea46e7f0


Dynamic libraries:
0x00007ff7c24d0000 - 0x00007ff7c24de000 	c:\Users\ajay2\.antigravity\extensions\redhat.java-1.52.0-win32-x64\jre\21.0.9-win32-x86_64\bin\java.exe
0x00007fff9ec80000 - 0x00007fff9eee8000 	C:\WINDOWS\SYSTEM32\ntdll.dll
0x00007fff9e810000 - 0x00007fff9e8d9000 	C:\WINDOWS\System32\KERNEL32.DLL
0x00007fff9b860000 - 0x00007fff9bc51000 	C:\WINDOWS\System32\KERNELBASE.dll
0x00007fff9bfb0000 - 0x00007fff9c0fb000 	C:\WINDOWS\System32\ucrtbase.dll
0x00007fff5ffc0000 - 0x00007fff5ffde000 	c:\Users\ajay2\.antigravity\extensions\redhat.java-1.52.0-win32-x64\jre\21.0.9-win32-x86_64\bin\VCRUNTIME140.dll
0x00007fff654d0000 - 0x00007fff654e8000 	c:\Users\ajay2\.antigravity\extensions\redhat.java-1.52.0-win32-x64\jre\21.0.9-win32-x86_64\bin\jli.dll
0x00007fff9cad0000 - 0x00007fff9cc96000 	C:\WINDOWS\System32\USER32.dll
0x00007fff9b560000 - 0x00007fff9b587000 	C:\WINDOWS\System32\win32u.dll
0x00007fff868c0000 - 0x00007fff86b53000 	C:\WINDOWS\WinSxS\amd64_microsoft.windows.common-controls_6595b64144ccf1df_6.0.26100.7824_none_3e0870b2e3345462\COMCTL32.dll
0x00007fff9cda0000 - 0x00007fff9cdcb000 	C:\WINDOWS\System32\GDI32.dll
0x00007fff9e410000 - 0x00007fff9e4b9000 	C:\WINDOWS\System32\msvcrt.dll
0x00007fff9be80000 - 0x00007fff9bfab000 	C:\WINDOWS\System32\gdi32full.dll
0x00007fff9bc60000 - 0x00007fff9bd03000 	C:\WINDOWS\System32\msvcp_win.dll
0x00007fff9ca20000 - 0x00007fff9ca51000 	C:\WINDOWS\System32\IMM32.DLL
0x00007fff8c720000 - 0x00007fff8c72c000 	c:\Users\ajay2\.antigravity\extensions\redhat.java-1.52.0-win32-x64\jre\21.0.9-win32-x86_64\bin\vcruntime140_1.dll
0x00007fff5e4c0000 - 0x00007fff5e54d000 	c:\Users\ajay2\.antigravity\extensions\redhat.java-1.52.0-win32-x64\jre\21.0.9-win32-x86_64\bin\msvcp140.dll
0x00007ffeceaa0000 - 0x00007ffecf840000 	c:\Users\ajay2\.antigravity\extensions\redhat.java-1.52.0-win32-x64\jre\21.0.9-win32-x86_64\bin\server\jvm.dll
0x00007fff9e230000 - 0x00007fff9e2e4000 	C:\WINDOWS\System32\ADVAPI32.dll
0x00007fff9e4c0000 - 0x00007fff9e566000 	C:\WINDOWS\System32\sechost.dll
0x00007fff9e9b0000 - 0x00007fff9eac8000 	C:\WINDOWS\System32\RPCRT4.dll
0x00007fff9dec0000 - 0x00007fff9df34000 	C:\WINDOWS\System32\WS2_32.dll
0x00007fff9b3c0000 - 0x00007fff9b41e000 	C:\WINDOWS\SYSTEM32\POWRPROF.dll
0x00007fff8d2c0000 - 0x00007fff8d2f5000 	C:\WINDOWS\SYSTEM32\WINMM.dll
0x00007fff944f0000 - 0x00007fff944fb000 	C:\WINDOWS\SYSTEM32\VERSION.dll
0x00007fff9b3a0000 - 0x00007fff9b3b4000 	C:\WINDOWS\SYSTEM32\UMPDC.dll
0x00007fff9a300000 - 0x00007fff9a31b000 	C:\WINDOWS\SYSTEM32\kernel.appcore.dll
0x00007fff8c250000 - 0x00007fff8c25a000 	c:\Users\ajay2\.antigravity\extensions\redhat.java-1.52.0-win32-x64\jre\21.0.9-win32-x86_64\bin\jimage.dll
0x00007fff92190000 - 0x00007fff923d2000 	C:\WINDOWS\SYSTEM32\DBGHELP.DLL
0x00007fff9d3a0000 - 0x00007fff9d726000 	C:\WINDOWS\System32\combase.dll
0x00007fff9df40000 - 0x00007fff9e017000 	C:\WINDOWS\System32\OLEAUT32.dll
0x00007fff71570000 - 0x00007fff715ab000 	C:\WINDOWS\SYSTEM32\dbgcore.DLL
0x00007fff9c970000 - 0x00007fff9ca15000 	C:\WINDOWS\System32\bcryptPrimitives.dll
0x00007fff93aa0000 - 0x00007fff93aaf000 	c:\Users\ajay2\.antigravity\extensions\redhat.java-1.52.0-win32-x64\jre\21.0.9-win32-x86_64\bin\instrument.dll
0x00007fff5ffa0000 - 0x00007fff5ffc0000 	c:\Users\ajay2\.antigravity\extensions\redhat.java-1.52.0-win32-x64\jre\21.0.9-win32-x86_64\bin\java.dll
0x00007fff9d730000 - 0x00007fff9de82000 	C:\WINDOWS\System32\SHELL32.dll
0x00007fff9bd10000 - 0x00007fff9be7a000 	C:\WINDOWS\System32\wintypes.dll
0x00007fff9c100000 - 0x00007fff9c963000 	C:\WINDOWS\System32\windows.storage.dll
0x00007fff9e310000 - 0x00007fff9e406000 	C:\WINDOWS\System32\SHCORE.dll
0x00007fff9ca60000 - 0x00007fff9cac7000 	C:\WINDOWS\System32\shlwapi.dll
0x00007fff9b480000 - 0x00007fff9b4a9000 	C:\WINDOWS\SYSTEM32\profapi.dll
0x00007fff5ef00000 - 0x00007fff5ef18000 	c:\Users\ajay2\.antigravity\extensions\redhat.java-1.52.0-win32-x64\jre\21.0.9-win32-x86_64\bin\zip.dll
0x00007fff8c090000 - 0x00007fff8c0a0000 	C:\Users\ajay2\.antigravity\extensions\redhat.java-1.52.0-win32-x64\jre\21.0.9-win32-x86_64\bin\net.dll
0x00007fff941f0000 - 0x00007fff94317000 	C:\WINDOWS\SYSTEM32\WINHTTP.dll
0x00007fff9a870000 - 0x00007fff9a8db000 	C:\WINDOWS\system32\mswsock.dll
0x00007fff5eee0000 - 0x00007fff5eef6000 	C:\Users\ajay2\.antigravity\extensions\redhat.java-1.52.0-win32-x64\jre\21.0.9-win32-x86_64\bin\nio.dll
0x00007fff93a90000 - 0x00007fff93aa0000 	c:\Users\ajay2\.antigravity\extensions\redhat.java-1.52.0-win32-x64\jre\21.0.9-win32-x86_64\bin\verify.dll
0x00007fff4b050000 - 0x00007fff4b095000 	C:\Users\ajay2\AppData\Roaming\Antigravity\User\globalStorage\redhat.java\1.52.0\config_win\org.eclipse.equinox.launcher\org.eclipse.equinox.launcher.win32.win32.x86_64_1.2.1500.v20260121-1430\eclipse_11919.dll
0x00007fff9e090000 - 0x00007fff9e227000 	C:\WINDOWS\System32\ole32.dll
0x00007fff9ab40000 - 0x00007fff9ab5b000 	C:\WINDOWS\SYSTEM32\CRYPTSP.dll
0x00007fff9a260000 - 0x00007fff9a299000 	C:\WINDOWS\system32\rsaenh.dll
0x00007fff9a920000 - 0x00007fff9a94b000 	C:\WINDOWS\SYSTEM32\USERENV.dll
0x00007fff9b450000 - 0x00007fff9b47a000 	C:\WINDOWS\SYSTEM32\bcrypt.dll
0x00007fff9ab60000 - 0x00007fff9ab6c000 	C:\WINDOWS\SYSTEM32\CRYPTBASE.dll
0x00007fff99d70000 - 0x00007fff99da4000 	C:\WINDOWS\SYSTEM32\IPHLPAPI.DLL
0x00007fff9deb0000 - 0x00007fff9deba000 	C:\WINDOWS\System32\NSI.dll
0x00007fff1d300000 - 0x00007fff1d349000 	C:\Users\ajay2\AppData\Local\Temp\jna-92836401\jna17529071276211640498.dll
0x00007fff9e300000 - 0x00007fff9e308000 	C:\WINDOWS\System32\PSAPI.DLL
0x00007fff95bc0000 - 0x00007fff95bde000 	C:\WINDOWS\SYSTEM32\dhcpcsvc6.DLL
0x00007fff95b10000 - 0x00007fff95b33000 	C:\WINDOWS\SYSTEM32\dhcpcsvc.DLL

JVMTI agents:
c:\Users\ajay2\.antigravity\extensions\redhat.java-1.52.0-win32-x64\lombok\lombok-1.18.39-4050.jar path:c:\Users\ajay2\.antigravity\extensions\redhat.java-1.52.0-win32-x64\jre\21.0.9-win32-x86_64\bin\instrument.dll, loaded, initialized, instrumentlib options:none

dbghelp: loaded successfully - version: 4.0.5 - missing functions: none
symbol engine: initialized successfully - sym options: 0x614 - pdb path: .;c:\Users\ajay2\.antigravity\extensions\redhat.java-1.52.0-win32-x64\jre\21.0.9-win32-x86_64\bin;C:\WINDOWS\SYSTEM32;C:\WINDOWS\WinSxS\amd64_microsoft.windows.common-controls_6595b64144ccf1df_6.0.26100.7824_none_3e0870b2e3345462;c:\Users\ajay2\.antigravity\extensions\redhat.java-1.52.0-win32-x64\jre\21.0.9-win32-x86_64\bin\server;C:\Users\ajay2\AppData\Roaming\Antigravity\User\globalStorage\redhat.java\1.52.0\config_win\org.eclipse.equinox.launcher\org.eclipse.equinox.launcher.win32.win32.x86_64_1.2.1500.v20260121-1430;C:\Users\ajay2\AppData\Local\Temp\jna-92836401

VM Arguments:
jvm_args: --add-modules=ALL-SYSTEM --add-opens=java.base/java.util=ALL-UNNAMED --add-opens=java.base/java.lang=ALL-UNNAMED --add-opens=java.base/sun.nio.fs=ALL-UNNAMED -Declipse.application=org.eclipse.jdt.ls.core.id1 -Dosgi.bundles.defaultStartLevel=4 -Declipse.product=org.eclipse.jdt.ls.core.product -Djava.import.generatesMetadataFilesAtProjectRoot=false -DDetectVMInstallationsJob.disabled=true -Dfile.encoding=utf8 -XX:+UseParallelGC -XX:GCTimeRatio=4 -XX:AdaptiveSizePolicyWeight=90 -Dsun.zip.disableMemoryMapping=true -Xmx2G -Xms100m -Xlog:disable -javaagent:c:\Users\ajay2\.antigravity\extensions\redhat.java-1.52.0-win32-x64\lombok\lombok-1.18.39-4050.jar -XX:+HeapDumpOnOutOfMemoryError -XX:HeapDumpPath=c:\Users\ajay2\AppData\Roaming\Antigravity\User\workspaceStorage\4be7e5e65e2b3b0b3c1b3c934486c54e\redhat.java -Daether.dependencyCollector.impl=bf 
java_command: c:\Users\ajay2\.antigravity\extensions\redhat.java-1.52.0-win32-x64\server\plugins\org.eclipse.equinox.launcher_1.7.100.v20251111-0406.jar -configuration c:\Users\ajay2\AppData\Roaming\Antigravity\User\globalStorage\redhat.java\1.52.0\config_win -data c:\Users\ajay2\AppData\Roaming\Antigravity\User\workspaceStorage\4be7e5e65e2b3b0b3c1b3c934486c54e\redhat.java\jdt_ws --pipe=\\.\pipe\lsp-3cd0098194c526a4745f321e01538d64-sock
java_class_path (initial): c:\Users\ajay2\.antigravity\extensions\redhat.java-1.52.0-win32-x64\server\plugins\org.eclipse.equinox.launcher_1.7.100.v20251111-0406.jar
Launcher Type: SUN_STANDARD

[Global flags]
    uintx AdaptiveSizePolicyWeight                 = 90                                        {product} {command line}
     intx CICompilerCount                          = 4                                         {product} {ergonomic}
    uintx GCTimeRatio                              = 4                                         {product} {command line}
     bool HeapDumpOnOutOfMemoryError               = true                                   {manageable} {command line}
    ccstr HeapDumpPath                             = c:\Users\ajay2\AppData\Roaming\Antigravity\User\workspaceStorage\4be7e5e65e2b3b0b3c1b3c934486c54e\redhat.java         {manageable} {command line}
   size_t InitialHeapSize                          = 104857600                                 {product} {command line}
   size_t MaxHeapSize                              = 2147483648                                {product} {command line}
   size_t MaxNewSize                               = 715653120                                 {product} {ergonomic}
   size_t MinHeapDeltaBytes                        = 524288                                    {product} {ergonomic}
   size_t MinHeapSize                              = 104857600                                 {product} {command line}
   size_t NewSize                                  = 34603008                                  {product} {ergonomic}
    uintx NonNMethodCodeHeapSize                   = 5839372                                {pd product} {ergonomic}
    uintx NonProfiledCodeHeapSize                  = 122909434                              {pd product} {ergonomic}
   size_t OldSize                                  = 70254592                                  {product} {ergonomic}
    uintx ProfiledCodeHeapSize                     = 122909434                              {pd product} {ergonomic}
    uintx ReservedCodeCacheSize                    = 251658240                              {pd product} {ergonomic}
     bool SegmentedCodeCache                       = true                                      {product} {ergonomic}
   size_t SoftMaxHeapSize                          = 2147483648                             {manageable} {ergonomic}
     bool UseCompressedOops                        = true                           {product lp64_product} {ergonomic}
     bool UseLargePagesIndividualAllocation        = false                                  {pd product} {ergonomic}
     bool UseParallelGC                            = true                                      {product} {command line}

Logging:
Log output configuration:
 #0: stdout all=off uptime,level,tags foldmultilines=false
 #1: stderr all=off uptime,level,tags foldmultilines=false

Release file:
JAVA_VERSION="21.0.9" 
MODULES="java.base java.compiler java.datatransfer java.xml java.prefs java.desktop java.instrument java.logging java.management java.security.sasl java.naming java.rmi java.management.rmi java.net.http java.scripting java.security.jgss java.transaction.xa java.sql java.sql.rowset java.xml.crypto java.se java.smartcardio jdk.accessibility jdk.internal.jvmstat jdk.attach jdk.charsets jdk.internal.opt jdk.zipfs jdk.compiler jdk.crypto.ec jdk.crypto.cryptoki jdk.crypto.mscapi jdk.dynalink jdk.internal.ed jdk.editpad jdk.hotspot.agent jdk.httpserver jdk.internal.le jdk.internal.vm.ci jdk.internal.vm.compiler jdk.internal.vm.compiler.management jdk.jartool jdk.javadoc jdk.jcmd jdk.management jdk.management.agent jdk.jconsole jdk.jdeps jdk.jdwp.agent jdk.jdi jdk.jfr jdk.jshell jdk.jsobject jdk.jstatd jdk.localedata jdk.management.jfr jdk.naming.dns jdk.naming.rmi jdk.net jdk.nio.mapmode jdk.random jdk.sctp jdk.security.auth jdk.security.jgss jdk.unsupported jdk.unsupported.desktop jdk.xml.dom" 

Environment Variables:
JAVA_HOME=C:\Program Files\Eclipse Adoptium\jdk-17.0.17.10-hotspot
PATH=C:\Program Files\Eclipse Adoptium\jdk-17.0.17.10-hotspot\bin;C:\WINDOWS\system32;C:\WINDOWS;C:\WINDOWS\System32\Wbem;C:\WINDOWS\System32\WindowsPowerShell\v1.0\;C:\WINDOWS\System32\OpenSSH\;C:\Program Files (x86)\NVIDIA Corporation\PhysX\Common;C:\Program Files\NVIDIA Corporation\NVIDIA NvDLISR;C:\Program Files\dotnet\;C:\Program Files\nodejs\;C:\Program Files\Android\Android Studio\jbr\bin;C:\Users\ajay2\AppData\Local\Android\Sdk\platform-tools;C:\Program Files\Git\cmd;C:\Program Files\cursor\resources\app\bin;C:\Users\ajay2\AppData\Local\Android\Sdk\tools;C:\Users\ajay2\AppData\Local\Android\Sdk\platform-tools;C:\Users\ajay2\AppData\Local\Android\Sdk\emulator;C:\Users\ajay2\AppData\Local\Android\Sdk\cmdline-tools\latest\bin;C:\Program Files\Eclipse Adoptium\jdk-17.0.17.10-hotspot\bin;C:\WINDOWS\system32;C:\WINDOWS;C:\WINDOWS\System32\Wbem;C:\WINDOWS\System32\WindowsPowerShell\v1.0\;C:\WINDOWS\System32\OpenSSH\;C:\Program Files (x86)\NVIDIA Corporation\PhysX\Common;C:\Program Files\NVIDIA Corporation\NVIDIA NvDLISR;C:\Program Files\dotnet\;C:\Program Files\nodejs\;C:\Program Files\Android\Android Studio\jbr\bin;C:\Users\ajay2\AppData\Local\Android\Sdk\platform-tools;C:\Program Files\Git\cmd;C:\Users\ajay2\AppData\Local\Android\Sdk\emulator;C:\Users\ajay2\AppData\Local\Android\Sdk\cmdline-tools\latest\bin;C:\Users\ajay;C:\Users\ajay2\AppData\Local\Programs\Microsoft VS Code\bin;C:\Users\ajay2\AppData\Local\Programs\Antigravity\bin
USERNAME=ajay2
OS=Windows_NT
PROCESSOR_IDENTIFIER=AMD64 Family 25 Model 68 Stepping 1, AuthenticAMD
TMP=C:\Users\ajay2\AppData\Local\Temp
TEMP=C:\Users\ajay2\AppData\Local\Temp




Periodic native trim disabled

---------------  S Y S T E M  ---------------

OS:
 Windows 11 , 64 bit Build 26100 (10.0.26100.7705)
OS uptime: 1 days 1:28 hours

CPU: total 12 (initial active 12) (12 cores per cpu, 2 threads per core) family 25 model 68 stepping 1 microcode 0xa404107, cx8, cmov, fxsr, ht, mmx, 3dnowpref, sse, sse2, sse3, ssse3, sse4a, sse4.1, sse4.2, popcnt, lzcnt, tsc, tscinvbit, avx, avx2, aes, erms, clmul, bmi1, bmi2, adx, sha, fma, vzeroupper, clflush, clflushopt, rdtscp, rdpid, fsrm, f16c, pku, cet_ss
Processor Information for processor 0
  Max Mhz: 3301, Current Mhz: 2635, Mhz Limit: 3301
Processor Information for processor 1
  Max Mhz: 3301, Current Mhz: 3301, Mhz Limit: 3301
Processor Information for processor 2
  Max Mhz: 3301, Current Mhz: 2635, Mhz Limit: 3301
Processor Information for processor 3
  Max Mhz: 3301, Current Mhz: 3301, Mhz Limit: 3301
Processor Information for processor 4
  Max Mhz: 3301, Current Mhz: 3301, Mhz Limit: 3301
Processor Information for processor 5
  Max Mhz: 3301, Current Mhz: 3301, Mhz Limit: 3301
Processor Information for processor 6
  Max Mhz: 3301, Current Mhz: 3301, Mhz Limit: 3301
Processor Information for processor 7
  Max Mhz: 3301, Current Mhz: 2635, Mhz Limit: 3301
Processor Information for processor 8
  Max Mhz: 3301, Current Mhz: 2635, Mhz Limit: 3301
Processor Information for processor 9
  Max Mhz: 3301, Current Mhz: 3301, Mhz Limit: 3301
Processor Information for processor 10
  Max Mhz: 3301, Current Mhz: 2635, Mhz Limit: 3301
Processor Information for processor 11
  Max Mhz: 3301, Current Mhz: 2635, Mhz Limit: 3301

Memory: 4k page, system-wide physical 7498M (369M free)
TotalPageFile size 30026M (AvailPageFile size 31M)
current process WorkingSet (physical memory assigned to process): 194M, peak: 194M
current process commit charge ("private bytes"): 323M, peak: 324M

vm_info: OpenJDK 64-Bit Server VM (21.0.9+10-LTS) for windows-amd64 JRE (21.0.9+10-LTS), built on 2025-10-21T00:00:00Z by "admin" with unknown MS VC++:1942

END.
