#
# There is insufficient memory for the Java Runtime Environment to continue.
# Native memory allocation (malloc) failed to allocate 1048576 bytes. Error detail: AllocateHeap
# Possible reasons:
#   The system is out of physical RAM or swap space
#   This process is running with CompressedOops enabled, and the Java Heap may be blocking the growth of the native heap
# Possible solutions:
#   Reduce memory load on the system
#   Increase physical memory or swap space
#   Check if swap backing store is full
#   Decrease Java heap size (-Xmx/-Xms)
#   Decrease number of Java threads
#   Decrease Java thread stack sizes (-Xss)
#   Set larger code cache with -XX:ReservedCodeCacheSize=
#   JVM is running with Unscaled Compressed Oops mode in which the Java heap is
#     placed in the first 4GB address space. The Java Heap base address is the
#     maximum limit for the native heap growth. Please use -XX:HeapBaseMinAddress
#     to set the Java Heap base and to place the Java Heap above 4GB virtual address.
# This output file may be truncated or incomplete.
#
#  Out of Memory Error (allocation.cpp:44), pid=16948, tid=8700
#
# JRE version: OpenJDK Runtime Environment Temurin-21.0.9+10 (21.0.9+10) (build 21.0.9+10-LTS)
# Java VM: OpenJDK 64-Bit Server VM Temurin-21.0.9+10 (21.0.9+10-LTS, mixed mode, sharing, tiered, compressed oops, compressed class ptrs, parallel gc, windows-amd64)
# No core dump will be written. Minidumps are not enabled by default on client versions of Windows
#

---------------  S U M M A R Y ------------

Command Line: --add-modules=ALL-SYSTEM --add-opens=java.base/java.util=ALL-UNNAMED --add-opens=java.base/java.lang=ALL-UNNAMED --add-opens=java.base/sun.nio.fs=ALL-UNNAMED -Declipse.application=org.eclipse.jdt.ls.core.id1 -Dosgi.bundles.defaultStartLevel=4 -Declipse.product=org.eclipse.jdt.ls.core.product -Djava.import.generatesMetadataFilesAtProjectRoot=false -DDetectVMInstallationsJob.disabled=true -Dfile.encoding=utf8 -XX:+UseParallelGC -XX:GCTimeRatio=4 -XX:AdaptiveSizePolicyWeight=90 -Dsun.zip.disableMemoryMapping=true -Xmx2G -Xms100m -Xlog:disable -javaagent:c:\Users\ajay2\.antigravity\extensions\redhat.java-1.52.0-win32-x64\lombok\lombok-1.18.39-4050.jar -XX:+HeapDumpOnOutOfMemoryError -XX:HeapDumpPath=c:\Users\ajay2\AppData\Roaming\Antigravity\User\workspaceStorage\4be7e5e65e2b3b0b3c1b3c934486c54e\redhat.java -Daether.dependencyCollector.impl=bf c:\Users\ajay2\.antigravity\extensions\redhat.java-1.52.0-win32-x64\server\plugins\org.eclipse.equinox.launcher_1.7.100.v20251111-0406.jar -configuration c:\Users\ajay2\AppData\Roaming\Antigravity\User\globalStorage\redhat.java\1.52.0\config_win -data c:\Users\ajay2\AppData\Roaming\Antigravity\User\workspaceStorage\4be7e5e65e2b3b0b3c1b3c934486c54e\redhat.java\jdt_ws --pipe=\\.\pipe\lsp-5ced4e4d1586c8595c420900db43887b-sock

Host: AMD Ryzen 5 7535HS with Radeon Graphics        , 12 cores, 7G,  Windows 11 , 64 bit Build 26100 (10.0.26100.7705)
Time: Wed Feb 18 11:41:29 2026 India Standard Time elapsed time: 8765.466144 seconds (0d 2h 26m 5s)

---------------  T H R E A D  ---------------

Current thread (0x000002921200aa40):  JavaThread "Attach Listener" daemon [_thread_in_vm, id=8700, stack(0x000000fa73500000,0x000000fa73600000) (1024K)]

Stack: [0x000000fa73500000,0x000000fa73600000]
Native frames: (J=compiled Java code, j=interpreted, Vv=VM code, C=native code)
V  [jvm.dll+0x6d6e29]
V  [jvm.dll+0x8b4b76]
V  [jvm.dll+0x8b712e]
V  [jvm.dll+0x8b7813]
V  [jvm.dll+0x283d86]
V  [jvm.dll+0xc1277]
V  [jvm.dll+0x6d76d9]
V  [jvm.dll+0x133466]
V  [jvm.dll+0x3f7ea6]
V  [jvm.dll+0x85e9ad]
V  [jvm.dll+0x6d565d]
C  [ucrtbase.dll+0x37b0]
C  [KERNEL32.DLL+0x2e8d7]
C  [ntdll.dll+0x8c40c]


---------------  P R O C E S S  ---------------

Threads class SMR info:
_java_thread_list=0x0000029216e7d780, length=39, elements={
0x00000291b454b630, 0x00000292120044b0, 0x00000291b44fd790, 0x0000029212007ee0,
0x000002921200aa40, 0x000002921200b490, 0x000002921200bee0, 0x000002921200ed20,
0x0000029212023490, 0x00000292121f8540, 0x0000029212358ed0, 0x0000029212818960,
0x0000029212e94050, 0x0000029212e26a80, 0x000002921294cab0, 0x00000292135b4040,
0x00000292131d9540, 0x0000029213595410, 0x0000029214173cd0, 0x00000292140d7930,
0x00000292140d51d0, 0x00000292140d5ef0, 0x00000292140d6580, 0x000002921339f820,
0x000002921339feb0, 0x00000292133a18f0, 0x00000292133a39c0, 0x00000292133a0540,
0x00000292133a4050, 0x00000292133a3330, 0x00000292133a0bd0, 0x00000292133a46e0,
0x00000292133a1260, 0x00000292133a5400, 0x00000292133a2ca0, 0x00000292133a1f80,
0x00000292133a5a90, 0x0000029214a47d80, 0x0000029214a476f0
}

Java Threads: ( => current thread )
  0x00000291b454b630 JavaThread "main"                              [_thread_blocked, id=3620, stack(0x000000fa72e00000,0x000000fa72f00000) (1024K)]
  0x00000292120044b0 JavaThread "Reference Handler"          daemon [_thread_blocked, id=27956, stack(0x000000fa73200000,0x000000fa73300000) (1024K)]
  0x00000291b44fd790 JavaThread "Finalizer"                  daemon [_thread_blocked, id=18016, stack(0x000000fa73300000,0x000000fa73400000) (1024K)]
  0x0000029212007ee0 JavaThread "Signal Dispatcher"          daemon [_thread_blocked, id=16488, stack(0x000000fa73400000,0x000000fa73500000) (1024K)]
=>0x000002921200aa40 JavaThread "Attach Listener"            daemon [_thread_in_vm, id=8700, stack(0x000000fa73500000,0x000000fa73600000) (1024K)]
  0x000002921200b490 JavaThread "Service Thread"             daemon [_thread_blocked, id=11820, stack(0x000000fa73600000,0x000000fa73700000) (1024K)]
  0x000002921200bee0 JavaThread "Monitor Deflation Thread"   daemon [_thread_blocked, id=19420, stack(0x000000fa73700000,0x000000fa73800000) (1024K)]
  0x000002921200ed20 JavaThread "C2 CompilerThread0"         daemon [_thread_blocked, id=17960, stack(0x000000fa73800000,0x000000fa73900000) (1024K)]
  0x0000029212023490 JavaThread "C1 CompilerThread0"         daemon [_thread_blocked, id=25040, stack(0x000000fa73900000,0x000000fa73a00000) (1024K)]
  0x00000292121f8540 JavaThread "Common-Cleaner"             daemon [_thread_blocked, id=11104, stack(0x000000fa73a00000,0x000000fa73b00000) (1024K)]
  0x0000029212358ed0 JavaThread "Notification Thread"        daemon [_thread_blocked, id=20904, stack(0x000000fa73b00000,0x000000fa73c00000) (1024K)]
  0x0000029212818960 JavaThread "Active Thread: Equinox Container: c02650a5-5088-4a3d-9e4b-920336e3be7c"        [_thread_blocked, id=13904, stack(0x000000fa74400000,0x000000fa74500000) (1024K)]
  0x0000029212e94050 JavaThread "Refresh Thread: Equinox Container: c02650a5-5088-4a3d-9e4b-920336e3be7c" daemon [_thread_blocked, id=14768, stack(0x000000fa74600000,0x000000fa74700000) (1024K)]
  0x0000029212e26a80 JavaThread "Framework Event Dispatcher: Equinox Container: c02650a5-5088-4a3d-9e4b-920336e3be7c" daemon [_thread_blocked, id=19460, stack(0x000000fa74700000,0x000000fa74800000) (1024K)]
  0x000002921294cab0 JavaThread "Start Level: Equinox Container: c02650a5-5088-4a3d-9e4b-920336e3be7c" daemon [_thread_blocked, id=24876, stack(0x000000fa73c00000,0x000000fa73d00000) (1024K)]
  0x00000292135b4040 JavaThread "Bundle File Closer"         daemon [_thread_blocked, id=21692, stack(0x000000fa74a00000,0x000000fa74b00000) (1024K)]
  0x00000292131d9540 JavaThread "SCR Component Actor"        daemon [_thread_blocked, id=2944, stack(0x000000fa74300000,0x000000fa74400000) (1024K)]
  0x0000029213595410 JavaThread "Worker-JM"                         [_thread_blocked, id=17804, stack(0x000000fa74b00000,0x000000fa74c00000) (1024K)]
  0x0000029214173cd0 JavaThread "JNA Cleaner"                daemon [_thread_blocked, id=11868, stack(0x000000fa74d00000,0x000000fa74e00000) (1024K)]
  0x00000292140d7930 JavaThread "Java indexing"              daemon [_thread_blocked, id=16544, stack(0x000000fa75000000,0x000000fa75100000) (1024K)]
  0x00000292140d51d0 JavaThread "Worker-4"                          [_thread_blocked, id=17464, stack(0x000000fa75500000,0x000000fa75600000) (1024K)]
  0x00000292140d5ef0 JavaThread "Thread-1"                   daemon [_thread_in_native, id=29180, stack(0x000000fa75700000,0x000000fa75800000) (1024K)]
  0x00000292140d6580 JavaThread "Thread-2"                   daemon [_thread_in_native, id=20336, stack(0x000000fa75800000,0x000000fa75900000) (1024K)]
  0x000002921339f820 JavaThread "Thread-3"                   daemon [_thread_in_native, id=2284, stack(0x000000fa75900000,0x000000fa75a00000) (1024K)]
  0x000002921339feb0 JavaThread "Thread-4"                   daemon [_thread_in_native, id=21580, stack(0x000000fa75a00000,0x000000fa75b00000) (1024K)]
  0x00000292133a18f0 JavaThread "Thread-5"                   daemon [_thread_in_native, id=26204, stack(0x000000fa75b00000,0x000000fa75c00000) (1024K)]
  0x00000292133a39c0 JavaThread "Thread-6"                   daemon [_thread_in_native, id=21352, stack(0x000000fa75c00000,0x000000fa75d00000) (1024K)]
  0x00000292133a0540 JavaThread "Thread-7"                   daemon [_thread_in_native, id=21776, stack(0x000000fa75d00000,0x000000fa75e00000) (1024K)]
  0x00000292133a4050 JavaThread "Thread-8"                   daemon [_thread_in_native, id=20348, stack(0x000000fa75e00000,0x000000fa75f00000) (1024K)]
  0x00000292133a3330 JavaThread "Thread-9"                   daemon [_thread_in_native, id=15180, stack(0x000000fa75f00000,0x000000fa76000000) (1024K)]
  0x00000292133a0bd0 JavaThread "Thread-10"                  daemon [_thread_in_native, id=19176, stack(0x000000fa76000000,0x000000fa76100000) (1024K)]
  0x00000292133a46e0 JavaThread "Thread-11"                  daemon [_thread_in_native, id=13768, stack(0x000000fa76100000,0x000000fa76200000) (1024K)]
  0x00000292133a1260 JavaThread "Thread-12"                  daemon [_thread_in_native, id=24536, stack(0x000000fa76200000,0x000000fa76300000) (1024K)]
  0x00000292133a5400 JavaThread "Thread-13"                  daemon [_thread_in_native, id=22168, stack(0x000000fa76300000,0x000000fa76400000) (1024K)]
  0x00000292133a2ca0 JavaThread "pool-2-thread-1"                   [_thread_blocked, id=26416, stack(0x000000fa76400000,0x000000fa76500000) (1024K)]
  0x00000292133a1f80 JavaThread "WorkspaceEventsHandler"            [_thread_blocked, id=6844, stack(0x000000fa76500000,0x000000fa76600000) (1024K)]
  0x00000292133a5a90 JavaThread "pool-1-thread-1"                   [_thread_blocked, id=6500, stack(0x000000fa76600000,0x000000fa76700000) (1024K)]
  0x0000029214a47d80 JavaThread "Timer-0"                           [_thread_blocked, id=21652, stack(0x000000fa77200000,0x000000fa77300000) (1024K)]
  0x0000029214a476f0 JavaThread "Worker-6"                          [_thread_blocked, id=7116, stack(0x000000fa72b00000,0x000000fa72c00000) (1024K)]
Total: 39

Other Threads:
  0x00000291b44e4820 VMThread "VM Thread"                           [id=24688, stack(0x000000fa73100000,0x000000fa73200000) (1024K)]
  0x00000291b43dc0c0 WatcherThread "VM Periodic Task Thread"        [id=8568, stack(0x000000fa73000000,0x000000fa73100000) (1024K)]
  0x00000291b456bc30 WorkerThread "GC Thread#0"                     [id=4800, stack(0x000000fa72f00000,0x000000fa73000000) (1024K)]
  0x0000029212a313c0 WorkerThread "GC Thread#1"                     [id=25952, stack(0x000000fa73d00000,0x000000fa73e00000) (1024K)]
  0x00000292127444b0 WorkerThread "GC Thread#2"                     [id=12100, stack(0x000000fa73e00000,0x000000fa73f00000) (1024K)]
  0x0000029212744850 WorkerThread "GC Thread#3"                     [id=28152, stack(0x000000fa73f00000,0x000000fa74000000) (1024K)]
  0x0000029212744bf0 WorkerThread "GC Thread#4"                     [id=25936, stack(0x000000fa74000000,0x000000fa74100000) (1024K)]
  0x0000029212799cd0 WorkerThread "GC Thread#5"                     [id=1520, stack(0x000000fa74100000,0x000000fa74200000) (1024K)]
  0x000002921279a070 WorkerThread "GC Thread#6"                     [id=23912, stack(0x000000fa74200000,0x000000fa74300000) (1024K)]
  0x0000029212becbe0 WorkerThread "GC Thread#7"                     [id=18784, stack(0x000000fa74500000,0x000000fa74600000) (1024K)]
  0x00000292134c3bc0 WorkerThread "GC Thread#8"                     [id=16388, stack(0x000000fa74800000,0x000000fa74900000) (1024K)]
  0x0000029212bb6780 WorkerThread "GC Thread#9"                     [id=21876, stack(0x000000fa74900000,0x000000fa74a00000) (1024K)]
Total: 12

Threads with active compile tasks:
Total: 0

VM state: not at safepoint (normal execution)

VM Mutex/Monitor currently owned by a thread: None

Heap address: 0x0000000080000000, size: 2048 MB, Compressed Oops mode: 32-bit

CDS archive(s) mapped at: [0x00000291cb000000-0x00000291cbba0000-0x00000291cbba0000), size 12189696, SharedBaseAddress: 0x00000291cb000000, ArchiveRelocationMode: 1.
Compressed class space mapped at: 0x00000291cc000000-0x000002920c000000, reserved size: 1073741824
Narrow klass base: 0x00000291cb000000, Narrow klass shift: 0, Narrow klass range: 0x100000000

GC Precious Log:
 CardTable entry size: 512
 CPUs: 12 total, 12 available
 Memory: 7498M
 Large Page Support: Disabled
 NUMA Support: Disabled
 Compressed Oops: Enabled (32-bit)
 Alignments: Space 512K, Generation 512K, Heap 2M
 Heap Min Capacity: 100M
 Heap Initial Capacity: 100M
 Heap Max Capacity: 2G
 Pre-touch: Disabled
 Parallel Workers: 10

Heap:
 PSYoungGen      total 2048K, used 1387K [0x00000000d5580000, 0x00000000d5900000, 0x0000000100000000)
  eden space 1536K, 71% used [0x00000000d5580000,0x00000000d5692db0,0x00000000d5700000)
  from space 512K, 56% used [0x00000000d5880000,0x00000000d58c8000,0x00000000d5900000)
  to   space 512K, 0% used [0x00000000d5800000,0x00000000d5800000,0x00000000d5880000)
 ParOldGen       total 278528K, used 278128K [0x0000000080000000, 0x0000000091000000, 0x00000000d5580000)
  object space 278528K, 99% used [0x0000000080000000,0x0000000090f9c018,0x0000000091000000)
 Metaspace       used 71074K, committed 72448K, reserved 1114112K
  class space    used 7732K, committed 8320K, reserved 1048576K

Card table byte_map: [0x00000291b3ef0000,0x00000291b4300000] _byte_map_base: 0x00000291b3af0000

Marking Bits: (ParMarkBitMap*) 0x00007ffe10db2460
 Begin Bits: [0x00000291c6a00000, 0x00000291c8a00000)
 End Bits:   [0x00000291c8a00000, 0x00000291caa00000)

Polling page: 0x00000291b2330000

Metaspace:

Usage:
  Non-class:     61.86 MB used.
      Class:      7.55 MB used.
       Both:     69.41 MB used.

Virtual space:
  Non-class space:       64.00 MB reserved,      62.62 MB ( 98%) committed,  1 nodes.
      Class space:        1.00 GB reserved,       8.12 MB ( <1%) committed,  1 nodes.
             Both:        1.06 GB reserved,      70.75 MB (  7%) committed. 

Chunk freelists:
   Non-Class:  1.23 MB
       Class:  7.91 MB
        Both:  9.14 MB

MaxMetaspaceSize: unlimited
CompressedClassSpaceSize: 1.00 GB
Initial GC threshold: 21.00 MB
Current GC threshold: 97.31 MB
CDS: on
 - commit_granule_bytes: 65536.
 - commit_granule_words: 8192.
 - virtual_space_node_default_size: 8388608.
 - enlarge_chunks_in_place: 1.
 - use_allocation_guard: 0.


Internal statistics:

num_allocs_failed_limit: 9.
num_arena_births: 1398.
num_arena_deaths: 400.
num_vsnodes_births: 2.
num_vsnodes_deaths: 0.
num_space_committed: 1132.
num_space_uncommitted: 0.
num_chunks_returned_to_freelist: 447.
num_chunks_taken_from_freelist: 4895.
num_chunk_merges: 113.
num_chunk_splits: 2909.
num_chunks_enlarged: 1771.
num_inconsistent_stats: 0.

CodeHeap 'non-profiled nmethods': size=120000Kb used=9213Kb max_used=9213Kb free=110787Kb
 bounds [0x00000291bf220000, 0x00000291bfb20000, 0x00000291c6750000]
CodeHeap 'profiled nmethods': size=120000Kb used=32146Kb max_used=32146Kb free=87854Kb
 bounds [0x00000291b7750000, 0x00000291b96c0000, 0x00000291bec80000]
CodeHeap 'non-nmethods': size=5760Kb used=1446Kb max_used=1493Kb free=4313Kb
 bounds [0x00000291bec80000, 0x00000291beef0000, 0x00000291bf220000]
CodeCache: size=245760Kb, used=42805Kb, max_used=42852Kb, free=202954Kb
 total_blobs=14415, nmethods=13659, adapters=659, full_count=0
Compilation: enabled, stopped_count=0, restarted_count=0

Compilation events (20 events):
Event: 8216.091 Thread 0x000002921200ed20 nmethod 14410 0x00000291bfb1ad10 code [0x00000291bfb1afc0, 0x00000291bfb1be30]
Event: 8216.091 Thread 0x0000029212023490 nmethod 14413 0x00000291b96b0490 code [0x00000291b96b0640, 0x00000291b96b0818]
Event: 8216.237 Thread 0x0000029212023490 14414       3       org.eclipse.lsp4j.jsonrpc.messages.Either::forLeft (10 bytes)
Event: 8216.239 Thread 0x0000029212023490 nmethod 14414 0x00000291b96b0910 code [0x00000291b96b0ac0, 0x00000291b96b0ce8]
Event: 8216.251 Thread 0x0000029212023490 14415   !   3       org.eclipse.lsp4j.jsonrpc.json.StreamMessageConsumer::consume (100 bytes)
Event: 8216.261 Thread 0x000002921200ed20 14418       4       java.util.concurrent.CountDownLatch$Sync::tryAcquireShared (13 bytes)
Event: 8216.262 Thread 0x0000029212023490 nmethod 14415 0x00000291b96b0e10 code [0x00000291b96b1180, 0x00000291b96b23f8]
Event: 8216.262 Thread 0x0000029212023490 14416       3       org.eclipse.lsp4j.jsonrpc.json.MessageJsonHandler::serialize (19 bytes)
Event: 8216.262 Thread 0x0000029212023490 nmethod 14416 0x00000291b96b3010 code [0x00000291b96b3220, 0x00000291b96b3778]
Event: 8216.262 Thread 0x0000029212023490 14417       3       org.eclipse.lsp4j.jsonrpc.json.adapters.MessageTypeAdapter::write (10 bytes)
Event: 8216.263 Thread 0x000002921200ed20 nmethod 14418 0x00000291bfb1cb90 code [0x00000291bfb1cd20, 0x00000291bfb1cdc0]
Event: 8216.264 Thread 0x0000029212023490 nmethod 14417 0x00000291b96b3a10 code [0x00000291b96b3bc0, 0x00000291b96b3e08]
Event: 8405.863 Thread 0x000002921200ed20 14419       4       java.util.HashMap$Node::setValue (12 bytes)
Event: 8405.924 Thread 0x000002921200ed20 nmethod 14419 0x00000291bfb1ce90 code [0x00000291bfb1d020, 0x00000291bfb1d0c8]
Event: 8405.926 Thread 0x000002921200ed20 14420       4       org.eclipse.core.internal.resources.MarkerAttributeMap::shareStrings (92 bytes)
Event: 8406.013 Thread 0x0000029212023490 14421       3       org.eclipse.core.internal.jobs.JobListeners::queueEvent (15 bytes)
Event: 8406.070 Thread 0x0000029212023490 nmethod 14421 0x00000291b96b3f10 code [0x00000291b96b40c0, 0x00000291b96b42a8]
Event: 8406.071 Thread 0x0000029212023490 14422       3       java.lang.Thread::isVirtual (5 bytes)
Event: 8406.074 Thread 0x0000029212023490 nmethod 14422 0x00000291b96b4390 code [0x00000291b96b4540, 0x00000291b96b4748]
Event: 8406.156 Thread 0x000002921200ed20 nmethod 14420 0x00000291bfb1d190 code [0x00000291bfb1d440, 0x00000291bfb1e3a8]

GC Heap History (20 events):
Event: 7999.636 GC heap before
{Heap before GC invocations=712 (full 3):
 PSYoungGen      total 2048K, used 1856K [0x00000000d5580000, 0x00000000d5900000, 0x0000000100000000)
  eden space 1536K, 100% used [0x00000000d5580000,0x00000000d5700000,0x00000000d5700000)
  from space 512K, 62% used [0x00000000d5880000,0x00000000d58d0000,0x00000000d5900000)
  to   space 512K, 0% used [0x00000000d5800000,0x00000000d5800000,0x00000000d5880000)
 ParOldGen       total 278016K, used 277576K [0x0000000080000000, 0x0000000090f80000, 0x00000000d5580000)
  object space 278016K, 99% used [0x0000000080000000,0x0000000090f12018,0x0000000090f80000)
 Metaspace       used 71007K, committed 72384K, reserved 1114112K
  class space    used 7732K, committed 8320K, reserved 1048576K
}
Event: 7999.637 GC heap after
{Heap after GC invocations=712 (full 3):
 PSYoungGen      total 2048K, used 288K [0x00000000d5580000, 0x00000000d5900000, 0x0000000100000000)
  eden space 1536K, 0% used [0x00000000d5580000,0x00000000d5580000,0x00000000d5700000)
  from space 512K, 56% used [0x00000000d5800000,0x00000000d5848000,0x00000000d5880000)
  to   space 512K, 0% used [0x00000000d5880000,0x00000000d5880000,0x00000000d5900000)
 ParOldGen       total 278016K, used 277632K [0x0000000080000000, 0x0000000090f80000, 0x00000000d5580000)
  object space 278016K, 99% used [0x0000000080000000,0x0000000090f20018,0x0000000090f80000)
 Metaspace       used 71007K, committed 72384K, reserved 1114112K
  class space    used 7732K, committed 8320K, reserved 1048576K
}
Event: 7999.662 GC heap before
{Heap before GC invocations=713 (full 3):
 PSYoungGen      total 2048K, used 1824K [0x00000000d5580000, 0x00000000d5900000, 0x0000000100000000)
  eden space 1536K, 100% used [0x00000000d5580000,0x00000000d5700000,0x00000000d5700000)
  from space 512K, 56% used [0x00000000d5800000,0x00000000d5848000,0x00000000d5880000)
  to   space 512K, 0% used [0x00000000d5880000,0x00000000d5880000,0x00000000d5900000)
 ParOldGen       total 278016K, used 277632K [0x0000000080000000, 0x0000000090f80000, 0x00000000d5580000)
  object space 278016K, 99% used [0x0000000080000000,0x0000000090f20018,0x0000000090f80000)
 Metaspace       used 71008K, committed 72384K, reserved 1114112K
  class space    used 7732K, committed 8320K, reserved 1048576K
}
Event: 7999.663 GC heap after
{Heap after GC invocations=713 (full 3):
 PSYoungGen      total 2048K, used 288K [0x00000000d5580000, 0x00000000d5900000, 0x0000000100000000)
  eden space 1536K, 0% used [0x00000000d5580000,0x00000000d5580000,0x00000000d5700000)
  from space 512K, 56% used [0x00000000d5880000,0x00000000d58c8000,0x00000000d5900000)
  to   space 512K, 0% used [0x00000000d5800000,0x00000000d5800000,0x00000000d5880000)
 ParOldGen       total 278016K, used 277704K [0x0000000080000000, 0x0000000090f80000, 0x00000000d5580000)
  object space 278016K, 99% used [0x0000000080000000,0x0000000090f32018,0x0000000090f80000)
 Metaspace       used 71008K, committed 72384K, reserved 1114112K
  class space    used 7732K, committed 8320K, reserved 1048576K
}
Event: 7999.672 GC heap before
{Heap before GC invocations=714 (full 3):
 PSYoungGen      total 2048K, used 1824K [0x00000000d5580000, 0x00000000d5900000, 0x0000000100000000)
  eden space 1536K, 100% used [0x00000000d5580000,0x00000000d5700000,0x00000000d5700000)
  from space 512K, 56% used [0x00000000d5880000,0x00000000d58c8000,0x00000000d5900000)
  to   space 512K, 0% used [0x00000000d5800000,0x00000000d5800000,0x00000000d5880000)
 ParOldGen       total 278016K, used 277704K [0x0000000080000000, 0x0000000090f80000, 0x00000000d5580000)
  object space 278016K, 99% used [0x0000000080000000,0x0000000090f32018,0x0000000090f80000)
 Metaspace       used 71008K, committed 72384K, reserved 1114112K
  class space    used 7732K, committed 8320K, reserved 1048576K
}
Event: 7999.673 GC heap after
{Heap after GC invocations=714 (full 3):
 PSYoungGen      total 2048K, used 256K [0x00000000d5580000, 0x00000000d5900000, 0x0000000100000000)
  eden space 1536K, 0% used [0x00000000d5580000,0x00000000d5580000,0x00000000d5700000)
  from space 512K, 50% used [0x00000000d5800000,0x00000000d5840000,0x00000000d5880000)
  to   space 512K, 0% used [0x00000000d5880000,0x00000000d5880000,0x00000000d5900000)
 ParOldGen       total 278016K, used 277776K [0x0000000080000000, 0x0000000090f80000, 0x00000000d5580000)
  object space 278016K, 99% used [0x0000000080000000,0x0000000090f44018,0x0000000090f80000)
 Metaspace       used 71008K, committed 72384K, reserved 1114112K
  class space    used 7732K, committed 8320K, reserved 1048576K
}
Event: 8000.554 GC heap before
{Heap before GC invocations=715 (full 3):
 PSYoungGen      total 2048K, used 1792K [0x00000000d5580000, 0x00000000d5900000, 0x0000000100000000)
  eden space 1536K, 100% used [0x00000000d5580000,0x00000000d5700000,0x00000000d5700000)
  from space 512K, 50% used [0x00000000d5800000,0x00000000d5840000,0x00000000d5880000)
  to   space 512K, 0% used [0x00000000d5880000,0x00000000d5880000,0x00000000d5900000)
 ParOldGen       total 278016K, used 277776K [0x0000000080000000, 0x0000000090f80000, 0x00000000d5580000)
  object space 278016K, 99% used [0x0000000080000000,0x0000000090f44018,0x0000000090f80000)
 Metaspace       used 71013K, committed 72384K, reserved 1114112K
  class space    used 7732K, committed 8320K, reserved 1048576K
}
Event: 8000.554 GC heap after
{Heap after GC invocations=715 (full 3):
 PSYoungGen      total 2048K, used 320K [0x00000000d5580000, 0x00000000d5900000, 0x0000000100000000)
  eden space 1536K, 0% used [0x00000000d5580000,0x00000000d5580000,0x00000000d5700000)
  from space 512K, 62% used [0x00000000d5880000,0x00000000d58d0000,0x00000000d5900000)
  to   space 512K, 0% used [0x00000000d5800000,0x00000000d5800000,0x00000000d5880000)
 ParOldGen       total 278016K, used 277792K [0x0000000080000000, 0x0000000090f80000, 0x00000000d5580000)
  object space 278016K, 99% used [0x0000000080000000,0x0000000090f48018,0x0000000090f80000)
 Metaspace       used 71013K, committed 72384K, reserved 1114112K
  class space    used 7732K, committed 8320K, reserved 1048576K
}
Event: 8000.833 GC heap before
{Heap before GC invocations=716 (full 3):
 PSYoungGen      total 2048K, used 1855K [0x00000000d5580000, 0x00000000d5900000, 0x0000000100000000)
  eden space 1536K, 99% used [0x00000000d5580000,0x00000000d56ffff8,0x00000000d5700000)
  from space 512K, 62% used [0x00000000d5880000,0x00000000d58d0000,0x00000000d5900000)
  to   space 512K, 0% used [0x00000000d5800000,0x00000000d5800000,0x00000000d5880000)
 ParOldGen       total 278016K, used 277792K [0x0000000080000000, 0x0000000090f80000, 0x00000000d5580000)
  object space 278016K, 99% used [0x0000000080000000,0x0000000090f48018,0x0000000090f80000)
 Metaspace       used 71022K, committed 72384K, reserved 1114112K
  class space    used 7732K, committed 8320K, reserved 1048576K
}
Event: 8000.833 GC heap after
{Heap after GC invocations=716 (full 3):
 PSYoungGen      total 2048K, used 288K [0x00000000d5580000, 0x00000000d5900000, 0x0000000100000000)
  eden space 1536K, 0% used [0x00000000d5580000,0x00000000d5580000,0x00000000d5700000)
  from space 512K, 56% used [0x00000000d5800000,0x00000000d5848000,0x00000000d5880000)
  to   space 512K, 0% used [0x00000000d5880000,0x00000000d5880000,0x00000000d5900000)
 ParOldGen       total 278016K, used 277872K [0x0000000080000000, 0x0000000090f80000, 0x00000000d5580000)
  object space 278016K, 99% used [0x0000000080000000,0x0000000090f5c018,0x0000000090f80000)
 Metaspace       used 71022K, committed 72384K, reserved 1114112K
  class space    used 7732K, committed 8320K, reserved 1048576K
}
Event: 8001.800 GC heap before
{Heap before GC invocations=717 (full 3):
 PSYoungGen      total 2048K, used 1824K [0x00000000d5580000, 0x00000000d5900000, 0x0000000100000000)
  eden space 1536K, 100% used [0x00000000d5580000,0x00000000d5700000,0x00000000d5700000)
  from space 512K, 56% used [0x00000000d5800000,0x00000000d5848000,0x00000000d5880000)
  to   space 512K, 0% used [0x00000000d5880000,0x00000000d5880000,0x00000000d5900000)
 ParOldGen       total 278016K, used 277872K [0x0000000080000000, 0x0000000090f80000, 0x00000000d5580000)
  object space 278016K, 99% used [0x0000000080000000,0x0000000090f5c018,0x0000000090f80000)
 Metaspace       used 71024K, committed 72384K, reserved 1114112K
  class space    used 7732K, committed 8320K, reserved 1048576K
}
Event: 8001.801 GC heap after
{Heap after GC invocations=717 (full 3):
 PSYoungGen      total 2048K, used 320K [0x00000000d5580000, 0x00000000d5900000, 0x0000000100000000)
  eden space 1536K, 0% used [0x00000000d5580000,0x00000000d5580000,0x00000000d5700000)
  from space 512K, 62% used [0x00000000d5880000,0x00000000d58d0000,0x00000000d5900000)
  to   space 512K, 0% used [0x00000000d5800000,0x00000000d5800000,0x00000000d5880000)
 ParOldGen       total 278016K, used 277936K [0x0000000080000000, 0x0000000090f80000, 0x00000000d5580000)
  object space 278016K, 99% used [0x0000000080000000,0x0000000090f6c018,0x0000000090f80000)
 Metaspace       used 71024K, committed 72384K, reserved 1114112K
  class space    used 7732K, committed 8320K, reserved 1048576K
}
Event: 8012.125 GC heap before
{Heap before GC invocations=718 (full 3):
 PSYoungGen      total 2048K, used 1856K [0x00000000d5580000, 0x00000000d5900000, 0x0000000100000000)
  eden space 1536K, 100% used [0x00000000d5580000,0x00000000d5700000,0x00000000d5700000)
  from space 512K, 62% used [0x00000000d5880000,0x00000000d58d0000,0x00000000d5900000)
  to   space 512K, 0% used [0x00000000d5800000,0x00000000d5800000,0x00000000d5880000)
 ParOldGen       total 278016K, used 277936K [0x0000000080000000, 0x0000000090f80000, 0x00000000d5580000)
  object space 278016K, 99% used [0x0000000080000000,0x0000000090f6c018,0x0000000090f80000)
 Metaspace       used 71035K, committed 72384K, reserved 1114112K
  class space    used 7732K, committed 8320K, reserved 1048576K
}
Event: 8012.126 GC heap after
{Heap after GC invocations=718 (full 3):
 PSYoungGen      total 2048K, used 288K [0x00000000d5580000, 0x00000000d5900000, 0x0000000100000000)
  eden space 1536K, 0% used [0x00000000d5580000,0x00000000d5580000,0x00000000d5700000)
  from space 512K, 56% used [0x00000000d5800000,0x00000000d5848000,0x00000000d5880000)
  to   space 512K, 0% used [0x00000000d5880000,0x00000000d5880000,0x00000000d5900000)
 ParOldGen       total 278016K, used 278000K [0x0000000080000000, 0x0000000090f80000, 0x00000000d5580000)
  object space 278016K, 99% used [0x0000000080000000,0x0000000090f7c018,0x0000000090f80000)
 Metaspace       used 71035K, committed 72384K, reserved 1114112K
  class space    used 7732K, committed 8320K, reserved 1048576K
}
Event: 8012.145 GC heap before
{Heap before GC invocations=719 (full 3):
 PSYoungGen      total 2048K, used 1824K [0x00000000d5580000, 0x00000000d5900000, 0x0000000100000000)
  eden space 1536K, 100% used [0x00000000d5580000,0x00000000d5700000,0x00000000d5700000)
  from space 512K, 56% used [0x00000000d5800000,0x00000000d5848000,0x00000000d5880000)
  to   space 512K, 0% used [0x00000000d5880000,0x00000000d5880000,0x00000000d5900000)
 ParOldGen       total 278016K, used 278000K [0x0000000080000000, 0x0000000090f80000, 0x00000000d5580000)
  object space 278016K, 99% used [0x0000000080000000,0x0000000090f7c018,0x0000000090f80000)
 Metaspace       used 71038K, committed 72384K, reserved 1114112K
  class space    used 7732K, committed 8320K, reserved 1048576K
}
Event: 8012.146 GC heap after
{Heap after GC invocations=719 (full 3):
 PSYoungGen      total 2048K, used 192K [0x00000000d5580000, 0x00000000d5900000, 0x0000000100000000)
  eden space 1536K, 0% used [0x00000000d5580000,0x00000000d5580000,0x00000000d5700000)
  from space 512K, 37% used [0x00000000d5880000,0x00000000d58b0000,0x00000000d5900000)
  to   space 512K, 0% used [0x00000000d5800000,0x00000000d5800000,0x00000000d5880000)
 ParOldGen       total 278528K, used 278056K [0x0000000080000000, 0x0000000091000000, 0x00000000d5580000)
  object space 278528K, 99% used [0x0000000080000000,0x0000000090f8a018,0x0000000091000000)
 Metaspace       used 71038K, committed 72384K, reserved 1114112K
  class space    used 7732K, committed 8320K, reserved 1048576K
}
Event: 8012.156 GC heap before
{Heap before GC invocations=720 (full 3):
 PSYoungGen      total 2048K, used 1727K [0x00000000d5580000, 0x00000000d5900000, 0x0000000100000000)
  eden space 1536K, 99% used [0x00000000d5580000,0x00000000d56fffa8,0x00000000d5700000)
  from space 512K, 37% used [0x00000000d5880000,0x00000000d58b0000,0x00000000d5900000)
  to   space 512K, 0% used [0x00000000d5800000,0x00000000d5800000,0x00000000d5880000)
 ParOldGen       total 278528K, used 278056K [0x0000000080000000, 0x0000000091000000, 0x00000000d5580000)
  object space 278528K, 99% used [0x0000000080000000,0x0000000090f8a018,0x0000000091000000)
 Metaspace       used 71039K, committed 72384K, reserved 1114112K
  class space    used 7732K, committed 8320K, reserved 1048576K
}
Event: 8012.156 GC heap after
{Heap after GC invocations=720 (full 3):
 PSYoungGen      total 2048K, used 288K [0x00000000d5580000, 0x00000000d5900000, 0x0000000100000000)
  eden space 1536K, 0% used [0x00000000d5580000,0x00000000d5580000,0x00000000d5700000)
  from space 512K, 56% used [0x00000000d5800000,0x00000000d5848000,0x00000000d5880000)
  to   space 512K, 0% used [0x00000000d5880000,0x00000000d5880000,0x00000000d5900000)
 ParOldGen       total 278528K, used 278120K [0x0000000080000000, 0x0000000091000000, 0x00000000d5580000)
  object space 278528K, 99% used [0x0000000080000000,0x0000000090f9a018,0x0000000091000000)
 Metaspace       used 71039K, committed 72384K, reserved 1114112K
  class space    used 7732K, committed 8320K, reserved 1048576K
}
Event: 8215.800 GC heap before
{Heap before GC invocations=721 (full 3):
 PSYoungGen      total 2048K, used 1823K [0x00000000d5580000, 0x00000000d5900000, 0x0000000100000000)
  eden space 1536K, 99% used [0x00000000d5580000,0x00000000d56fffd8,0x00000000d5700000)
  from space 512K, 56% used [0x00000000d5800000,0x00000000d5848000,0x00000000d5880000)
  to   space 512K, 0% used [0x00000000d5880000,0x00000000d5880000,0x00000000d5900000)
 ParOldGen       total 278528K, used 278120K [0x0000000080000000, 0x0000000091000000, 0x00000000d5580000)
  object space 278528K, 99% used [0x0000000080000000,0x0000000090f9a018,0x0000000091000000)
 Metaspace       used 71064K, committed 72448K, reserved 1114112K
  class space    used 7732K, committed 8320K, reserved 1048576K
}
Event: 8215.953 GC heap after
{Heap after GC invocations=721 (full 3):
 PSYoungGen      total 2048K, used 288K [0x00000000d5580000, 0x00000000d5900000, 0x0000000100000000)
  eden space 1536K, 0% used [0x00000000d5580000,0x00000000d5580000,0x00000000d5700000)
  from space 512K, 56% used [0x00000000d5880000,0x00000000d58c8000,0x00000000d5900000)
  to   space 512K, 0% used [0x00000000d5800000,0x00000000d5800000,0x00000000d5880000)
 ParOldGen       total 278528K, used 278128K [0x0000000080000000, 0x0000000091000000, 0x00000000d5580000)
  object space 278528K, 99% used [0x0000000080000000,0x0000000090f9c018,0x0000000091000000)
 Metaspace       used 71064K, committed 72448K, reserved 1114112K
  class space    used 7732K, committed 8320K, reserved 1048576K
}

Dll operation events (13 events):
Event: 0.030 Loaded shared library c:\Users\ajay2\.antigravity\extensions\redhat.java-1.52.0-win32-x64\jre\21.0.9-win32-x86_64\bin\java.dll
Event: 0.163 Loaded shared library c:\Users\ajay2\.antigravity\extensions\redhat.java-1.52.0-win32-x64\jre\21.0.9-win32-x86_64\bin\zip.dll
Event: 0.200 Loaded shared library C:\Users\ajay2\.antigravity\extensions\redhat.java-1.52.0-win32-x64\jre\21.0.9-win32-x86_64\bin\instrument.dll
Event: 0.209 Loaded shared library C:\Users\ajay2\.antigravity\extensions\redhat.java-1.52.0-win32-x64\jre\21.0.9-win32-x86_64\bin\net.dll
Event: 0.215 Loaded shared library C:\Users\ajay2\.antigravity\extensions\redhat.java-1.52.0-win32-x64\jre\21.0.9-win32-x86_64\bin\nio.dll
Event: 0.220 Loaded shared library C:\Users\ajay2\.antigravity\extensions\redhat.java-1.52.0-win32-x64\jre\21.0.9-win32-x86_64\bin\zip.dll
Event: 0.255 Loaded shared library C:\Users\ajay2\.antigravity\extensions\redhat.java-1.52.0-win32-x64\jre\21.0.9-win32-x86_64\bin\jimage.dll
Event: 0.422 Loaded shared library c:\Users\ajay2\.antigravity\extensions\redhat.java-1.52.0-win32-x64\jre\21.0.9-win32-x86_64\bin\verify.dll
Event: 2.234 Loaded shared library C:\Users\ajay2\AppData\Roaming\Antigravity\User\globalStorage\redhat.java\1.52.0\config_win\org.eclipse.equinox.launcher\org.eclipse.equinox.launcher.win32.win32.x86_64_1.2.1500.v20260121-1430\eclipse_11919.dll
Event: 4.460 Loaded shared library C:\Users\ajay2\AppData\Local\Temp\jna-92836401\jna13766013268530519526.dll
Event: 11.393 Loaded shared library C:\Users\ajay2\.gradle\native\1def1411415f61bf3af743bc5b6707747c0891f09f0c88961ee8f79bc544acac\windows-amd64\native-platform.dll
Event: 12.490 Loaded shared library C:\Users\ajay2\.antigravity\extensions\redhat.java-1.52.0-win32-x64\jre\21.0.9-win32-x86_64\bin\management.dll
Event: 12.494 Loaded shared library C:\Users\ajay2\.antigravity\extensions\redhat.java-1.52.0-win32-x64\jre\21.0.9-win32-x86_64\bin\management_ext.dll

Deoptimization events (20 events):
Event: 7959.642 Thread 0x00000292133a1f80 Uncommon trap: trap_request=0xffffffbe fr.pc=0x00000291bfadc0f8 relative=0x0000000000000f58
Event: 7959.642 Thread 0x00000292133a1f80 Uncommon trap: reason=profile_predicate action=maybe_recompile pc=0x00000291bfadc0f8 method=org.eclipse.core.internal.jobs.DeadlockDetector.reduceGraph(ILorg/eclipse/core/runtime/jobs/ISchedulingRule;)V @ 67 c2
Event: 7959.642 Thread 0x00000292133a1f80 DEOPT PACKING pc=0x00000291bfadc0f8 sp=0x000000fa765fecc0
Event: 7959.642 Thread 0x00000292133a1f80 DEOPT UNPACKING pc=0x00000291becd3aa2 sp=0x000000fa765fec50 mode 2
Event: 7959.754 Thread 0x0000029214a476f0 Uncommon trap: trap_request=0xffffffbe fr.pc=0x00000291bfadc0f8 relative=0x0000000000000f58
Event: 7959.754 Thread 0x0000029214a476f0 Uncommon trap: reason=profile_predicate action=maybe_recompile pc=0x00000291bfadc0f8 method=org.eclipse.core.internal.jobs.DeadlockDetector.reduceGraph(ILorg/eclipse/core/runtime/jobs/ISchedulingRule;)V @ 67 c2
Event: 7959.754 Thread 0x0000029214a476f0 DEOPT PACKING pc=0x00000291bfadc0f8 sp=0x000000fa72bfee40
Event: 7959.754 Thread 0x0000029214a476f0 DEOPT UNPACKING pc=0x00000291becd3aa2 sp=0x000000fa72bfede8 mode 2
Event: 7972.638 Thread 0x00000292133a1f80 Uncommon trap: trap_request=0xffffffbe fr.pc=0x00000291bfadc0f8 relative=0x0000000000000f58
Event: 7972.638 Thread 0x00000292133a1f80 Uncommon trap: reason=profile_predicate action=maybe_recompile pc=0x00000291bfadc0f8 method=org.eclipse.core.internal.jobs.DeadlockDetector.reduceGraph(ILorg/eclipse/core/runtime/jobs/ISchedulingRule;)V @ 67 c2
Event: 7972.638 Thread 0x00000292133a1f80 DEOPT PACKING pc=0x00000291bfadc0f8 sp=0x000000fa765fecc0
Event: 7972.638 Thread 0x00000292133a1f80 DEOPT UNPACKING pc=0x00000291becd3aa2 sp=0x000000fa765fec50 mode 2
Event: 7972.639 Thread 0x00000292133a1f80 Uncommon trap: trap_request=0xffffffbe fr.pc=0x00000291bfadc0f8 relative=0x0000000000000f58
Event: 7972.639 Thread 0x00000292133a1f80 Uncommon trap: reason=profile_predicate action=maybe_recompile pc=0x00000291bfadc0f8 method=org.eclipse.core.internal.jobs.DeadlockDetector.reduceGraph(ILorg/eclipse/core/runtime/jobs/ISchedulingRule;)V @ 67 c2
Event: 7972.639 Thread 0x00000292133a1f80 DEOPT PACKING pc=0x00000291bfadc0f8 sp=0x000000fa765feb60
Event: 7972.639 Thread 0x00000292133a1f80 DEOPT UNPACKING pc=0x00000291becd3aa2 sp=0x000000fa765feaf0 mode 2
Event: 8216.022 Thread 0x00000292140d51d0 Uncommon trap: trap_request=0xffffff45 fr.pc=0x00000291bfa49a98 relative=0x0000000000000658
Event: 8216.023 Thread 0x00000292140d51d0 Uncommon trap: reason=unstable_if action=reinterpret pc=0x00000291bfa49a98 method=org.eclipse.core.internal.resources.SaveManager.lambda$11(Lorg/eclipse/core/internal/resources/MarkerManager;Ljava/io/DataOutputStream;[JLjava/io/DataOutputStream;Lorg/eclip
Event: 8216.023 Thread 0x00000292140d51d0 DEOPT PACKING pc=0x00000291bfa49a98 sp=0x000000fa755febd0
Event: 8216.024 Thread 0x00000292140d51d0 DEOPT UNPACKING pc=0x00000291becd3aa2 sp=0x000000fa755feb68 mode 2

Classes loaded (20 events):
Event: 7886.805 Loading class java/util/stream/Nodes$CollectorTask$OfRef
Event: 7886.824 Loading class java/util/stream/Nodes$CollectorTask
Event: 7886.847 Loading class java/util/stream/Nodes$CollectorTask done
Event: 7886.847 Loading class java/util/stream/Nodes$CollectorTask$OfRef done
Event: 7887.155 Loading class java/util/function/LongFunction
Event: 7887.162 Loading class java/util/function/LongFunction done
Event: 7887.177 Loading class java/util/stream/Nodes$ConcNode
Event: 7887.189 Loading class java/util/stream/Nodes$AbstractConcNode
Event: 7887.203 Loading class java/util/stream/Nodes$AbstractConcNode done
Event: 7887.203 Loading class java/util/stream/Nodes$ConcNode done
Event: 7889.171 Loading class java/util/stream/Nodes$ToArrayTask$OfRef
Event: 7889.206 Loading class java/util/stream/Nodes$ToArrayTask
Event: 7889.216 Loading class java/util/stream/Nodes$ToArrayTask done
Event: 7889.216 Loading class java/util/stream/Nodes$ToArrayTask$OfRef done
Event: 7889.317 Loading class java/io/ObjectOutputStream$BlockDataOutputStream
Event: 7889.341 Loading class java/io/ObjectOutputStream$BlockDataOutputStream done
Event: 7889.342 Loading class java/io/ObjectOutputStream$HandleTable
Event: 7889.350 Loading class java/io/ObjectOutputStream$HandleTable done
Event: 7889.351 Loading class java/io/ObjectOutputStream$ReplaceTable
Event: 7889.357 Loading class java/io/ObjectOutputStream$ReplaceTable done

Classes unloaded (20 events):
Event: 7583.946 Thread 0x00000291b44e4820 Unloading class 0x00000291cc00d800 'java/lang/invoke/LambdaForm$MH+0x00000291cc00d800'
Event: 7583.946 Thread 0x00000291b44e4820 Unloading class 0x00000291cc00d400 'java/lang/invoke/LambdaForm$MH+0x00000291cc00d400'
Event: 7583.946 Thread 0x00000291b44e4820 Unloading class 0x00000291cc00d000 'java/lang/invoke/LambdaForm$MH+0x00000291cc00d000'
Event: 7583.946 Thread 0x00000291b44e4820 Unloading class 0x00000291cc00cc00 'java/lang/invoke/LambdaForm$MH+0x00000291cc00cc00'
Event: 7583.946 Thread 0x00000291b44e4820 Unloading class 0x00000291cc00c800 'java/lang/invoke/LambdaForm$BMH+0x00000291cc00c800'
Event: 7583.946 Thread 0x00000291b44e4820 Unloading class 0x00000291cc00c000 'java/lang/invoke/LambdaForm$DMH+0x00000291cc00c000'
Event: 7583.946 Thread 0x00000291b44e4820 Unloading class 0x00000291cc008c00 'java/lang/invoke/LambdaForm$MH+0x00000291cc008c00'
Event: 7583.946 Thread 0x00000291b44e4820 Unloading class 0x00000291cc008800 'java/lang/invoke/LambdaForm$MH+0x00000291cc008800'
Event: 7583.946 Thread 0x00000291b44e4820 Unloading class 0x00000291cc008400 'java/lang/invoke/LambdaForm$MH+0x00000291cc008400'
Event: 7583.946 Thread 0x00000291b44e4820 Unloading class 0x00000291cc007000 'java/lang/invoke/LambdaForm$MH+0x00000291cc007000'
Event: 7583.946 Thread 0x00000291b44e4820 Unloading class 0x00000291cc006800 'java/lang/invoke/LambdaForm$MH+0x00000291cc006800'
Event: 7583.946 Thread 0x00000291b44e4820 Unloading class 0x00000291cc006400 'java/lang/invoke/LambdaForm$MH+0x00000291cc006400'
Event: 7583.946 Thread 0x00000291b44e4820 Unloading class 0x00000291cc006000 'java/lang/invoke/LambdaForm$MH+0x00000291cc006000'
Event: 7583.946 Thread 0x00000291b44e4820 Unloading class 0x00000291cc005c00 'java/lang/invoke/LambdaForm$BMH+0x00000291cc005c00'
Event: 7583.947 Thread 0x00000291b44e4820 Unloading class 0x00000291cc004800 'java/lang/invoke/LambdaForm$DMH+0x00000291cc004800'
Event: 7583.947 Thread 0x00000291b44e4820 Unloading class 0x00000291cc002800 'java/lang/invoke/LambdaForm$MH+0x00000291cc002800'
Event: 7583.947 Thread 0x00000291b44e4820 Unloading class 0x00000291cc002400 'java/lang/invoke/LambdaForm$MH+0x00000291cc002400'
Event: 7583.947 Thread 0x00000291b44e4820 Unloading class 0x00000291cc002000 'java/lang/invoke/LambdaForm$MH+0x00000291cc002000'
Event: 7583.947 Thread 0x00000291b44e4820 Unloading class 0x00000291cc001800 'java/lang/invoke/LambdaForm$MH+0x00000291cc001800'
Event: 7583.947 Thread 0x00000291b44e4820 Unloading class 0x00000291cc000400 'java/lang/invoke/LambdaForm$MH+0x00000291cc000400'

Classes redefined (0 events):
No events

Internal exceptions (20 events):
Event: 8215.747 Thread 0x00000292140d51d0 Exception <a 'sun/nio/fs/WindowsException'{0x00000000d56ba678}> (0x00000000d56ba678) 
thrown [s\src\hotspot\share\prims\jni.cpp, line 520]
Event: 8215.748 Thread 0x00000292140d51d0 Exception <a 'sun/nio/fs/WindowsException'{0x00000000d56bb2a0}> (0x00000000d56bb2a0) 
thrown [s\src\hotspot\share\prims\jni.cpp, line 520]
Event: 8215.750 Thread 0x00000292140d51d0 Exception <a 'sun/nio/fs/WindowsException'{0x00000000d56bcf28}> (0x00000000d56bcf28) 
thrown [s\src\hotspot\share\prims\jni.cpp, line 520]
Event: 8215.750 Thread 0x00000292140d51d0 Exception <a 'sun/nio/fs/WindowsException'{0x00000000d56bdb50}> (0x00000000d56bdb50) 
thrown [s\src\hotspot\share\prims\jni.cpp, line 520]
Event: 8215.791 Thread 0x00000292140d51d0 Exception <a 'sun/nio/fs/WindowsException'{0x00000000d56edb80}> (0x00000000d56edb80) 
thrown [s\src\hotspot\share\prims\jni.cpp, line 520]
Event: 8215.791 Thread 0x00000292140d51d0 Exception <a 'sun/nio/fs/WindowsException'{0x00000000d56ee7a8}> (0x00000000d56ee7a8) 
thrown [s\src\hotspot\share\prims\jni.cpp, line 520]
Event: 8215.792 Thread 0x00000292140d51d0 Exception <a 'sun/nio/fs/WindowsException'{0x00000000d56f0760}> (0x00000000d56f0760) 
thrown [s\src\hotspot\share\prims\jni.cpp, line 520]
Event: 8215.793 Thread 0x00000292140d51d0 Exception <a 'sun/nio/fs/WindowsException'{0x00000000d56f1138}> (0x00000000d56f1138) 
thrown [s\src\hotspot\share\prims\jni.cpp, line 520]
Event: 8215.794 Thread 0x00000292140d51d0 Exception <a 'sun/nio/fs/WindowsException'{0x00000000d56f3100}> (0x00000000d56f3100) 
thrown [s\src\hotspot\share\prims\jni.cpp, line 520]
Event: 8215.794 Thread 0x00000292140d51d0 Exception <a 'sun/nio/fs/WindowsException'{0x00000000d56f3d50}> (0x00000000d56f3d50) 
thrown [s\src\hotspot\share\prims\jni.cpp, line 520]
Event: 8215.795 Thread 0x00000292140d51d0 Exception <a 'sun/nio/fs/WindowsException'{0x00000000d56f5aa0}> (0x00000000d56f5aa0) 
thrown [s\src\hotspot\share\prims\jni.cpp, line 520]
Event: 8215.795 Thread 0x00000292140d51d0 Exception <a 'sun/nio/fs/WindowsException'{0x00000000d56f66c8}> (0x00000000d56f66c8) 
thrown [s\src\hotspot\share\prims\jni.cpp, line 520]
Event: 8215.796 Thread 0x00000292140d51d0 Exception <a 'sun/nio/fs/WindowsException'{0x00000000d56f8430}> (0x00000000d56f8430) 
thrown [s\src\hotspot\share\prims\jni.cpp, line 520]
Event: 8215.796 Thread 0x00000292140d51d0 Exception <a 'sun/nio/fs/WindowsException'{0x00000000d56f9078}> (0x00000000d56f9078) 
thrown [s\src\hotspot\share\prims\jni.cpp, line 520]
Event: 8215.796 Thread 0x00000292140d51d0 Exception <a 'sun/nio/fs/WindowsException'{0x00000000d56fad30}> (0x00000000d56fad30) 
thrown [s\src\hotspot\share\prims\jni.cpp, line 520]
Event: 8215.796 Thread 0x00000292140d51d0 Exception <a 'sun/nio/fs/WindowsException'{0x00000000d56fb9b8}> (0x00000000d56fb9b8) 
thrown [s\src\hotspot\share\prims\jni.cpp, line 520]
Event: 8215.799 Thread 0x00000292140d51d0 Exception <a 'sun/nio/fs/WindowsException'{0x00000000d56ff230}> (0x00000000d56ff230) 
thrown [s\src\hotspot\share\prims\jni.cpp, line 520]
Event: 8215.799 Thread 0x00000292140d51d0 Exception <a 'sun/nio/fs/WindowsException'{0x00000000d56ffe68}> (0x00000000d56ffe68) 
thrown [s\src\hotspot\share\prims\jni.cpp, line 520]
Event: 8215.955 Thread 0x00000292140d51d0 Exception <a 'sun/nio/fs/WindowsException'{0x00000000d5581748}> (0x00000000d5581748) 
thrown [s\src\hotspot\share\prims\jni.cpp, line 520]
Event: 8215.955 Thread 0x00000292140d51d0 Exception <a 'sun/nio/fs/WindowsException'{0x00000000d5582120}> (0x00000000d5582120) 
thrown [s\src\hotspot\share\prims\jni.cpp, line 520]

ZGC Phase Switch (0 events):
No events

VM Operations (20 events):
Event: 8478.053 Executing VM operation: HandshakeAllThreads (HandshakeForDeflation)
Event: 8478.056 Executing VM operation: HandshakeAllThreads (HandshakeForDeflation) done
Event: 8478.056 Executing VM operation: RendezvousGCThreads
Event: 8478.057 Executing VM operation: RendezvousGCThreads done
Event: 8538.063 Executing VM operation: HandshakeAllThreads (HandshakeForDeflation)
Event: 8538.065 Executing VM operation: HandshakeAllThreads (HandshakeForDeflation) done
Event: 8538.069 Executing VM operation: RendezvousGCThreads
Event: 8538.069 Executing VM operation: RendezvousGCThreads done
Event: 8598.253 Executing VM operation: HandshakeAllThreads (HandshakeForDeflation)
Event: 8598.254 Executing VM operation: HandshakeAllThreads (HandshakeForDeflation) done
Event: 8598.254 Executing VM operation: RendezvousGCThreads
Event: 8598.255 Executing VM operation: RendezvousGCThreads done
Event: 8658.284 Executing VM operation: HandshakeAllThreads (HandshakeForDeflation)
Event: 8658.286 Executing VM operation: HandshakeAllThreads (HandshakeForDeflation) done
Event: 8658.286 Executing VM operation: RendezvousGCThreads
Event: 8658.286 Executing VM operation: RendezvousGCThreads done
Event: 8718.339 Executing VM operation: HandshakeAllThreads (HandshakeForDeflation)
Event: 8718.342 Executing VM operation: HandshakeAllThreads (HandshakeForDeflation) done
Event: 8718.342 Executing VM operation: RendezvousGCThreads
Event: 8718.343 Executing VM operation: RendezvousGCThreads done

Memory protections (0 events):
No events

Nmethod flushes (20 events):
Event: 7584.392 Thread 0x00000291b44e4820 flushing  nmethod 0x00000291b80e5510
Event: 7584.392 Thread 0x00000291b44e4820 flushing  nmethod 0x00000291b80e8b10
Event: 7584.392 Thread 0x00000291b44e4820 flushing  nmethod 0x00000291b80e9b90
Event: 7584.392 Thread 0x00000291b44e4820 flushing  nmethod 0x00000291b80ec890
Event: 7584.392 Thread 0x00000291b44e4820 flushing  nmethod 0x00000291b80ecd90
Event: 7584.392 Thread 0x00000291b44e4820 flushing  nmethod 0x00000291b80ed310
Event: 7584.393 Thread 0x00000291b44e4820 flushing  nmethod 0x00000291b80ef390
Event: 7584.393 Thread 0x00000291b44e4820 flushing  nmethod 0x00000291b80ef890
Event: 7584.393 Thread 0x00000291b44e4820 flushing  nmethod 0x00000291b80f0410
Event: 7584.393 Thread 0x00000291b44e4820 flushing  nmethod 0x00000291b80f1c90
Event: 7584.393 Thread 0x00000291b44e4820 flushing  nmethod 0x00000291b80f2410
Event: 7584.393 Thread 0x00000291b44e4820 flushing  nmethod 0x00000291b80f2790
Event: 7584.393 Thread 0x00000291b44e4820 flushing  nmethod 0x00000291b80f2b10
Event: 7584.393 Thread 0x00000291b44e4820 flushing  nmethod 0x00000291b80f3090
Event: 7584.393 Thread 0x00000291b44e4820 flushing  nmethod 0x00000291b80f3810
Event: 7584.393 Thread 0x00000291b44e4820 flushing  nmethod 0x00000291b80f3c10
Event: 7584.393 Thread 0x00000291b44e4820 flushing  nmethod 0x00000291b80f4290
Event: 7584.393 Thread 0x00000291b44e4820 flushing  nmethod 0x00000291b80f4890
Event: 7584.393 Thread 0x00000291b44e4820 flushing  nmethod 0x00000291b80f4c90
Event: 7584.394 Thread 0x00000291b44e4820 flushing  nmethod 0x00000291b80feb90

Events (20 events):
Event: 8215.961 Thread 0x00000292140d44b0 Thread added: 0x00000292140d6c10
Event: 8215.962 Thread 0x00000292140d6c10 Thread added: 0x00000292140d72a0
Event: 8215.962 Thread 0x00000292140d6c10 Thread added: 0x00000292140d4b40
Event: 8215.963 Thread 0x00000292140d6c10 Thread added: 0x00000292150b6f30
Event: 8215.964 Thread 0x00000292140d72a0 Thread added: 0x00000292150b75c0
Event: 8215.965 Thread 0x00000292140d44b0 Thread added: 0x00000292150b8970
Event: 8215.965 Thread 0x00000292140d4b40 Thread added: 0x00000292150b7c50
Event: 8215.966 Thread 0x00000292140d4b40 Thread added: 0x00000292150b82e0
Event: 8215.967 Thread 0x00000292150b82e0 Thread exited: 0x00000292150b82e0
Event: 8215.967 Thread 0x00000292140d44b0 Thread exited: 0x00000292140d44b0
Event: 8215.967 Thread 0x00000292150b8970 Thread exited: 0x00000292150b8970
Event: 8215.967 Thread 0x00000292140d4b40 Thread exited: 0x00000292140d4b40
Event: 8215.967 Thread 0x00000292150b6f30 Thread exited: 0x00000292150b6f30
Event: 8215.967 Thread 0x00000292150b75c0 Thread exited: 0x00000292150b75c0
Event: 8215.967 Thread 0x00000292140d72a0 Thread exited: 0x00000292140d72a0
Event: 8215.967 Thread 0x00000292150b7c50 Thread exited: 0x00000292150b7c50
Event: 8215.967 Thread 0x00000292140d6c10 Thread exited: 0x00000292140d6c10
Event: 8222.771 Thread 0x00000292140d5860 Thread exited: 0x00000292140d5860
Event: 8251.345 Thread 0x0000029214a4dff0 Thread exited: 0x0000029214a4dff0
Event: 8311.364 Thread 0x0000029214a48aa0 Thread exited: 0x0000029214a48aa0


Dynamic libraries:
0x00007ff640530000 - 0x00007ff64053e000 	c:\Users\ajay2\.antigravity\extensions\redhat.java-1.52.0-win32-x64\jre\21.0.9-win32-x86_64\bin\java.exe
0x00007ffeaf340000 - 0x00007ffeaf5a8000 	C:\WINDOWS\SYSTEM32\ntdll.dll
0x00007ffeae5c0000 - 0x00007ffeae689000 	C:\WINDOWS\System32\KERNEL32.DLL
0x00007ffeacaf0000 - 0x00007ffeacee1000 	C:\WINDOWS\System32\KERNELBASE.dll
0x00007ffeac970000 - 0x00007ffeacabb000 	C:\WINDOWS\System32\ucrtbase.dll
0x00007ffe76500000 - 0x00007ffe76518000 	c:\Users\ajay2\.antigravity\extensions\redhat.java-1.52.0-win32-x64\jre\21.0.9-win32-x86_64\bin\jli.dll
0x00007ffeaef50000 - 0x00007ffeaf116000 	C:\WINDOWS\System32\USER32.dll
0x00007ffeacac0000 - 0x00007ffeacae7000 	C:\WINDOWS\System32\win32u.dll
0x00007ffeaecf0000 - 0x00007ffeaed1b000 	C:\WINDOWS\System32\GDI32.dll
0x00007ffeabe50000 - 0x00007ffeabf7b000 	C:\WINDOWS\System32\gdi32full.dll
0x00007ffeacfa0000 - 0x00007ffead043000 	C:\WINDOWS\System32\msvcp_win.dll
0x00007ffe79450000 - 0x00007ffe7946e000 	c:\Users\ajay2\.antigravity\extensions\redhat.java-1.52.0-win32-x64\jre\21.0.9-win32-x86_64\bin\VCRUNTIME140.dll
0x00007ffe94670000 - 0x00007ffe94903000 	C:\WINDOWS\WinSxS\amd64_microsoft.windows.common-controls_6595b64144ccf1df_6.0.26100.7824_none_3e0870b2e3345462\COMCTL32.dll
0x00007ffeaed20000 - 0x00007ffeaedc9000 	C:\WINDOWS\System32\msvcrt.dll
0x00007ffead6b0000 - 0x00007ffead6e1000 	C:\WINDOWS\System32\IMM32.DLL
0x00007ffea13f0000 - 0x00007ffea13fc000 	c:\Users\ajay2\.antigravity\extensions\redhat.java-1.52.0-win32-x64\jre\21.0.9-win32-x86_64\bin\vcruntime140_1.dll
0x00007ffe479a0000 - 0x00007ffe47a2d000 	c:\Users\ajay2\.antigravity\extensions\redhat.java-1.52.0-win32-x64\jre\21.0.9-win32-x86_64\bin\msvcp140.dll
0x00007ffe100f0000 - 0x00007ffe10e90000 	c:\Users\ajay2\.antigravity\extensions\redhat.java-1.52.0-win32-x64\jre\21.0.9-win32-x86_64\bin\server\jvm.dll
0x00007ffeaedd0000 - 0x00007ffeaee84000 	C:\WINDOWS\System32\ADVAPI32.dll
0x00007ffeae7d0000 - 0x00007ffeae876000 	C:\WINDOWS\System32\sechost.dll
0x00007ffeadbd0000 - 0x00007ffeadce8000 	C:\WINDOWS\System32\RPCRT4.dll
0x00007ffead630000 - 0x00007ffead6a4000 	C:\WINDOWS\System32\WS2_32.dll
0x00007ffeaba80000 - 0x00007ffeabade000 	C:\WINDOWS\SYSTEM32\POWRPROF.dll
0x00007ffe9cd50000 - 0x00007ffe9cd85000 	C:\WINDOWS\SYSTEM32\WINMM.dll
0x00007ffea3810000 - 0x00007ffea381b000 	C:\WINDOWS\SYSTEM32\VERSION.dll
0x00007ffeaba60000 - 0x00007ffeaba74000 	C:\WINDOWS\SYSTEM32\UMPDC.dll
0x00007ffeaa9c0000 - 0x00007ffeaa9db000 	C:\WINDOWS\SYSTEM32\kernel.appcore.dll
0x00007ffe9c5d0000 - 0x00007ffe9c5da000 	c:\Users\ajay2\.antigravity\extensions\redhat.java-1.52.0-win32-x64\jre\21.0.9-win32-x86_64\bin\jimage.dll
0x00007ffea28e0000 - 0x00007ffea2b22000 	C:\WINDOWS\SYSTEM32\DBGHELP.DLL
0x00007ffead6f0000 - 0x00007ffeada76000 	C:\WINDOWS\System32\combase.dll
0x00007ffeaebb0000 - 0x00007ffeaec87000 	C:\WINDOWS\System32\OLEAUT32.dll
0x00007ffe79e20000 - 0x00007ffe79e5b000 	C:\WINDOWS\SYSTEM32\dbgcore.DLL
0x00007ffeacef0000 - 0x00007ffeacf95000 	C:\WINDOWS\System32\bcryptPrimitives.dll
0x00007ffe84630000 - 0x00007ffe8463f000 	c:\Users\ajay2\.antigravity\extensions\redhat.java-1.52.0-win32-x64\jre\21.0.9-win32-x86_64\bin\instrument.dll
0x00007ffe70890000 - 0x00007ffe708b0000 	c:\Users\ajay2\.antigravity\extensions\redhat.java-1.52.0-win32-x64\jre\21.0.9-win32-x86_64\bin\java.dll
0x00007ffeadcf0000 - 0x00007ffeae442000 	C:\WINDOWS\System32\SHELL32.dll
0x00007ffeabc20000 - 0x00007ffeabd8a000 	C:\WINDOWS\System32\wintypes.dll
0x00007ffeabf80000 - 0x00007ffeac7e3000 	C:\WINDOWS\System32\windows.storage.dll
0x00007ffeaeab0000 - 0x00007ffeaeba6000 	C:\WINDOWS\System32\SHCORE.dll
0x00007ffeaeee0000 - 0x00007ffeaef47000 	C:\WINDOWS\System32\shlwapi.dll
0x00007ffeabb40000 - 0x00007ffeabb69000 	C:\WINDOWS\SYSTEM32\profapi.dll
0x00007ffe72870000 - 0x00007ffe72888000 	c:\Users\ajay2\.antigravity\extensions\redhat.java-1.52.0-win32-x64\jre\21.0.9-win32-x86_64\bin\zip.dll
0x00007ffe9a420000 - 0x00007ffe9a430000 	C:\Users\ajay2\.antigravity\extensions\redhat.java-1.52.0-win32-x64\jre\21.0.9-win32-x86_64\bin\net.dll
0x00007ffea4f90000 - 0x00007ffea50b7000 	C:\WINDOWS\SYSTEM32\WINHTTP.dll
0x00007ffeaaf30000 - 0x00007ffeaaf9b000 	C:\WINDOWS\system32\mswsock.dll
0x00007ffe72850000 - 0x00007ffe72866000 	C:\Users\ajay2\.antigravity\extensions\redhat.java-1.52.0-win32-x64\jre\21.0.9-win32-x86_64\bin\nio.dll
0x00007ffe83c00000 - 0x00007ffe83c10000 	c:\Users\ajay2\.antigravity\extensions\redhat.java-1.52.0-win32-x64\jre\21.0.9-win32-x86_64\bin\verify.dll
0x00007ffe49610000 - 0x00007ffe49655000 	C:\Users\ajay2\AppData\Roaming\Antigravity\User\globalStorage\redhat.java\1.52.0\config_win\org.eclipse.equinox.launcher\org.eclipse.equinox.launcher.win32.win32.x86_64_1.2.1500.v20260121-1430\eclipse_11919.dll
0x00007ffeae910000 - 0x00007ffeaeaa7000 	C:\WINDOWS\System32\ole32.dll
0x00007ffeab210000 - 0x00007ffeab22b000 	C:\WINDOWS\SYSTEM32\CRYPTSP.dll
0x00007ffeaa920000 - 0x00007ffeaa959000 	C:\WINDOWS\system32\rsaenh.dll
0x00007ffeaafe0000 - 0x00007ffeab00b000 	C:\WINDOWS\SYSTEM32\USERENV.dll
0x00007ffeabb10000 - 0x00007ffeabb3a000 	C:\WINDOWS\SYSTEM32\bcrypt.dll
0x00007ffeab200000 - 0x00007ffeab20c000 	C:\WINDOWS\SYSTEM32\CRYPTBASE.dll
0x00007ffeaa380000 - 0x00007ffeaa3b4000 	C:\WINDOWS\SYSTEM32\IPHLPAPI.DLL
0x00007ffead600000 - 0x00007ffead60a000 	C:\WINDOWS\System32\NSI.dll
0x00007ffe48870000 - 0x00007ffe488b9000 	C:\Users\ajay2\AppData\Local\Temp\jna-92836401\jna13766013268530519526.dll
0x00007ffeae6c0000 - 0x00007ffeae6c8000 	C:\WINDOWS\System32\PSAPI.DLL
0x00007ffea5d50000 - 0x00007ffea5d6e000 	C:\WINDOWS\SYSTEM32\dhcpcsvc6.DLL
0x00007ffea5d20000 - 0x00007ffea5d43000 	C:\WINDOWS\SYSTEM32\dhcpcsvc.DLL
0x00007ffe50060000 - 0x00007ffe50087000 	C:\Users\ajay2\.gradle\native\1def1411415f61bf3af743bc5b6707747c0891f09f0c88961ee8f79bc544acac\windows-amd64\native-platform.dll
0x00007ffe96280000 - 0x00007ffe9628a000 	C:\Users\ajay2\.antigravity\extensions\redhat.java-1.52.0-win32-x64\jre\21.0.9-win32-x86_64\bin\management.dll
0x00007ffe8aa20000 - 0x00007ffe8aa2c000 	C:\Users\ajay2\.antigravity\extensions\redhat.java-1.52.0-win32-x64\jre\21.0.9-win32-x86_64\bin\management_ext.dll

JVMTI agents:
c:\Users\ajay2\.antigravity\extensions\redhat.java-1.52.0-win32-x64\lombok\lombok-1.18.39-4050.jar path:c:\Users\ajay2\.antigravity\extensions\redhat.java-1.52.0-win32-x64\jre\21.0.9-win32-x86_64\bin\instrument.dll, loaded, initialized, instrumentlib options:none

dbghelp: loaded successfully - version: 4.0.5 - missing functions: none
symbol engine: initialized successfully - sym options: 0x614 - pdb path: .;c:\Users\ajay2\.antigravity\extensions\redhat.java-1.52.0-win32-x64\jre\21.0.9-win32-x86_64\bin;C:\WINDOWS\SYSTEM32;C:\WINDOWS\WinSxS\amd64_microsoft.windows.common-controls_6595b64144ccf1df_6.0.26100.7824_none_3e0870b2e3345462;c:\Users\ajay2\.antigravity\extensions\redhat.java-1.52.0-win32-x64\jre\21.0.9-win32-x86_64\bin\server;C:\Users\ajay2\AppData\Roaming\Antigravity\User\globalStorage\redhat.java\1.52.0\config_win\org.eclipse.equinox.launcher\org.eclipse.equinox.launcher.win32.win32.x86_64_1.2.1500.v20260121-1430;C:\Users\ajay2\AppData\Local\Temp\jna-92836401;C:\Users\ajay2\.gradle\native\1def1411415f61bf3af743bc5b6707747c0891f09f0c88961ee8f79bc544acac\windows-amd64

VM Arguments:
jvm_args: --add-modules=ALL-SYSTEM --add-opens=java.base/java.util=ALL-UNNAMED --add-opens=java.base/java.lang=ALL-UNNAMED --add-opens=java.base/sun.nio.fs=ALL-UNNAMED -Declipse.application=org.eclipse.jdt.ls.core.id1 -Dosgi.bundles.defaultStartLevel=4 -Declipse.product=org.eclipse.jdt.ls.core.product -Djava.import.generatesMetadataFilesAtProjectRoot=false -DDetectVMInstallationsJob.disabled=true -Dfile.encoding=utf8 -XX:+UseParallelGC -XX:GCTimeRatio=4 -XX:AdaptiveSizePolicyWeight=90 -Dsun.zip.disableMemoryMapping=true -Xmx2G -Xms100m -Xlog:disable -javaagent:c:\Users\ajay2\.antigravity\extensions\redhat.java-1.52.0-win32-x64\lombok\lombok-1.18.39-4050.jar -XX:+HeapDumpOnOutOfMemoryError -XX:HeapDumpPath=c:\Users\ajay2\AppData\Roaming\Antigravity\User\workspaceStorage\4be7e5e65e2b3b0b3c1b3c934486c54e\redhat.java -Daether.dependencyCollector.impl=bf 
java_command: c:\Users\ajay2\.antigravity\extensions\redhat.java-1.52.0-win32-x64\server\plugins\org.eclipse.equinox.launcher_1.7.100.v20251111-0406.jar -configuration c:\Users\ajay2\AppData\Roaming\Antigravity\User\globalStorage\redhat.java\1.52.0\config_win -data c:\Users\ajay2\AppData\Roaming\Antigravity\User\workspaceStorage\4be7e5e65e2b3b0b3c1b3c934486c54e\redhat.java\jdt_ws --pipe=\\.\pipe\lsp-5ced4e4d1586c8595c420900db43887b-sock
java_class_path (initial): c:\Users\ajay2\.antigravity\extensions\redhat.java-1.52.0-win32-x64\server\plugins\org.eclipse.equinox.launcher_1.7.100.v20251111-0406.jar
Launcher Type: SUN_STANDARD

[Global flags]
    uintx AdaptiveSizePolicyWeight                 = 90                                        {product} {command line}
     intx CICompilerCount                          = 4                                         {product} {ergonomic}
    uintx GCTimeRatio                              = 4                                         {product} {command line}
     bool HeapDumpOnOutOfMemoryError               = true                                   {manageable} {command line}
    ccstr HeapDumpPath                             = c:\Users\ajay2\AppData\Roaming\Antigravity\User\workspaceStorage\4be7e5e65e2b3b0b3c1b3c934486c54e\redhat.java         {manageable} {command line}
   size_t InitialHeapSize                          = 104857600                                 {product} {command line}
   size_t MaxHeapSize                              = 2147483648                                {product} {command line}
   size_t MaxNewSize                               = 715653120                                 {product} {ergonomic}
   size_t MinHeapDeltaBytes                        = 524288                                    {product} {ergonomic}
   size_t MinHeapSize                              = 104857600                                 {product} {command line}
   size_t NewSize                                  = 34603008                                  {product} {ergonomic}
    uintx NonNMethodCodeHeapSize                   = 5839372                                {pd product} {ergonomic}
    uintx NonProfiledCodeHeapSize                  = 122909434                              {pd product} {ergonomic}
   size_t OldSize                                  = 70254592                                  {product} {ergonomic}
    uintx ProfiledCodeHeapSize                     = 122909434                              {pd product} {ergonomic}
    uintx ReservedCodeCacheSize                    = 251658240                              {pd product} {ergonomic}
     bool SegmentedCodeCache                       = true                                      {product} {ergonomic}
   size_t SoftMaxHeapSize                          = 2147483648                             {manageable} {ergonomic}
     bool UseCompressedOops                        = true                           {product lp64_product} {ergonomic}
     bool UseLargePagesIndividualAllocation        = false                                  {pd product} {ergonomic}
     bool UseParallelGC                            = true                                      {product} {command line}

Logging:
Log output configuration:
 #0: stdout all=off uptime,level,tags foldmultilines=false
 #1: stderr all=off uptime,level,tags foldmultilines=false

Release file:
JAVA_VERSION="21.0.9" 
MODULES="java.base java.compiler java.datatransfer java.xml java.prefs java.desktop java.instrument java.logging java.management java.security.sasl java.naming java.rmi java.management.rmi java.net.http java.scripting java.security.jgss java.transaction.xa java.sql java.sql.rowset java.xml.crypto java.se java.smartcardio jdk.accessibility jdk.internal.jvmstat jdk.attach jdk.charsets jdk.internal.opt jdk.zipfs jdk.compiler jdk.crypto.ec jdk.crypto.cryptoki jdk.crypto.mscapi jdk.dynalink jdk.internal.ed jdk.editpad jdk.hotspot.agent jdk.httpserver jdk.internal.le jdk.internal.vm.ci jdk.internal.vm.compiler jdk.internal.vm.compiler.management jdk.jartool jdk.javadoc jdk.jcmd jdk.management jdk.management.agent jdk.jconsole jdk.jdeps jdk.jdwp.agent jdk.jdi jdk.jfr jdk.jshell jdk.jsobject jdk.jstatd jdk.localedata jdk.management.jfr jdk.naming.dns jdk.naming.rmi jdk.net jdk.nio.mapmode jdk.random jdk.sctp jdk.security.auth jdk.security.jgss jdk.unsupported jdk.unsupported.desktop jdk.xml.dom" 

Environment Variables:
JAVA_HOME=C:\Program Files\Eclipse Adoptium\jdk-17.0.17.10-hotspot
PATH=C:\Program Files\Eclipse Adoptium\jdk-17.0.17.10-hotspot\bin;C:\WINDOWS\system32;C:\WINDOWS;C:\WINDOWS\System32\Wbem;C:\WINDOWS\System32\WindowsPowerShell\v1.0\;C:\WINDOWS\System32\OpenSSH\;C:\Program Files (x86)\NVIDIA Corporation\PhysX\Common;C:\Program Files\NVIDIA Corporation\NVIDIA NvDLISR;C:\Program Files\dotnet\;C:\Program Files\nodejs\;C:\Program Files\Android\Android Studio\jbr\bin;C:\Users\ajay2\AppData\Local\Android\Sdk\platform-tools;C:\Program Files\Git\cmd;C:\Program Files\cursor\resources\app\bin;C:\Users\ajay2\AppData\Local\Android\Sdk\tools;C:\Users\ajay2\AppData\Local\Android\Sdk\platform-tools;C:\Users\ajay2\AppData\Local\Android\Sdk\emulator;C:\Users\ajay2\AppData\Local\Android\Sdk\cmdline-tools\latest\bin;C:\Program Files\Eclipse Adoptium\jdk-17.0.17.10-hotspot\bin;C:\WINDOWS\system32;C:\WINDOWS;C:\WINDOWS\System32\Wbem;C:\WINDOWS\System32\WindowsPowerShell\v1.0\;C:\WINDOWS\System32\OpenSSH\;C:\Program Files (x86)\NVIDIA Corporation\PhysX\Common;C:\Program Files\NVIDIA Corporation\NVIDIA NvDLISR;C:\Program Files\dotnet\;C:\Program Files\nodejs\;C:\Program Files\Android\Android Studio\jbr\bin;C:\Users\ajay2\AppData\Local\Android\Sdk\platform-tools;C:\Program Files\Git\cmd;C:\Users\ajay2\AppData\Local\Android\Sdk\emulator;C:\Users\ajay2\AppData\Local\Android\Sdk\cmdline-tools\latest\bin;C:\Users\ajay;C:\Users\ajay2\AppData\Local\Programs\Microsoft VS Code\bin;C:\Users\ajay2\AppData\Local\Programs\Antigravity\bin
USERNAME=ajay2
OS=Windows_NT
PROCESSOR_IDENTIFIER=AMD64 Family 25 Model 68 Stepping 1, AuthenticAMD
TMP=C:\Users\ajay2\AppData\Local\Temp
TEMP=C:\Users\ajay2\AppData\Local\Temp




Periodic native trim disabled

---------------  S Y S T E M  ---------------

OS:
 Windows 11 , 64 bit Build 26100 (10.0.26100.7705)
OS uptime: 0 days 20:55 hours

CPU: total 12 (initial active 12) (12 cores per cpu, 2 threads per core) family 25 model 68 stepping 1 microcode 0xa404107, cx8, cmov, fxsr, ht, mmx, 3dnowpref, sse, sse2, sse3, ssse3, sse4a, sse4.1, sse4.2, popcnt, lzcnt, tsc, tscinvbit, avx, avx2, aes, erms, clmul, bmi1, bmi2, adx, sha, fma, vzeroupper, clflush, clflushopt, rdtscp, rdpid, fsrm, f16c, pku, cet_ss
Processor Information for processor 0
  Max Mhz: 3301, Current Mhz: 3301, Mhz Limit: 3301
Processor Information for processor 1
  Max Mhz: 3301, Current Mhz: 3301, Mhz Limit: 3301
Processor Information for processor 2
  Max Mhz: 3301, Current Mhz: 3301, Mhz Limit: 3301
Processor Information for processor 3
  Max Mhz: 3301, Current Mhz: 3301, Mhz Limit: 3301
Processor Information for processor 4
  Max Mhz: 3301, Current Mhz: 3301, Mhz Limit: 3301
Processor Information for processor 5
  Max Mhz: 3301, Current Mhz: 3301, Mhz Limit: 3301
Processor Information for processor 6
  Max Mhz: 3301, Current Mhz: 3301, Mhz Limit: 3301
Processor Information for processor 7
  Max Mhz: 3301, Current Mhz: 3301, Mhz Limit: 3301
Processor Information for processor 8
  Max Mhz: 3301, Current Mhz: 3301, Mhz Limit: 3301
Processor Information for processor 9
  Max Mhz: 3301, Current Mhz: 2635, Mhz Limit: 3301
Processor Information for processor 10
  Max Mhz: 3301, Current Mhz: 3301, Mhz Limit: 3301
Processor Information for processor 11
  Max Mhz: 3301, Current Mhz: 3301, Mhz Limit: 3301

Memory: 4k page, system-wide physical 7498M (144M free)
TotalPageFile size 30026M (AvailPageFile size 1M)
current process WorkingSet (physical memory assigned to process): 7M, peak: 361M
current process commit charge ("private bytes"): 577M, peak: 604M

vm_info: OpenJDK 64-Bit Server VM (21.0.9+10-LTS) for windows-amd64 JRE (21.0.9+10-LTS), built on 2025-10-21T00:00:00Z by "admin" with unknown MS VC++:1942

END.
