#
# There is insufficient memory for the Java Runtime Environment to continue.
# Native memory allocation (malloc) failed to allocate 1461296 bytes. Error detail: Chunk::new
# Possible reasons:
#   The system is out of physical RAM or swap space
#   This process is running with CompressedOops enabled, and the Java Heap may be blocking the growth of the native heap
# Possible solutions:
#   Reduce memory load on the system
#   Increase physical memory or swap space
#   Check if swap backing store is full
#   Decrease Java heap size (-Xmx/-Xms)
#   Decrease number of Java threads
#   Decrease Java thread stack sizes (-Xss)
#   Set larger code cache with -XX:ReservedCodeCacheSize=
#   JVM is running with Unscaled Compressed Oops mode in which the Java heap is
#     placed in the first 4GB address space. The Java Heap base address is the
#     maximum limit for the native heap growth. Please use -XX:HeapBaseMinAddress
#     to set the Java Heap base and to place the Java Heap above 4GB virtual address.
# This output file may be truncated or incomplete.
#
#  Out of Memory Error (arena.cpp:168), pid=5056, tid=5676
#
# JRE version: OpenJDK Runtime Environment Temurin-21.0.9+10 (21.0.9+10) (build 21.0.9+10-LTS)
# Java VM: OpenJDK 64-Bit Server VM Temurin-21.0.9+10 (21.0.9+10-LTS, mixed mode, sharing, tiered, compressed oops, compressed class ptrs, parallel gc, windows-amd64)
# No core dump will be written. Minidumps are not enabled by default on client versions of Windows
#

---------------  S U M M A R Y ------------

Command Line: --add-modules=ALL-SYSTEM --add-opens=java.base/java.util=ALL-UNNAMED --add-opens=java.base/java.lang=ALL-UNNAMED --add-opens=java.base/sun.nio.fs=ALL-UNNAMED -Declipse.application=org.eclipse.jdt.ls.core.id1 -Dosgi.bundles.defaultStartLevel=4 -Declipse.product=org.eclipse.jdt.ls.core.product -Djava.import.generatesMetadataFilesAtProjectRoot=false -DDetectVMInstallationsJob.disabled=true -Dfile.encoding=utf8 -XX:+UseParallelGC -XX:GCTimeRatio=4 -XX:AdaptiveSizePolicyWeight=90 -Dsun.zip.disableMemoryMapping=true -Xmx2G -Xms100m -Xlog:disable -javaagent:c:\Users\ajay2\.antigravity\extensions\redhat.java-1.52.0-win32-x64\lombok\lombok-1.18.39-4050.jar -XX:+HeapDumpOnOutOfMemoryError -XX:HeapDumpPath=c:\Users\ajay2\AppData\Roaming\Antigravity\User\workspaceStorage\4be7e5e65e2b3b0b3c1b3c934486c54e\redhat.java -Daether.dependencyCollector.impl=bf c:\Users\ajay2\.antigravity\extensions\redhat.java-1.52.0-win32-x64\server\plugins\org.eclipse.equinox.launcher_1.7.100.v20251111-0406.jar -configuration c:\Users\ajay2\AppData\Roaming\Antigravity\User\globalStorage\redhat.java\1.52.0\config_win -data c:\Users\ajay2\AppData\Roaming\Antigravity\User\workspaceStorage\4be7e5e65e2b3b0b3c1b3c934486c54e\redhat.java\jdt_ws --pipe=\\.\pipe\lsp-c9066e8c1cd160a626bf23aa189cb69b-sock

Host: AMD Ryzen 5 7535HS with Radeon Graphics        , 12 cores, 7G,  Windows 11 , 64 bit Build 26100 (10.0.26100.7705)
Time: Fri Feb 13 15:29:08 2026 India Standard Time elapsed time: 5.299259 seconds (0d 0h 0m 5s)

---------------  T H R E A D  ---------------

Current thread (0x000001a59aa874e0):  JavaThread "C2 CompilerThread1" daemon [_thread_in_native, id=5676, stack(0x0000009c22a00000,0x0000009c22b00000) (1024K)]


Current CompileTask:
C2:5299 3041       4       org.eclipse.core.internal.resources.SaveManager::readElement (46 bytes)

Stack: [0x0000009c22a00000,0x0000009c22b00000]
Native frames: (J=compiled Java code, j=interpreted, Vv=VM code, C=native code)
V  [jvm.dll+0x6d6e29]
V  [jvm.dll+0x8b4b76]
V  [jvm.dll+0x8b712e]
V  [jvm.dll+0x8b7813]
V  [jvm.dll+0x283d86]
V  [jvm.dll+0xc66ed]
V  [jvm.dll+0xc6c31]
V  [jvm.dll+0x3be501]
V  [jvm.dll+0x1e3d59]
V  [jvm.dll+0x24c0f3]
V  [jvm.dll+0x24b580]
V  [jvm.dll+0x1cb13e]
V  [jvm.dll+0x25b29d]
V  [jvm.dll+0x25982a]
V  [jvm.dll+0x3f7ea6]
V  [jvm.dll+0x85e9ad]
V  [jvm.dll+0x6d565d]
C  [ucrtbase.dll+0x37b0]
C  [KERNEL32.DLL+0x2e8d7]
C  [ntdll.dll+0x8c40c]


---------------  P R O C E S S  ---------------

Threads class SMR info:
_java_thread_list=0x000001a5a0f624b0, length=19, elements={
0x000001a541addf50, 0x000001a541a8e880, 0x000001a541b82b90, 0x000001a541b89350,
0x000001a541b8ab60, 0x000001a541b8bd50, 0x000001a541b94a70, 0x000001a541b9e6a0,
0x000001a59a8a52d0, 0x000001a59aa874e0, 0x000001a59ab74b70, 0x000001a59ab75890,
0x000001a59ab77960, 0x000001a59ab772d0, 0x000001a59ab75200, 0x000001a59ab76c40,
0x000001a59ab75f20, 0x000001a59ab77ff0, 0x000001a59ab765b0
}

Java Threads: ( => current thread )
  0x000001a541addf50 JavaThread "main"                              [_thread_blocked, id=4780, stack(0x0000009c21e00000,0x0000009c21f00000) (1024K)]
  0x000001a541a8e880 JavaThread "Reference Handler"          daemon [_thread_blocked, id=29568, stack(0x0000009c22200000,0x0000009c22300000) (1024K)]
  0x000001a541b82b90 JavaThread "Finalizer"                  daemon [_thread_blocked, id=24900, stack(0x0000009c22300000,0x0000009c22400000) (1024K)]
  0x000001a541b89350 JavaThread "Signal Dispatcher"          daemon [_thread_blocked, id=19556, stack(0x0000009c22400000,0x0000009c22500000) (1024K)]
  0x000001a541b8ab60 JavaThread "Attach Listener"            daemon [_thread_blocked, id=29064, stack(0x0000009c22500000,0x0000009c22600000) (1024K)]
  0x000001a541b8bd50 JavaThread "Service Thread"             daemon [_thread_blocked, id=26832, stack(0x0000009c22600000,0x0000009c22700000) (1024K)]
  0x000001a541b94a70 JavaThread "Monitor Deflation Thread"   daemon [_thread_blocked, id=30512, stack(0x0000009c22700000,0x0000009c22800000) (1024K)]
  0x000001a541b9e6a0 JavaThread "C2 CompilerThread0"         daemon [_thread_in_native, id=28396, stack(0x0000009c22800000,0x0000009c22900000) (1024K)]
  0x000001a59a8a52d0 JavaThread "C1 CompilerThread0"         daemon [_thread_in_native, id=16892, stack(0x0000009c22900000,0x0000009c22a00000) (1024K)]
=>0x000001a59aa874e0 JavaThread "C2 CompilerThread1"         daemon [_thread_in_native, id=5676, stack(0x0000009c22a00000,0x0000009c22b00000) (1024K)]
  0x000001a59ab74b70 JavaThread "Common-Cleaner"             daemon [_thread_blocked, id=27304, stack(0x0000009c22b00000,0x0000009c22c00000) (1024K)]
  0x000001a59ab75890 JavaThread "Notification Thread"        daemon [_thread_blocked, id=24672, stack(0x0000009c22c00000,0x0000009c22d00000) (1024K)]
  0x000001a59ab77960 JavaThread "Active Thread: Equinox Container: f2ceb366-a571-4ebf-82b4-e78c05380410"        [_thread_blocked, id=30156, stack(0x0000009c23300000,0x0000009c23400000) (1024K)]
  0x000001a59ab772d0 JavaThread "Refresh Thread: Equinox Container: f2ceb366-a571-4ebf-82b4-e78c05380410" daemon [_thread_blocked, id=2504, stack(0x0000009c23500000,0x0000009c23600000) (1024K)]
  0x000001a59ab75200 JavaThread "Framework Event Dispatcher: Equinox Container: f2ceb366-a571-4ebf-82b4-e78c05380410" daemon [_thread_blocked, id=27708, stack(0x0000009c23600000,0x0000009c23700000) (1024K)]
  0x000001a59ab76c40 JavaThread "Start Level: Equinox Container: f2ceb366-a571-4ebf-82b4-e78c05380410" daemon [_thread_in_vm, id=21908, stack(0x0000009c23700000,0x0000009c23800000) (1024K)]
  0x000001a59ab75f20 JavaThread "Bundle File Closer"         daemon [_thread_blocked, id=356, stack(0x0000009c23a00000,0x0000009c23b00000) (1024K)]
  0x000001a59ab77ff0 JavaThread "SCR Component Actor"        daemon [_thread_blocked, id=4532, stack(0x0000009c23b00000,0x0000009c23c00000) (1024K)]
  0x000001a59ab765b0 JavaThread "Worker-JM"                         [_thread_blocked, id=31408, stack(0x0000009c23c00000,0x0000009c23d00000) (1024K)]
Total: 19

Other Threads:
  0x000001a541a73430 VMThread "VM Thread"                           [id=30920, stack(0x0000009c22100000,0x0000009c22200000) (1024K)]
  0x000001a54196ca00 WatcherThread "VM Periodic Task Thread"        [id=21372, stack(0x0000009c22000000,0x0000009c22100000) (1024K)]
  0x000001a541afd540 WorkerThread "GC Thread#0"                     [id=25344, stack(0x0000009c21f00000,0x0000009c22000000) (1024K)]
  0x000001a5a04f0050 WorkerThread "GC Thread#1"                     [id=10980, stack(0x0000009c22d00000,0x0000009c22e00000) (1024K)]
  0x000001a5a0358e40 WorkerThread "GC Thread#2"                     [id=31180, stack(0x0000009c22e00000,0x0000009c22f00000) (1024K)]
  0x000001a5a0165f00 WorkerThread "GC Thread#3"                     [id=25352, stack(0x0000009c22f00000,0x0000009c23000000) (1024K)]
  0x000001a5a034dae0 WorkerThread "GC Thread#4"                     [id=6684, stack(0x0000009c23000000,0x0000009c23100000) (1024K)]
  0x000001a5a034de80 WorkerThread "GC Thread#5"                     [id=29508, stack(0x0000009c23100000,0x0000009c23200000) (1024K)]
  0x000001a5a04d4f00 WorkerThread "GC Thread#6"                     [id=2924, stack(0x0000009c23200000,0x0000009c23300000) (1024K)]
  0x000001a5a08060a0 WorkerThread "GC Thread#7"                     [id=15616, stack(0x0000009c23400000,0x0000009c23500000) (1024K)]
  0x000001a5a0a57c90 WorkerThread "GC Thread#8"                     [id=27352, stack(0x0000009c23800000,0x0000009c23900000) (1024K)]
  0x000001a5a0a84890 WorkerThread "GC Thread#9"                     [id=20372, stack(0x0000009c23900000,0x0000009c23a00000) (1024K)]
Total: 12

Threads with active compile tasks:
C2 CompilerThread0  8678 3038       4       org.eclipse.core.internal.dtree.DataTreeReader::readNode (248 bytes)
C1 CompilerThread0  8678 3193       3       sun.util.locale.LocaleObjectCache$CacheEntry::<init> (12 bytes)
C2 CompilerThread1  8678 3041       4       org.eclipse.core.internal.resources.SaveManager::readElement (46 bytes)
Total: 3

VM state: not at safepoint (normal execution)

VM Mutex/Monitor currently owned by a thread: None

Heap address: 0x0000000080000000, size: 2048 MB, Compressed Oops mode: 32-bit

CDS archive(s) mapped at: [0x000001a559000000-0x000001a559ba0000-0x000001a559ba0000), size 12189696, SharedBaseAddress: 0x000001a559000000, ArchiveRelocationMode: 1.
Compressed class space mapped at: 0x000001a55a000000-0x000001a59a000000, reserved size: 1073741824
Narrow klass base: 0x000001a559000000, Narrow klass shift: 0, Narrow klass range: 0x100000000

GC Precious Log:
 CardTable entry size: 512
 CPUs: 12 total, 12 available
 Memory: 7498M
 Large Page Support: Disabled
 NUMA Support: Disabled
 Compressed Oops: Enabled (32-bit)
 Alignments: Space 512K, Generation 512K, Heap 2M
 Heap Min Capacity: 100M
 Heap Initial Capacity: 100M
 Heap Max Capacity: 2G
 Pre-touch: Disabled
 Parallel Workers: 10

Heap:
 PSYoungGen      total 29184K, used 14841K [0x00000000d5580000, 0x00000000d7a00000, 0x0000000100000000)
  eden space 25088K, 42% used [0x00000000d5580000,0x00000000d6002e08,0x00000000d6e00000)
  from space 4096K, 99% used [0x00000000d6e80000,0x00000000d727b830,0x00000000d7280000)
  to   space 6144K, 0% used [0x00000000d7400000,0x00000000d7400000,0x00000000d7a00000)
 ParOldGen       total 68608K, used 8499K [0x0000000080000000, 0x0000000084300000, 0x00000000d5580000)
  object space 68608K, 12% used [0x0000000080000000,0x000000008084cee8,0x0000000084300000)
 Metaspace       used 16475K, committed 17088K, reserved 1114112K
  class space    used 1711K, committed 1984K, reserved 1048576K

Card table byte_map: [0x000001a541480000,0x000001a541890000] _byte_map_base: 0x000001a541080000

Marking Bits: (ParMarkBitMap*) 0x00007ffecf762460
 Begin Bits: [0x000001a553f90000, 0x000001a555f90000)
 End Bits:   [0x000001a555f90000, 0x000001a557f90000)

Polling page: 0x000001a53f8b0000

Metaspace:

Usage:
  Non-class:     14.42 MB used.
      Class:      1.67 MB used.
       Both:     16.09 MB used.

Virtual space:
  Non-class space:       64.00 MB reserved,      14.75 MB ( 23%) committed,  1 nodes.
      Class space:        1.00 GB reserved,       1.94 MB ( <1%) committed,  1 nodes.
             Both:        1.06 GB reserved,      16.69 MB (  2%) committed. 

Chunk freelists:
   Non-Class:  512.00 KB
       Class:  13.89 MB
        Both:  14.39 MB

MaxMetaspaceSize: unlimited
CompressedClassSpaceSize: 1.00 GB
Initial GC threshold: 21.00 MB
Current GC threshold: 21.00 MB
CDS: on
 - commit_granule_bytes: 65536.
 - commit_granule_words: 8192.
 - virtual_space_node_default_size: 8388608.
 - enlarge_chunks_in_place: 1.
 - use_allocation_guard: 0.


Internal statistics:

num_allocs_failed_limit: 0.
num_arena_births: 462.
num_arena_deaths: 0.
num_vsnodes_births: 2.
num_vsnodes_deaths: 0.
num_space_committed: 267.
num_space_uncommitted: 0.
num_chunks_returned_to_freelist: 0.
num_chunks_taken_from_freelist: 1050.
num_chunk_merges: 0.
num_chunk_splits: 668.
num_chunks_enlarged: 424.
num_inconsistent_stats: 0.

CodeHeap 'non-profiled nmethods': size=120000Kb used=1408Kb max_used=1408Kb free=118591Kb
 bounds [0x000001a54c7b0000, 0x000001a54ca20000, 0x000001a553ce0000]
CodeHeap 'profiled nmethods': size=120000Kb used=6330Kb max_used=6330Kb free=113669Kb
 bounds [0x000001a544ce0000, 0x000001a545310000, 0x000001a54c210000]
CodeHeap 'non-nmethods': size=5760Kb used=1276Kb max_used=1279Kb free=4483Kb
 bounds [0x000001a54c210000, 0x000001a54c480000, 0x000001a54c7b0000]
CodeCache: size=245760Kb, used=9014Kb, max_used=9017Kb, free=236743Kb
 total_blobs=3737, nmethods=3186, adapters=457, full_count=0
Compilation: enabled, stopped_count=0, restarted_count=0

Compilation events (20 events):
Event: 4.291 Thread 0x000001a59a8a52d0 3128       3       sun.nio.fs.WindowsPath$WindowsPathWithAttributes::<init> (23 bytes)
Event: 4.291 Thread 0x000001a59a8a52d0 nmethod 3128 0x000001a5452f3510 code [0x000001a5452f36e0, 0x000001a5452f3b58]
Event: 4.291 Thread 0x000001a59a8a52d0 3129       3       java.nio.file.Files$AcceptAllFilter::accept (9 bytes)
Event: 4.291 Thread 0x000001a59a8a52d0 nmethod 3129 0x000001a5452f3d90 code [0x000001a5452f3f40, 0x000001a5452f41b8]
Event: 4.291 Thread 0x000001a59a8a52d0 3130       3       sun.nio.fs.WindowsDirectoryStream$WindowsDirectoryIterator::next (5 bytes)
Event: 4.291 Thread 0x000001a59a8a52d0 nmethod 3130 0x000001a5452f4290 code [0x000001a5452f4440, 0x000001a5452f4580]
Event: 4.291 Thread 0x000001a59a8a52d0 3131  s    3       sun.nio.fs.WindowsDirectoryStream$WindowsDirectoryIterator::next (48 bytes)
Event: 4.291 Thread 0x000001a59a8a52d0 nmethod 3131 0x000001a5452f4610 code [0x000001a5452f47e0, 0x000001a5452f4b90]
Event: 4.291 Thread 0x000001a59a8a52d0 3124       3       sun.nio.fs.WindowsFileAttributes::fromFindData (127 bytes)
Event: 4.292 Thread 0x000001a59a8a52d0 nmethod 3124 0x000001a5452f4c90 code [0x000001a5452f4ea0, 0x000001a5452f54c0]
Event: 4.292 Thread 0x000001a59a8a52d0 3120       3       sun.nio.fs.WindowsPath::getFileName (87 bytes)
Event: 4.292 Thread 0x000001a59a8a52d0 nmethod 3120 0x000001a5452f5790 code [0x000001a5452f5a40, 0x000001a5452f6760]
Event: 4.294 Thread 0x000001a59a8a52d0 3135   !   3       java.io.FileOutputStream::write (47 bytes)
Event: 4.295 Thread 0x000001a59a8a52d0 nmethod 3135 0x000001a5452f6c90 code [0x000001a5452f6e80, 0x000001a5452f7148]
Event: 4.295 Thread 0x000001a59a8a52d0 3136       3       java.io.FileDescriptor$1::getAppend (5 bytes)
Event: 4.295 Thread 0x000001a59a8a52d0 nmethod 3136 0x000001a5452f7310 code [0x000001a5452f74a0, 0x000001a5452f75b8]
Event: 5.064 Thread 0x000001a59a8a52d0 3137       3       java.util.concurrent.Semaphore$NonfairSync::tryAcquireShared (6 bytes)
Event: 5.064 Thread 0x000001a59a8a52d0 nmethod 3137 0x000001a5452f7690 code [0x000001a5452f7840, 0x000001a5452f7978]
Event: 5.064 Thread 0x000001a59a8a52d0 3138       3       java.util.concurrent.Semaphore$Sync::nonfairTryAcquireShared (27 bytes)
Event: 5.064 Thread 0x000001a59a8a52d0 nmethod 3138 0x000001a5452f7a10 code [0x000001a5452f7bc0, 0x000001a5452f7e10]

GC Heap History (10 events):
Event: 0.588 GC heap before
{Heap before GC invocations=1 (full 0):
 PSYoungGen      total 29696K, used 25600K [0x00000000d5580000, 0x00000000d7680000, 0x0000000100000000)
  eden space 25600K, 100% used [0x00000000d5580000,0x00000000d6e80000,0x00000000d6e80000)
  from space 4096K, 0% used [0x00000000d7280000,0x00000000d7280000,0x00000000d7680000)
  to   space 4096K, 0% used [0x00000000d6e80000,0x00000000d6e80000,0x00000000d7280000)
 ParOldGen       total 68608K, used 0K [0x0000000080000000, 0x0000000084300000, 0x00000000d5580000)
  object space 68608K, 0% used [0x0000000080000000,0x0000000080000000,0x0000000084300000)
 Metaspace       used 4333K, committed 4608K, reserved 1114112K
  class space    used 472K, committed 576K, reserved 1048576K
}
Event: 0.594 GC heap after
{Heap after GC invocations=1 (full 0):
 PSYoungGen      total 29696K, used 3303K [0x00000000d5580000, 0x00000000d7680000, 0x0000000100000000)
  eden space 25600K, 0% used [0x00000000d5580000,0x00000000d5580000,0x00000000d6e80000)
  from space 4096K, 80% used [0x00000000d6e80000,0x00000000d71b9e98,0x00000000d7280000)
  to   space 4096K, 0% used [0x00000000d7280000,0x00000000d7280000,0x00000000d7680000)
 ParOldGen       total 68608K, used 16K [0x0000000080000000, 0x0000000084300000, 0x00000000d5580000)
  object space 68608K, 0% used [0x0000000080000000,0x0000000080004000,0x0000000084300000)
 Metaspace       used 4333K, committed 4608K, reserved 1114112K
  class space    used 472K, committed 576K, reserved 1048576K
}
Event: 1.107 GC heap before
{Heap before GC invocations=2 (full 0):
 PSYoungGen      total 29696K, used 28903K [0x00000000d5580000, 0x00000000d7680000, 0x0000000100000000)
  eden space 25600K, 100% used [0x00000000d5580000,0x00000000d6e80000,0x00000000d6e80000)
  from space 4096K, 80% used [0x00000000d6e80000,0x00000000d71b9e98,0x00000000d7280000)
  to   space 4096K, 0% used [0x00000000d7280000,0x00000000d7280000,0x00000000d7680000)
 ParOldGen       total 68608K, used 16K [0x0000000080000000, 0x0000000084300000, 0x00000000d5580000)
  object space 68608K, 0% used [0x0000000080000000,0x0000000080004000,0x0000000084300000)
 Metaspace       used 7943K, committed 8192K, reserved 1114112K
  class space    used 828K, committed 960K, reserved 1048576K
}
Event: 1.113 GC heap after
{Heap after GC invocations=2 (full 0):
 PSYoungGen      total 29696K, used 4086K [0x00000000d5580000, 0x00000000d7680000, 0x0000000100000000)
  eden space 25600K, 0% used [0x00000000d5580000,0x00000000d5580000,0x00000000d6e80000)
  from space 4096K, 99% used [0x00000000d7280000,0x00000000d767d810,0x00000000d7680000)
  to   space 4096K, 0% used [0x00000000d6e80000,0x00000000d6e80000,0x00000000d7280000)
 ParOldGen       total 68608K, used 1993K [0x0000000080000000, 0x0000000084300000, 0x00000000d5580000)
  object space 68608K, 2% used [0x0000000080000000,0x00000000801f26a8,0x0000000084300000)
 Metaspace       used 7943K, committed 8192K, reserved 1114112K
  class space    used 828K, committed 960K, reserved 1048576K
}
Event: 1.426 GC heap before
{Heap before GC invocations=3 (full 0):
 PSYoungGen      total 29696K, used 29578K [0x00000000d5580000, 0x00000000d7680000, 0x0000000100000000)
  eden space 25600K, 99% used [0x00000000d5580000,0x00000000d6e650a8,0x00000000d6e80000)
  from space 4096K, 99% used [0x00000000d7280000,0x00000000d767d810,0x00000000d7680000)
  to   space 4096K, 0% used [0x00000000d6e80000,0x00000000d6e80000,0x00000000d7280000)
 ParOldGen       total 68608K, used 1993K [0x0000000080000000, 0x0000000084300000, 0x00000000d5580000)
  object space 68608K, 2% used [0x0000000080000000,0x00000000801f26a8,0x0000000084300000)
 Metaspace       used 9409K, committed 9792K, reserved 1114112K
  class space    used 1007K, committed 1152K, reserved 1048576K
}
Event: 1.430 GC heap after
{Heap after GC invocations=3 (full 0):
 PSYoungGen      total 29696K, used 4084K [0x00000000d5580000, 0x00000000d7680000, 0x0000000100000000)
  eden space 25600K, 0% used [0x00000000d5580000,0x00000000d5580000,0x00000000d6e80000)
  from space 4096K, 99% used [0x00000000d6e80000,0x00000000d727d168,0x00000000d7280000)
  to   space 4096K, 0% used [0x00000000d7280000,0x00000000d7280000,0x00000000d7680000)
 ParOldGen       total 68608K, used 4696K [0x0000000080000000, 0x0000000084300000, 0x00000000d5580000)
  object space 68608K, 6% used [0x0000000080000000,0x0000000080496378,0x0000000084300000)
 Metaspace       used 9409K, committed 9792K, reserved 1114112K
  class space    used 1007K, committed 1152K, reserved 1048576K
}
Event: 1.814 GC heap before
{Heap before GC invocations=4 (full 0):
 PSYoungGen      total 29696K, used 29684K [0x00000000d5580000, 0x00000000d7680000, 0x0000000100000000)
  eden space 25600K, 100% used [0x00000000d5580000,0x00000000d6e80000,0x00000000d6e80000)
  from space 4096K, 99% used [0x00000000d6e80000,0x00000000d727d168,0x00000000d7280000)
  to   space 4096K, 0% used [0x00000000d7280000,0x00000000d7280000,0x00000000d7680000)
 ParOldGen       total 68608K, used 4696K [0x0000000080000000, 0x0000000084300000, 0x00000000d5580000)
  object space 68608K, 6% used [0x0000000080000000,0x0000000080496378,0x0000000084300000)
 Metaspace       used 11657K, committed 12032K, reserved 1114112K
  class space    used 1236K, committed 1408K, reserved 1048576K
}
Event: 1.818 GC heap after
{Heap after GC invocations=4 (full 0):
 PSYoungGen      total 29696K, used 4084K [0x00000000d5580000, 0x00000000d7680000, 0x0000000100000000)
  eden space 25600K, 0% used [0x00000000d5580000,0x00000000d5580000,0x00000000d6e80000)
  from space 4096K, 99% used [0x00000000d7280000,0x00000000d767d118,0x00000000d7680000)
  to   space 4096K, 0% used [0x00000000d6e80000,0x00000000d6e80000,0x00000000d7280000)
 ParOldGen       total 68608K, used 6639K [0x0000000080000000, 0x0000000084300000, 0x00000000d5580000)
  object space 68608K, 9% used [0x0000000080000000,0x000000008067bec8,0x0000000084300000)
 Metaspace       used 11657K, committed 12032K, reserved 1114112K
  class space    used 1236K, committed 1408K, reserved 1048576K
}
Event: 2.131 GC heap before
{Heap before GC invocations=5 (full 0):
 PSYoungGen      total 29696K, used 29684K [0x00000000d5580000, 0x00000000d7680000, 0x0000000100000000)
  eden space 25600K, 100% used [0x00000000d5580000,0x00000000d6e80000,0x00000000d6e80000)
  from space 4096K, 99% used [0x00000000d7280000,0x00000000d767d118,0x00000000d7680000)
  to   space 4096K, 0% used [0x00000000d6e80000,0x00000000d6e80000,0x00000000d7280000)
 ParOldGen       total 68608K, used 6639K [0x0000000080000000, 0x0000000084300000, 0x00000000d5580000)
  object space 68608K, 9% used [0x0000000080000000,0x000000008067bec8,0x0000000084300000)
 Metaspace       used 15478K, committed 16128K, reserved 1114112K
  class space    used 1609K, committed 1920K, reserved 1048576K
}
Event: 3.143 GC heap after
{Heap after GC invocations=5 (full 0):
 PSYoungGen      total 29184K, used 4078K [0x00000000d5580000, 0x00000000d7a00000, 0x0000000100000000)
  eden space 25088K, 0% used [0x00000000d5580000,0x00000000d5580000,0x00000000d6e00000)
  from space 4096K, 99% used [0x00000000d6e80000,0x00000000d727b830,0x00000000d7280000)
  to   space 6144K, 0% used [0x00000000d7400000,0x00000000d7400000,0x00000000d7a00000)
 ParOldGen       total 68608K, used 8499K [0x0000000080000000, 0x0000000084300000, 0x00000000d5580000)
  object space 68608K, 12% used [0x0000000080000000,0x000000008084cee8,0x0000000084300000)
 Metaspace       used 15478K, committed 16128K, reserved 1114112K
  class space    used 1609K, committed 1920K, reserved 1048576K
}

Dll operation events (9 events):
Event: 0.023 Loaded shared library c:\Users\ajay2\.antigravity\extensions\redhat.java-1.52.0-win32-x64\jre\21.0.9-win32-x86_64\bin\java.dll
Event: 0.078 Loaded shared library c:\Users\ajay2\.antigravity\extensions\redhat.java-1.52.0-win32-x64\jre\21.0.9-win32-x86_64\bin\zip.dll
Event: 0.096 Loaded shared library C:\Users\ajay2\.antigravity\extensions\redhat.java-1.52.0-win32-x64\jre\21.0.9-win32-x86_64\bin\instrument.dll
Event: 0.100 Loaded shared library C:\Users\ajay2\.antigravity\extensions\redhat.java-1.52.0-win32-x64\jre\21.0.9-win32-x86_64\bin\net.dll
Event: 0.103 Loaded shared library C:\Users\ajay2\.antigravity\extensions\redhat.java-1.52.0-win32-x64\jre\21.0.9-win32-x86_64\bin\nio.dll
Event: 0.106 Loaded shared library C:\Users\ajay2\.antigravity\extensions\redhat.java-1.52.0-win32-x64\jre\21.0.9-win32-x86_64\bin\zip.dll
Event: 0.122 Loaded shared library C:\Users\ajay2\.antigravity\extensions\redhat.java-1.52.0-win32-x64\jre\21.0.9-win32-x86_64\bin\jimage.dll
Event: 0.186 Loaded shared library c:\Users\ajay2\.antigravity\extensions\redhat.java-1.52.0-win32-x64\jre\21.0.9-win32-x86_64\bin\verify.dll
Event: 1.147 Loaded shared library C:\Users\ajay2\AppData\Roaming\Antigravity\User\globalStorage\redhat.java\1.52.0\config_win\org.eclipse.equinox.launcher\org.eclipse.equinox.launcher.win32.win32.x86_64_1.2.1500.v20260121-1430\eclipse_11919.dll

Deoptimization events (20 events):
Event: 3.157 Thread 0x000001a59ab76c40 Uncommon trap: trap_request=0xffffff45 fr.pc=0x000001a54c8dcb28 relative=0x0000000000000168
Event: 3.157 Thread 0x000001a59ab76c40 Uncommon trap: reason=unstable_if action=reinterpret pc=0x000001a54c8dcb28 method=java.io.DataInputStream.readFully([BII)V @ 37 c2
Event: 3.157 Thread 0x000001a59ab76c40 DEOPT PACKING pc=0x000001a54c8dcb28 sp=0x0000009c237f93b0
Event: 3.157 Thread 0x000001a59ab76c40 DEOPT UNPACKING pc=0x000001a54c263aa2 sp=0x0000009c237f9340 mode 2
Event: 3.173 Thread 0x000001a59ab76c40 Uncommon trap: trap_request=0xffffffde fr.pc=0x000001a54c9062a8 relative=0x0000000000000388
Event: 3.173 Thread 0x000001a59ab76c40 Uncommon trap: reason=class_check action=maybe_recompile pc=0x000001a54c9062a8 method=java.io.FilterInputStream.read()I @ 4 c2
Event: 3.173 Thread 0x000001a59ab76c40 DEOPT PACKING pc=0x000001a54c9062a8 sp=0x0000009c237f94f0
Event: 3.173 Thread 0x000001a59ab76c40 DEOPT UNPACKING pc=0x000001a54c263aa2 sp=0x0000009c237f94a0 mode 2
Event: 3.186 Thread 0x000001a59ab76c40 Uncommon trap: trap_request=0xffffff45 fr.pc=0x000001a54c907c3c relative=0x000000000000009c
Event: 3.186 Thread 0x000001a59ab76c40 Uncommon trap: reason=unstable_if action=reinterpret pc=0x000001a54c907c3c method=org.eclipse.core.runtime.Path.<init>(Ljava/lang/String;[Ljava/lang/String;I)V @ 9 c2
Event: 3.186 Thread 0x000001a59ab76c40 DEOPT PACKING pc=0x000001a54c907c3c sp=0x0000009c237f94e0
Event: 3.186 Thread 0x000001a59ab76c40 DEOPT UNPACKING pc=0x000001a54c263aa2 sp=0x0000009c237f9488 mode 2
Event: 3.191 Thread 0x000001a59ab76c40 Uncommon trap: trap_request=0xffffff45 fr.pc=0x000001a54c906c74 relative=0x00000000000000d4
Event: 3.191 Thread 0x000001a59ab76c40 Uncommon trap: reason=unstable_if action=reinterpret pc=0x000001a54c906c74 method=org.eclipse.core.runtime.Path.equals(Ljava/lang/Object;)Z @ 61 c2
Event: 3.191 Thread 0x000001a59ab76c40 DEOPT PACKING pc=0x000001a54c906c74 sp=0x0000009c237f9450
Event: 3.191 Thread 0x000001a59ab76c40 DEOPT UNPACKING pc=0x000001a54c263aa2 sp=0x0000009c237f93c8 mode 2
Event: 3.216 Thread 0x000001a59ab76c40 Uncommon trap: trap_request=0xffffff45 fr.pc=0x000001a54c7e739c relative=0x000000000000067c
Event: 3.216 Thread 0x000001a59ab76c40 Uncommon trap: reason=unstable_if action=reinterpret pc=0x000001a54c7e739c method=java.lang.String.replace(Ljava/lang/CharSequence;Ljava/lang/CharSequence;)Ljava/lang/String; @ 42 c2
Event: 3.216 Thread 0x000001a59ab76c40 DEOPT PACKING pc=0x000001a54c7e739c sp=0x0000009c237f7720
Event: 3.216 Thread 0x000001a59ab76c40 DEOPT UNPACKING pc=0x000001a54c263aa2 sp=0x0000009c237f76a0 mode 2

Classes loaded (20 events):
Event: 3.229 Loading class sun/security/provider/SeedGenerator$1 done
Event: 3.241 Loading class java/net/NetworkInterface$1
Event: 3.241 Loading class java/net/NetworkInterface$1 done
Event: 3.241 Loading class java/nio/file/Files$AcceptAllFilter
Event: 3.241 Loading class java/nio/file/DirectoryStream$Filter
Event: 3.242 Loading class java/nio/file/DirectoryStream$Filter done
Event: 3.242 Loading class java/nio/file/Files$AcceptAllFilter done
Event: 3.242 Loading class sun/nio/fs/WindowsDirectoryStream
Event: 3.242 Loading class java/nio/file/DirectoryStream
Event: 3.242 Loading class java/nio/file/DirectoryStream done
Event: 3.242 Loading class sun/nio/fs/WindowsDirectoryStream done
Event: 3.242 Loading class sun/nio/fs/WindowsDirectoryStream$WindowsDirectoryIterator
Event: 3.242 Loading class sun/nio/fs/WindowsDirectoryStream$WindowsDirectoryIterator done
Event: 3.250 Loading class sun/nio/fs/WindowsPath$WindowsPathWithAttributes
Event: 3.250 Loading class sun/nio/fs/BasicFileAttributesHolder
Event: 3.251 Loading class sun/nio/fs/BasicFileAttributesHolder done
Event: 3.251 Loading class sun/nio/fs/WindowsPath$WindowsPathWithAttributes done
Event: 4.290 Loading class sun/security/provider/AbstractDrbg$NonceProvider
Event: 4.291 Loading class sun/security/provider/AbstractDrbg$NonceProvider done
Event: 4.295 Loading class java/io/FileOutputStream$1

Classes unloaded (0 events):
No events

Classes redefined (0 events):
No events

Internal exceptions (20 events):
Event: 1.244 Thread 0x000001a59ab76c40 Exception <a 'java/lang/NoSuchMethodError'{0x00000000d5ccb330}: 'java.lang.Object java.lang.invoke.DirectMethodHandle$Holder.newInvokeSpecial(java.lang.Object, java.lang.Object, int, java.lang.Object)'> (0x00000000d5ccb330) 
thrown [s\src\hotspot\share\interpreter\linkResolver.cpp, line 773]
Event: 1.244 Thread 0x000001a59ab76c40 Exception <a 'java/lang/NoSuchMethodError'{0x00000000d5ccf160}: 'java.lang.Object java.lang.invoke.DirectMethodHandle$Holder.invokeSpecial(java.lang.Object, java.lang.Object, java.lang.Object, int, java.lang.Object)'> (0x00000000d5ccf160) 
thrown [s\src\hotspot\share\interpreter\linkResolver.cpp, line 773]
Event: 1.255 Thread 0x000001a59ab76c40 Exception <a 'java/lang/NoClassDefFoundError'{0x00000000d5d75cd8}: jakarta/servlet/ServletContainerInitializer> (0x00000000d5d75cd8) 
thrown [s\src\hotspot\share\classfile\systemDictionary.cpp, line 301]
Event: 1.273 Thread 0x000001a59ab76c40 Exception <a 'java/lang/ClassNotFoundException'{0x00000000d5eca688}: sun/util/logging/resources/spi/loggingProvider> (0x00000000d5eca688) 
thrown [s\src\hotspot\share\classfile\systemDictionary.cpp, line 312]
Event: 1.745 Thread 0x000001a59ab76c40 Exception <a 'java/lang/NullPointerException'{0x00000000d66d6240}> (0x00000000d66d6240) 
thrown [s\src\hotspot\share\interpreter\linkResolver.cpp, line 1372]
Event: 1.745 Thread 0x000001a59ab76c40 Exception <a 'java/lang/NullPointerException'{0x00000000d66d6520}> (0x00000000d66d6520) 
thrown [s\src\hotspot\share\interpreter\linkResolver.cpp, line 1372]
Event: 1.841 Thread 0x000001a59ab76c40 Exception <a 'java/lang/NoSuchMethodError'{0x00000000d57841f8}: 'long java.lang.invoke.DirectMethodHandle$Holder.invokeSpecial(java.lang.Object, java.lang.Object)'> (0x00000000d57841f8) 
thrown [s\src\hotspot\share\interpreter\linkResolver.cpp, line 773]
Event: 1.863 Thread 0x000001a59ab76c40 Exception <a 'java/io/FileNotFoundException'{0x00000000d59c8e50}> (0x00000000d59c8e50) 
thrown [s\src\hotspot\share\prims\jni.cpp, line 520]
Event: 1.949 Thread 0x000001a59ab76c40 Exception <a 'java/lang/NoSuchMethodError'{0x00000000d5f01f40}: 'java.lang.Object java.lang.invoke.Invokers$Holder.linkToTargetMethod(java.lang.Object, long, java.lang.Object)'> (0x00000000d5f01f40) 
thrown [s\src\hotspot\share\interpreter\linkResolver.cpp, line 773]
Event: 2.000 Thread 0x000001a59ab76c40 Exception <a 'java/lang/NoSuchMethodError'{0x00000000d644c560}: 'void java.lang.invoke.Invokers$Holder.invokeExact_MT(java.lang.Object, java.lang.Object, java.lang.Object)'> (0x00000000d644c560) 
thrown [s\src\hotspot\share\interpreter\linkResolver.cpp, line 773]
Event: 2.046 Thread 0x000001a59ab76c40 Exception <a 'java/lang/NoSuchMethodError'{0x00000000d6745d50}: 'java.lang.Object java.lang.invoke.DirectMethodHandle$Holder.invokeVirtual(java.lang.Object, java.lang.Object, java.lang.Object)'> (0x00000000d6745d50) 
thrown [s\src\hotspot\share\interpreter\linkResolver.cpp, line 773]
Event: 2.047 Thread 0x000001a59ab76c40 Exception <a 'java/lang/NoSuchMethodError'{0x00000000d675d7e8}: 'java.lang.Object java.lang.invoke.DelegatingMethodHandle$Holder.reinvoke_L(java.lang.Object, java.lang.Object, java.lang.Object, java.lang.Object, int, int)'> (0x00000000d675d7e8) 
thrown [s\src\hotspot\share\interpreter\linkResolver.cpp, line 773]
Event: 2.049 Thread 0x000001a59ab76c40 Exception <a 'java/lang/NoSuchMethodError'{0x00000000d6779c00}: 'java.lang.Object java.lang.invoke.DirectMethodHandle$Holder.newInvokeSpecial(java.lang.Object, java.lang.Object, java.lang.Object, java.lang.Object, java.lang.Object, java.lang.Object)'> (0x00000000d6779c00) 
thrown [s\src\hotspot\share\interpreter\linkResolver.cpp, line 773]
Event: 2.051 Thread 0x000001a59ab76c40 Exception <a 'java/lang/NoSuchMethodError'{0x00000000d67a57a0}: 'void java.lang.invoke.Invokers$Holder.invokeExact_MT(java.lang.Object, java.lang.Object, java.lang.Object, java.lang.Object)'> (0x00000000d67a57a0) 
thrown [s\src\hotspot\share\interpreter\linkResolver.cpp, line 773]
Event: 2.093 Thread 0x000001a59ab76c40 Exception <a 'java/io/FileNotFoundException'{0x00000000d6a71bb0}> (0x00000000d6a71bb0) 
thrown [s\src\hotspot\share\prims\jni.cpp, line 520]
Event: 2.094 Thread 0x000001a59ab76c40 Exception <a 'java/io/FileNotFoundException'{0x00000000d6a78fe0}> (0x00000000d6a78fe0) 
thrown [s\src\hotspot\share\prims\jni.cpp, line 520]
Event: 3.151 Thread 0x000001a59ab76c40 Exception <a 'java/lang/NoSuchMethodError'{0x00000000d585a0f0}: 'java.lang.Object java.lang.invoke.DirectMethodHandle$Holder.newInvokeSpecial(java.lang.Object, java.lang.Object, java.lang.Object, java.lang.Object, java.lang.Object)'> (0x00000000d585a0f0) 
thrown [s\src\hotspot\share\interpreter\linkResolver.cpp, line 773]
Event: 3.189 Thread 0x000001a59ab76c40 Exception <a 'java/lang/NoSuchMethodError'{0x00000000d5a41e48}: 'java.lang.Object java.lang.invoke.DirectMethodHandle$Holder.invokeStaticInit(java.lang.Object, int)'> (0x00000000d5a41e48) 
thrown [s\src\hotspot\share\interpreter\linkResolver.cpp, line 773]
Event: 3.219 Thread 0x000001a59ab76c40 Exception <a 'java/lang/NoSuchMethodError'{0x00000000d5cbec98}: 'java.lang.Object java.lang.invoke.DirectMethodHandle$Holder.invokeStaticInit(java.lang.Object, int, int, int, int)'> (0x00000000d5cbec98) 
thrown [s\src\hotspot\share\interpreter\linkResolver.cpp, line 773]
Event: 4.289 Thread 0x000001a59ab76c40 Exception <a 'java/lang/NoSuchMethodError'{0x00000000d5e0e638}: 'java.lang.Object java.lang.invoke.DirectMethodHandle$Holder.invokeStaticInit(java.lang.Object, java.lang.Object, int, int, int, int)'> (0x00000000d5e0e638) 
thrown [s\src\hotspot\share\interpreter\linkResolver.cpp, line 773]

ZGC Phase Switch (0 events):
No events

VM Operations (20 events):
Event: 1.295 Executing VM operation: HandshakeAllThreads (Deoptimize) done
Event: 1.426 Executing VM operation: ParallelGCFailedAllocation (Allocation Failure)
Event: 1.430 Executing VM operation: ParallelGCFailedAllocation (Allocation Failure) done
Event: 1.488 Executing VM operation: HandshakeAllThreads (Deoptimize)
Event: 1.488 Executing VM operation: HandshakeAllThreads (Deoptimize) done
Event: 1.801 Executing VM operation: HandshakeAllThreads (Deoptimize)
Event: 1.801 Executing VM operation: HandshakeAllThreads (Deoptimize) done
Event: 1.814 Executing VM operation: ParallelGCFailedAllocation (Allocation Failure)
Event: 1.818 Executing VM operation: ParallelGCFailedAllocation (Allocation Failure) done
Event: 2.103 Executing VM operation: HandshakeAllThreads (Deoptimize)
Event: 2.103 Executing VM operation: HandshakeAllThreads (Deoptimize) done
Event: 2.120 Executing VM operation: ICBufferFull
Event: 2.120 Executing VM operation: ICBufferFull done
Event: 2.131 Executing VM operation: ParallelGCFailedAllocation (Allocation Failure)
Event: 3.143 Executing VM operation: ParallelGCFailedAllocation (Allocation Failure) done
Event: 3.251 Executing VM operation: HandshakeAllThreads (Deoptimize)
Event: 3.252 Executing VM operation: HandshakeAllThreads (Deoptimize) done
Event: 4.258 Executing VM operation: Cleanup
Event: 4.258 Executing VM operation: Cleanup done
Event: 5.266 Executing VM operation: Cleanup

Memory protections (0 events):
No events

Nmethod flushes (0 events):
No events

Events (19 events):
Event: 0.032 Thread 0x000001a541addf50 Thread added: 0x000001a541addf50
Event: 0.043 Thread 0x000001a541addf50 Thread added: 0x000001a541a8e880
Event: 0.044 Thread 0x000001a541addf50 Thread added: 0x000001a541b82b90
Event: 0.044 Thread 0x000001a541addf50 Thread added: 0x000001a541b89350
Event: 0.044 Thread 0x000001a541addf50 Thread added: 0x000001a541b8ab60
Event: 0.044 Thread 0x000001a541addf50 Thread added: 0x000001a541b8bd50
Event: 0.044 Thread 0x000001a541addf50 Thread added: 0x000001a541b94a70
Event: 0.044 Thread 0x000001a541addf50 Thread added: 0x000001a541b9e6a0
Event: 0.044 Thread 0x000001a541addf50 Thread added: 0x000001a59a8a52d0
Event: 0.085 Thread 0x000001a59a8a52d0 Thread added: 0x000001a59aa874e0
Event: 0.097 Thread 0x000001a541addf50 Thread added: 0x000001a59ab74b70
Event: 0.279 Thread 0x000001a541addf50 Thread added: 0x000001a59ab75890
Event: 0.901 Thread 0x000001a541addf50 Thread added: 0x000001a59ab77960
Event: 1.138 Thread 0x000001a541addf50 Thread added: 0x000001a59ab772d0
Event: 1.176 Thread 0x000001a59ab772d0 Thread added: 0x000001a59ab75200
Event: 1.178 Thread 0x000001a541addf50 Thread added: 0x000001a59ab76c40
Event: 1.482 Thread 0x000001a59ab76c40 Thread added: 0x000001a59ab75f20
Event: 1.794 Thread 0x000001a59ab76c40 Thread added: 0x000001a59ab77ff0
Event: 1.983 Thread 0x000001a59ab76c40 Thread added: 0x000001a59ab765b0


Dynamic libraries:
0x00007ff7c24d0000 - 0x00007ff7c24de000 	c:\Users\ajay2\.antigravity\extensions\redhat.java-1.52.0-win32-x64\jre\21.0.9-win32-x86_64\bin\java.exe
0x00007fff9ec80000 - 0x00007fff9eee8000 	C:\WINDOWS\SYSTEM32\ntdll.dll
0x00007fff9e810000 - 0x00007fff9e8d9000 	C:\WINDOWS\System32\KERNEL32.DLL
0x00007fff9b860000 - 0x00007fff9bc51000 	C:\WINDOWS\System32\KERNELBASE.dll
0x00007fff9bfb0000 - 0x00007fff9c0fb000 	C:\WINDOWS\System32\ucrtbase.dll
0x00007fff5ffc0000 - 0x00007fff5ffde000 	c:\Users\ajay2\.antigravity\extensions\redhat.java-1.52.0-win32-x64\jre\21.0.9-win32-x86_64\bin\VCRUNTIME140.dll
0x00007fff654d0000 - 0x00007fff654e8000 	c:\Users\ajay2\.antigravity\extensions\redhat.java-1.52.0-win32-x64\jre\21.0.9-win32-x86_64\bin\jli.dll
0x00007fff9cad0000 - 0x00007fff9cc96000 	C:\WINDOWS\System32\USER32.dll
0x00007fff9b560000 - 0x00007fff9b587000 	C:\WINDOWS\System32\win32u.dll
0x00007fff9cda0000 - 0x00007fff9cdcb000 	C:\WINDOWS\System32\GDI32.dll
0x00007fff868c0000 - 0x00007fff86b53000 	C:\WINDOWS\WinSxS\amd64_microsoft.windows.common-controls_6595b64144ccf1df_6.0.26100.7824_none_3e0870b2e3345462\COMCTL32.dll
0x00007fff9be80000 - 0x00007fff9bfab000 	C:\WINDOWS\System32\gdi32full.dll
0x00007fff9e410000 - 0x00007fff9e4b9000 	C:\WINDOWS\System32\msvcrt.dll
0x00007fff9bc60000 - 0x00007fff9bd03000 	C:\WINDOWS\System32\msvcp_win.dll
0x00007fff9ca20000 - 0x00007fff9ca51000 	C:\WINDOWS\System32\IMM32.DLL
0x00007fff8c720000 - 0x00007fff8c72c000 	c:\Users\ajay2\.antigravity\extensions\redhat.java-1.52.0-win32-x64\jre\21.0.9-win32-x86_64\bin\vcruntime140_1.dll
0x00007fff5e4c0000 - 0x00007fff5e54d000 	c:\Users\ajay2\.antigravity\extensions\redhat.java-1.52.0-win32-x64\jre\21.0.9-win32-x86_64\bin\msvcp140.dll
0x00007ffeceaa0000 - 0x00007ffecf840000 	c:\Users\ajay2\.antigravity\extensions\redhat.java-1.52.0-win32-x64\jre\21.0.9-win32-x86_64\bin\server\jvm.dll
0x00007fff9e230000 - 0x00007fff9e2e4000 	C:\WINDOWS\System32\ADVAPI32.dll
0x00007fff9e4c0000 - 0x00007fff9e566000 	C:\WINDOWS\System32\sechost.dll
0x00007fff9e9b0000 - 0x00007fff9eac8000 	C:\WINDOWS\System32\RPCRT4.dll
0x00007fff9dec0000 - 0x00007fff9df34000 	C:\WINDOWS\System32\WS2_32.dll
0x00007fff8d2c0000 - 0x00007fff8d2f5000 	C:\WINDOWS\SYSTEM32\WINMM.dll
0x00007fff9b3c0000 - 0x00007fff9b41e000 	C:\WINDOWS\SYSTEM32\POWRPROF.dll
0x00007fff944f0000 - 0x00007fff944fb000 	C:\WINDOWS\SYSTEM32\VERSION.dll
0x00007fff9b3a0000 - 0x00007fff9b3b4000 	C:\WINDOWS\SYSTEM32\UMPDC.dll
0x00007fff9a300000 - 0x00007fff9a31b000 	C:\WINDOWS\SYSTEM32\kernel.appcore.dll
0x00007fff8c250000 - 0x00007fff8c25a000 	c:\Users\ajay2\.antigravity\extensions\redhat.java-1.52.0-win32-x64\jre\21.0.9-win32-x86_64\bin\jimage.dll
0x00007fff92190000 - 0x00007fff923d2000 	C:\WINDOWS\SYSTEM32\DBGHELP.DLL
0x00007fff9d3a0000 - 0x00007fff9d726000 	C:\WINDOWS\System32\combase.dll
0x00007fff9df40000 - 0x00007fff9e017000 	C:\WINDOWS\System32\OLEAUT32.dll
0x00007fff71570000 - 0x00007fff715ab000 	C:\WINDOWS\SYSTEM32\dbgcore.DLL
0x00007fff9c970000 - 0x00007fff9ca15000 	C:\WINDOWS\System32\bcryptPrimitives.dll
0x00007fff93aa0000 - 0x00007fff93aaf000 	c:\Users\ajay2\.antigravity\extensions\redhat.java-1.52.0-win32-x64\jre\21.0.9-win32-x86_64\bin\instrument.dll
0x00007fff5ffa0000 - 0x00007fff5ffc0000 	c:\Users\ajay2\.antigravity\extensions\redhat.java-1.52.0-win32-x64\jre\21.0.9-win32-x86_64\bin\java.dll
0x00007fff9d730000 - 0x00007fff9de82000 	C:\WINDOWS\System32\SHELL32.dll
0x00007fff9bd10000 - 0x00007fff9be7a000 	C:\WINDOWS\System32\wintypes.dll
0x00007fff9c100000 - 0x00007fff9c963000 	C:\WINDOWS\System32\windows.storage.dll
0x00007fff9e310000 - 0x00007fff9e406000 	C:\WINDOWS\System32\SHCORE.dll
0x00007fff9ca60000 - 0x00007fff9cac7000 	C:\WINDOWS\System32\shlwapi.dll
0x00007fff9b480000 - 0x00007fff9b4a9000 	C:\WINDOWS\SYSTEM32\profapi.dll
0x00007fff5ef00000 - 0x00007fff5ef18000 	c:\Users\ajay2\.antigravity\extensions\redhat.java-1.52.0-win32-x64\jre\21.0.9-win32-x86_64\bin\zip.dll
0x00007fff8c090000 - 0x00007fff8c0a0000 	C:\Users\ajay2\.antigravity\extensions\redhat.java-1.52.0-win32-x64\jre\21.0.9-win32-x86_64\bin\net.dll
0x00007fff941f0000 - 0x00007fff94317000 	C:\WINDOWS\SYSTEM32\WINHTTP.dll
0x00007fff9a870000 - 0x00007fff9a8db000 	C:\WINDOWS\system32\mswsock.dll
0x00007fff5eee0000 - 0x00007fff5eef6000 	C:\Users\ajay2\.antigravity\extensions\redhat.java-1.52.0-win32-x64\jre\21.0.9-win32-x86_64\bin\nio.dll
0x00007fff93a90000 - 0x00007fff93aa0000 	c:\Users\ajay2\.antigravity\extensions\redhat.java-1.52.0-win32-x64\jre\21.0.9-win32-x86_64\bin\verify.dll
0x00007fff5e0e0000 - 0x00007fff5e125000 	C:\Users\ajay2\AppData\Roaming\Antigravity\User\globalStorage\redhat.java\1.52.0\config_win\org.eclipse.equinox.launcher\org.eclipse.equinox.launcher.win32.win32.x86_64_1.2.1500.v20260121-1430\eclipse_11919.dll
0x00007fff9e090000 - 0x00007fff9e227000 	C:\WINDOWS\System32\ole32.dll
0x00007fff9ab40000 - 0x00007fff9ab5b000 	C:\WINDOWS\SYSTEM32\CRYPTSP.dll
0x00007fff9a260000 - 0x00007fff9a299000 	C:\WINDOWS\system32\rsaenh.dll
0x00007fff9a920000 - 0x00007fff9a94b000 	C:\WINDOWS\SYSTEM32\USERENV.dll
0x00007fff9b450000 - 0x00007fff9b47a000 	C:\WINDOWS\SYSTEM32\bcrypt.dll
0x00007fff9ab60000 - 0x00007fff9ab6c000 	C:\WINDOWS\SYSTEM32\CRYPTBASE.dll
0x00007fff99d70000 - 0x00007fff99da4000 	C:\WINDOWS\SYSTEM32\IPHLPAPI.DLL
0x00007fff9deb0000 - 0x00007fff9deba000 	C:\WINDOWS\System32\NSI.dll

JVMTI agents:
c:\Users\ajay2\.antigravity\extensions\redhat.java-1.52.0-win32-x64\lombok\lombok-1.18.39-4050.jar path:c:\Users\ajay2\.antigravity\extensions\redhat.java-1.52.0-win32-x64\jre\21.0.9-win32-x86_64\bin\instrument.dll, loaded, initialized, instrumentlib options:none

dbghelp: loaded successfully - version: 4.0.5 - missing functions: none
symbol engine: initialized successfully - sym options: 0x614 - pdb path: .;c:\Users\ajay2\.antigravity\extensions\redhat.java-1.52.0-win32-x64\jre\21.0.9-win32-x86_64\bin;C:\WINDOWS\SYSTEM32;C:\WINDOWS\WinSxS\amd64_microsoft.windows.common-controls_6595b64144ccf1df_6.0.26100.7824_none_3e0870b2e3345462;c:\Users\ajay2\.antigravity\extensions\redhat.java-1.52.0-win32-x64\jre\21.0.9-win32-x86_64\bin\server;C:\Users\ajay2\AppData\Roaming\Antigravity\User\globalStorage\redhat.java\1.52.0\config_win\org.eclipse.equinox.launcher\org.eclipse.equinox.launcher.win32.win32.x86_64_1.2.1500.v20260121-1430

VM Arguments:
jvm_args: --add-modules=ALL-SYSTEM --add-opens=java.base/java.util=ALL-UNNAMED --add-opens=java.base/java.lang=ALL-UNNAMED --add-opens=java.base/sun.nio.fs=ALL-UNNAMED -Declipse.application=org.eclipse.jdt.ls.core.id1 -Dosgi.bundles.defaultStartLevel=4 -Declipse.product=org.eclipse.jdt.ls.core.product -Djava.import.generatesMetadataFilesAtProjectRoot=false -DDetectVMInstallationsJob.disabled=true -Dfile.encoding=utf8 -XX:+UseParallelGC -XX:GCTimeRatio=4 -XX:AdaptiveSizePolicyWeight=90 -Dsun.zip.disableMemoryMapping=true -Xmx2G -Xms100m -Xlog:disable -javaagent:c:\Users\ajay2\.antigravity\extensions\redhat.java-1.52.0-win32-x64\lombok\lombok-1.18.39-4050.jar -XX:+HeapDumpOnOutOfMemoryError -XX:HeapDumpPath=c:\Users\ajay2\AppData\Roaming\Antigravity\User\workspaceStorage\4be7e5e65e2b3b0b3c1b3c934486c54e\redhat.java -Daether.dependencyCollector.impl=bf 
java_command: c:\Users\ajay2\.antigravity\extensions\redhat.java-1.52.0-win32-x64\server\plugins\org.eclipse.equinox.launcher_1.7.100.v20251111-0406.jar -configuration c:\Users\ajay2\AppData\Roaming\Antigravity\User\globalStorage\redhat.java\1.52.0\config_win -data c:\Users\ajay2\AppData\Roaming\Antigravity\User\workspaceStorage\4be7e5e65e2b3b0b3c1b3c934486c54e\redhat.java\jdt_ws --pipe=\\.\pipe\lsp-c9066e8c1cd160a626bf23aa189cb69b-sock
java_class_path (initial): c:\Users\ajay2\.antigravity\extensions\redhat.java-1.52.0-win32-x64\server\plugins\org.eclipse.equinox.launcher_1.7.100.v20251111-0406.jar
Launcher Type: SUN_STANDARD

[Global flags]
    uintx AdaptiveSizePolicyWeight                 = 90                                        {product} {command line}
     intx CICompilerCount                          = 4                                         {product} {ergonomic}
    uintx GCTimeRatio                              = 4                                         {product} {command line}
     bool HeapDumpOnOutOfMemoryError               = true                                   {manageable} {command line}
    ccstr HeapDumpPath                             = c:\Users\ajay2\AppData\Roaming\Antigravity\User\workspaceStorage\4be7e5e65e2b3b0b3c1b3c934486c54e\redhat.java         {manageable} {command line}
   size_t InitialHeapSize                          = 104857600                                 {product} {command line}
   size_t MaxHeapSize                              = 2147483648                                {product} {command line}
   size_t MaxNewSize                               = 715653120                                 {product} {ergonomic}
   size_t MinHeapDeltaBytes                        = 524288                                    {product} {ergonomic}
   size_t MinHeapSize                              = 104857600                                 {product} {command line}
   size_t NewSize                                  = 34603008                                  {product} {ergonomic}
    uintx NonNMethodCodeHeapSize                   = 5839372                                {pd product} {ergonomic}
    uintx NonProfiledCodeHeapSize                  = 122909434                              {pd product} {ergonomic}
   size_t OldSize                                  = 70254592                                  {product} {ergonomic}
    uintx ProfiledCodeHeapSize                     = 122909434                              {pd product} {ergonomic}
    uintx ReservedCodeCacheSize                    = 251658240                              {pd product} {ergonomic}
     bool SegmentedCodeCache                       = true                                      {product} {ergonomic}
   size_t SoftMaxHeapSize                          = 2147483648                             {manageable} {ergonomic}
     bool UseCompressedOops                        = true                           {product lp64_product} {ergonomic}
     bool UseLargePagesIndividualAllocation        = false                                  {pd product} {ergonomic}
     bool UseParallelGC                            = true                                      {product} {command line}

Logging:
Log output configuration:
 #0: stdout all=off uptime,level,tags foldmultilines=false
 #1: stderr all=off uptime,level,tags foldmultilines=false

Release file:
JAVA_VERSION="21.0.9" 
MODULES="java.base java.compiler java.datatransfer java.xml java.prefs java.desktop java.instrument java.logging java.management java.security.sasl java.naming java.rmi java.management.rmi java.net.http java.scripting java.security.jgss java.transaction.xa java.sql java.sql.rowset java.xml.crypto java.se java.smartcardio jdk.accessibility jdk.internal.jvmstat jdk.attach jdk.charsets jdk.internal.opt jdk.zipfs jdk.compiler jdk.crypto.ec jdk.crypto.cryptoki jdk.crypto.mscapi jdk.dynalink jdk.internal.ed jdk.editpad jdk.hotspot.agent jdk.httpserver jdk.internal.le jdk.internal.vm.ci jdk.internal.vm.compiler jdk.internal.vm.compiler.management jdk.jartool jdk.javadoc jdk.jcmd jdk.management jdk.management.agent jdk.jconsole jdk.jdeps jdk.jdwp.agent jdk.jdi jdk.jfr jdk.jshell jdk.jsobject jdk.jstatd jdk.localedata jdk.management.jfr jdk.naming.dns jdk.naming.rmi jdk.net jdk.nio.mapmode jdk.random jdk.sctp jdk.security.auth jdk.security.jgss jdk.unsupported jdk.unsupported.desktop jdk.xml.dom" 

Environment Variables:
JAVA_HOME=C:\Program Files\Eclipse Adoptium\jdk-17.0.17.10-hotspot
PATH=C:\Program Files\Eclipse Adoptium\jdk-17.0.17.10-hotspot\bin;C:\WINDOWS\system32;C:\WINDOWS;C:\WINDOWS\System32\Wbem;C:\WINDOWS\System32\WindowsPowerShell\v1.0\;C:\WINDOWS\System32\OpenSSH\;C:\Program Files (x86)\NVIDIA Corporation\PhysX\Common;C:\Program Files\NVIDIA Corporation\NVIDIA NvDLISR;C:\Program Files\dotnet\;C:\Program Files\nodejs\;C:\Program Files\Android\Android Studio\jbr\bin;C:\Users\ajay2\AppData\Local\Android\Sdk\platform-tools;C:\Program Files\Git\cmd;C:\Program Files\cursor\resources\app\bin;C:\Users\ajay2\AppData\Local\Android\Sdk\tools;C:\Users\ajay2\AppData\Local\Android\Sdk\platform-tools;C:\Users\ajay2\AppData\Local\Android\Sdk\emulator;C:\Users\ajay2\AppData\Local\Android\Sdk\cmdline-tools\latest\bin;C:\Program Files\Eclipse Adoptium\jdk-17.0.17.10-hotspot\bin;C:\WINDOWS\system32;C:\WINDOWS;C:\WINDOWS\System32\Wbem;C:\WINDOWS\System32\WindowsPowerShell\v1.0\;C:\WINDOWS\System32\OpenSSH\;C:\Program Files (x86)\NVIDIA Corporation\PhysX\Common;C:\Program Files\NVIDIA Corporation\NVIDIA NvDLISR;C:\Program Files\dotnet\;C:\Program Files\nodejs\;C:\Program Files\Android\Android Studio\jbr\bin;C:\Users\ajay2\AppData\Local\Android\Sdk\platform-tools;C:\Program Files\Git\cmd;C:\Users\ajay2\AppData\Local\Android\Sdk\emulator;C:\Users\ajay2\AppData\Local\Android\Sdk\cmdline-tools\latest\bin;C:\Users\ajay;C:\Users\ajay2\AppData\Local\Programs\Microsoft VS Code\bin;C:\Users\ajay2\AppData\Local\Programs\Antigravity\bin
USERNAME=ajay2
OS=Windows_NT
PROCESSOR_IDENTIFIER=AMD64 Family 25 Model 68 Stepping 1, AuthenticAMD
TMP=C:\Users\ajay2\AppData\Local\Temp
TEMP=C:\Users\ajay2\AppData\Local\Temp




Periodic native trim disabled

---------------  S Y S T E M  ---------------

OS:
 Windows 11 , 64 bit Build 26100 (10.0.26100.7705)
OS uptime: 1 days 1:29 hours

CPU: total 12 (initial active 12) (12 cores per cpu, 2 threads per core) family 25 model 68 stepping 1 microcode 0xa404107, cx8, cmov, fxsr, ht, mmx, 3dnowpref, sse, sse2, sse3, ssse3, sse4a, sse4.1, sse4.2, popcnt, lzcnt, tsc, tscinvbit, avx, avx2, aes, erms, clmul, bmi1, bmi2, adx, sha, fma, vzeroupper, clflush, clflushopt, rdtscp, rdpid, fsrm, f16c, pku, cet_ss
Processor Information for processor 0
  Max Mhz: 3301, Current Mhz: 3301, Mhz Limit: 3301
Processor Information for processor 1
  Max Mhz: 3301, Current Mhz: 2635, Mhz Limit: 3301
Processor Information for processor 2
  Max Mhz: 3301, Current Mhz: 3301, Mhz Limit: 3301
Processor Information for processor 3
  Max Mhz: 3301, Current Mhz: 2635, Mhz Limit: 3301
Processor Information for processor 4
  Max Mhz: 3301, Current Mhz: 3301, Mhz Limit: 3301
Processor Information for processor 5
  Max Mhz: 3301, Current Mhz: 2635, Mhz Limit: 3301
Processor Information for processor 6
  Max Mhz: 3301, Current Mhz: 3301, Mhz Limit: 3301
Processor Information for processor 7
  Max Mhz: 3301, Current Mhz: 2635, Mhz Limit: 3301
Processor Information for processor 8
  Max Mhz: 3301, Current Mhz: 3301, Mhz Limit: 3301
Processor Information for processor 9
  Max Mhz: 3301, Current Mhz: 3301, Mhz Limit: 3301
Processor Information for processor 10
  Max Mhz: 3301, Current Mhz: 2635, Mhz Limit: 3301
Processor Information for processor 11
  Max Mhz: 3301, Current Mhz: 2635, Mhz Limit: 3301

Memory: 4k page, system-wide physical 7498M (452M free)
TotalPageFile size 30026M (AvailPageFile size 11M)
current process WorkingSet (physical memory assigned to process): 147M, peak: 152M
current process commit charge ("private bytes"): 295M, peak: 298M

vm_info: OpenJDK 64-Bit Server VM (21.0.9+10-LTS) for windows-amd64 JRE (21.0.9+10-LTS), built on 2025-10-21T00:00:00Z by "admin" with unknown MS VC++:1942

END.
